
*** Running vivado
    with args -log Top.vds -m64 -product Vivado -mode batch -messageDb vivado.pb -notrace -source Top.tcl



****** Vivado v2025.2 (64-bit)
  **** SW Build 6299465 on Fri Nov 14 19:35:11 GMT 2025
  **** IP Build 6300035 on Fri Nov 14 10:48:45 MST 2025
  **** SharedData Build 6298862 on Thu Nov 13 04:50:51 MST 2025
  **** Start of session at: Fri Mar 27 22:53:08 2026
    ** Copyright 1986-2022 Xilinx, Inc. All Rights Reserved.
    ** Copyright 2022-2025 Advanced Micro Devices, Inc. All Rights Reserved.

source Top.tcl -notrace
Command: read_checkpoint -auto_incremental -incremental C:/Users/lehar/OneDrive/Documents/GitHub/Runge-Kutta-45/RK45/RK45.srcs/utils_1/imports/synth_1/Top_TB.dcp
INFO: [Vivado 12-5825] Read reference checkpoint from C:/Users/lehar/OneDrive/Documents/GitHub/Runge-Kutta-45/RK45/RK45.srcs/utils_1/imports/synth_1/Top_TB.dcp for incremental synthesis
INFO: [Vivado 12-7989] Please ensure there are no constraint changes
Command: synth_design -top Top -part xc7a35tftg256-1
Starting synth_design
Attempting to get a license for feature 'Synthesis' and/or device 'xc7a35t'
INFO: [Common 17-349] Got license for feature 'Synthesis' and/or device 'xc7a35t'
INFO: [Device 21-403] Loading part xc7a35tftg256-1
INFO: [Designutils 20-5440] No compile time benefit to using incremental synthesis; A full resynthesis will be run
INFO: [Designutils 20-4379] Flow is switching to default flow due to incremental criteria not met. If you would like to alter this behaviour and have the flow terminate instead, please set the following parameter config_implementation {autoIncr.Synth.RejectBehavior Terminate}
INFO: [Synth 8-7079] Multithreading enabled for synth_design using a maximum of 2 processes.
INFO: [Synth 8-7078] Launching helper process for spawning children vivado processes
INFO: [Synth 8-7075] Helper process launched with PID 30228
---------------------------------------------------------------------------------
Starting RTL Elaboration : Time (s): cpu = 00:00:04 ; elapsed = 00:00:05 . Memory (MB): peak = 1273.109 ; gain = 541.531
---------------------------------------------------------------------------------
INFO: [Synth 8-638] synthesizing module 'Top' [C:/Users/lehar/OneDrive/Documents/GitHub/Runge-Kutta-45/RK45/RK45.srcs/sources_1/imports/RK4/Top.vhd:47]
INFO: [Synth 8-3491] module 'Mem' declared at 'C:/Users/lehar/OneDrive/Documents/GitHub/Runge-Kutta-45/RK45/RK45.srcs/sources_1/imports/RK4/Mem.vhd:35' bound to instance 'uut1' of component 'Mem' [C:/Users/lehar/OneDrive/Documents/GitHub/Runge-Kutta-45/RK45/RK45.srcs/sources_1/imports/RK4/Top.vhd:127]
INFO: [Synth 8-638] synthesizing module 'Mem' [C:/Users/lehar/OneDrive/Documents/GitHub/Runge-Kutta-45/RK45/RK45.srcs/sources_1/imports/RK4/Mem.vhd:53]
INFO: [Synth 8-256] done synthesizing module 'Mem' (0#1) [C:/Users/lehar/OneDrive/Documents/GitHub/Runge-Kutta-45/RK45/RK45.srcs/sources_1/imports/RK4/Mem.vhd:53]
INFO: [Synth 8-3491] module 'reg' declared at 'C:/Users/lehar/OneDrive/Documents/GitHub/Runge-Kutta-45/RK45/RK45.srcs/sources_1/imports/RK4/reg.vhd:35' bound to instance 'uut2' of component 'reg' [C:/Users/lehar/OneDrive/Documents/GitHub/Runge-Kutta-45/RK45/RK45.srcs/sources_1/imports/RK4/Top.vhd:145]
INFO: [Synth 8-638] synthesizing module '\reg ' [C:/Users/lehar/OneDrive/Documents/GitHub/Runge-Kutta-45/RK45/RK45.srcs/sources_1/imports/RK4/reg.vhd:61]
INFO: [Synth 8-256] done synthesizing module '\reg ' (0#1) [C:/Users/lehar/OneDrive/Documents/GitHub/Runge-Kutta-45/RK45/RK45.srcs/sources_1/imports/RK4/reg.vhd:61]
INFO: [Synth 8-3491] module 'Control' declared at 'C:/Users/lehar/OneDrive/Documents/GitHub/Runge-Kutta-45/RK45/RK45.srcs/sources_1/imports/RK4/Control.vhd:36' bound to instance 'uut3' of component 'Control' [C:/Users/lehar/OneDrive/Documents/GitHub/Runge-Kutta-45/RK45/RK45.srcs/sources_1/imports/RK4/Top.vhd:152]
INFO: [Synth 8-638] synthesizing module 'Control' [C:/Users/lehar/OneDrive/Documents/GitHub/Runge-Kutta-45/RK45/RK45.srcs/sources_1/imports/RK4/Control.vhd:47]
WARNING: [Synth 8-614] signal 'addr1' is read in the process but is not in the sensitivity list [C:/Users/lehar/OneDrive/Documents/GitHub/Runge-Kutta-45/RK45/RK45.srcs/sources_1/imports/RK4/Control.vhd:65]
INFO: [Synth 8-256] done synthesizing module 'Control' (0#1) [C:/Users/lehar/OneDrive/Documents/GitHub/Runge-Kutta-45/RK45/RK45.srcs/sources_1/imports/RK4/Control.vhd:47]
INFO: [Synth 8-3491] module 'RKMod1' declared at 'C:/Users/lehar/OneDrive/Documents/GitHub/Runge-Kutta-45/RK45/RK45.srcs/sources_1/imports/RK4/RKMod1.vhd:36' bound to instance 'uut4' of component 'RKMod1' [C:/Users/lehar/OneDrive/Documents/GitHub/Runge-Kutta-45/RK45/RK45.srcs/sources_1/imports/RK4/Top.vhd:160]
INFO: [Synth 8-638] synthesizing module 'RKMod1' [C:/Users/lehar/OneDrive/Documents/GitHub/Runge-Kutta-45/RK45/RK45.srcs/sources_1/imports/RK4/RKMod1.vhd:50]
INFO: [Synth 8-3491] module 'k_block' declared at 'C:/Users/lehar/OneDrive/Documents/GitHub/Runge-Kutta-45/RK45/RK45.srcs/sources_1/imports/RK4/k_block.vhd:33' bound to instance 'uut' of component 'k_block' [C:/Users/lehar/OneDrive/Documents/GitHub/Runge-Kutta-45/RK45/RK45.srcs/sources_1/imports/RK4/RKMod1.vhd:153]
INFO: [Synth 8-638] synthesizing module 'k_block' [C:/Users/lehar/OneDrive/Documents/GitHub/Runge-Kutta-45/RK45/RK45.srcs/sources_1/imports/RK4/k_block.vhd:47]
INFO: [Synth 8-3491] module 'func' declared at 'C:/Users/lehar/OneDrive/Documents/GitHub/Runge-Kutta-45/RK45/RK45.srcs/sources_1/imports/RK4/func.vhd:33' bound to instance 'f1' of component 'func' [C:/Users/lehar/OneDrive/Documents/GitHub/Runge-Kutta-45/RK45/RK45.srcs/sources_1/imports/RK4/k_block.vhd:129]
INFO: [Synth 8-638] synthesizing module 'func' [C:/Users/lehar/OneDrive/Documents/GitHub/Runge-Kutta-45/RK45/RK45.srcs/sources_1/imports/RK4/func.vhd:46]
WARNING: [Synth 8-5640] Port 'm_axis_result_tready' is missing in component declaration [C:/Users/lehar/OneDrive/Documents/GitHub/Runge-Kutta-45/RK45/RK45.srcs/sources_1/imports/RK4/func.vhd:47]
INFO: [Synth 8-3491] module 'fpu_add' declared at 'c:/Users/lehar/OneDrive/Documents/GitHub/Runge-Kutta-45/RK45/RK45.gen/sources_1/ip/fpu_add/synth/fpu_add.vhd:59' bound to instance 'uut' of component 'fpu_add' [C:/Users/lehar/OneDrive/Documents/GitHub/Runge-Kutta-45/RK45/RK45.srcs/sources_1/imports/RK4/func.vhd:108]
INFO: [Synth 8-638] synthesizing module 'fpu_add' [c:/Users/lehar/OneDrive/Documents/GitHub/Runge-Kutta-45/RK45/RK45.gen/sources_1/ip/fpu_add/synth/fpu_add.vhd:74]
	Parameter C_XDEVICEFAMILY bound to: artix7 - type: string 
	Parameter C_PART bound to: xc7a35tftg256-1 - type: string 
	Parameter C_HAS_ADD bound to: 1 - type: integer 
	Parameter C_HAS_SUBTRACT bound to: 0 - type: integer 
	Parameter C_HAS_MULTIPLY bound to: 0 - type: integer 
	Parameter C_HAS_DIVIDE bound to: 0 - type: integer 
	Parameter C_HAS_SQRT bound to: 0 - type: integer 
	Parameter C_HAS_COMPARE bound to: 0 - type: integer 
	Parameter C_HAS_FIX_TO_FLT bound to: 0 - type: integer 
	Parameter C_HAS_FLT_TO_FIX bound to: 0 - type: integer 
	Parameter C_HAS_FLT_TO_FLT bound to: 0 - type: integer 
	Parameter C_HAS_RECIP bound to: 0 - type: integer 
	Parameter C_HAS_RECIP_SQRT bound to: 0 - type: integer 
	Parameter C_HAS_ABSOLUTE bound to: 0 - type: integer 
	Parameter C_HAS_LOGARITHM bound to: 0 - type: integer 
	Parameter C_HAS_EXPONENTIAL bound to: 0 - type: integer 
	Parameter C_HAS_FMA bound to: 0 - type: integer 
	Parameter C_HAS_FMS bound to: 0 - type: integer 
	Parameter C_HAS_UNFUSED_MULTIPLY_ADD bound to: 0 - type: integer 
	Parameter C_HAS_UNFUSED_MULTIPLY_SUB bound to: 0 - type: integer 
	Parameter C_HAS_UNFUSED_MULTIPLY_ACCUMULATOR_A bound to: 0 - type: integer 
	Parameter C_HAS_UNFUSED_MULTIPLY_ACCUMULATOR_S bound to: 0 - type: integer 
	Parameter C_HAS_ACCUMULATOR_A bound to: 0 - type: integer 
	Parameter C_HAS_ACCUMULATOR_S bound to: 0 - type: integer 
	Parameter C_HAS_ACCUMULATOR_PRIMITIVE_A bound to: 0 - type: integer 
	Parameter C_HAS_ACCUMULATOR_PRIMITIVE_S bound to: 0 - type: integer 
	Parameter C_A_WIDTH bound to: 32 - type: integer 
	Parameter C_A_FRACTION_WIDTH bound to: 24 - type: integer 
	Parameter C_B_WIDTH bound to: 32 - type: integer 
	Parameter C_B_FRACTION_WIDTH bound to: 24 - type: integer 
	Parameter C_C_WIDTH bound to: 32 - type: integer 
	Parameter C_C_FRACTION_WIDTH bound to: 24 - type: integer 
	Parameter C_RESULT_WIDTH bound to: 32 - type: integer 
	Parameter C_RESULT_FRACTION_WIDTH bound to: 24 - type: integer 
	Parameter C_COMPARE_OPERATION bound to: 8 - type: integer 
	Parameter C_LATENCY bound to: 12 - type: integer 
	Parameter C_OPTIMIZATION bound to: 1 - type: integer 
	Parameter C_MULT_USAGE bound to: 2 - type: integer 
	Parameter C_BRAM_USAGE bound to: 0 - type: integer 
	Parameter C_RATE bound to: 1 - type: integer 
	Parameter C_ACCUM_INPUT_MSB bound to: 32 - type: integer 
	Parameter C_ACCUM_MSB bound to: 32 - type: integer 
	Parameter C_ACCUM_LSB bound to: -31 - type: integer 
	Parameter C_HAS_UNDERFLOW bound to: 0 - type: integer 
	Parameter C_HAS_OVERFLOW bound to: 0 - type: integer 
	Parameter C_HAS_INVALID_OP bound to: 0 - type: integer 
	Parameter C_HAS_DIVIDE_BY_ZERO bound to: 0 - type: integer 
	Parameter C_HAS_ACCUM_OVERFLOW bound to: 0 - type: integer 
	Parameter C_HAS_ACCUM_INPUT_OVERFLOW bound to: 0 - type: integer 
	Parameter C_HAS_ACLKEN bound to: 0 - type: integer 
	Parameter C_HAS_ARESETN bound to: 0 - type: integer 
	Parameter C_THROTTLE_SCHEME bound to: 1 - type: integer 
	Parameter C_HAS_A_TUSER bound to: 0 - type: integer 
	Parameter C_HAS_A_TLAST bound to: 0 - type: integer 
	Parameter C_HAS_B bound to: 1 - type: integer 
	Parameter C_HAS_B_TUSER bound to: 0 - type: integer 
	Parameter C_HAS_B_TLAST bound to: 0 - type: integer 
	Parameter C_HAS_C bound to: 0 - type: integer 
	Parameter C_HAS_C_TUSER bound to: 0 - type: integer 
	Parameter C_HAS_C_TLAST bound to: 0 - type: integer 
	Parameter C_HAS_OPERATION bound to: 0 - type: integer 
	Parameter C_HAS_OPERATION_TUSER bound to: 0 - type: integer 
	Parameter C_HAS_OPERATION_TLAST bound to: 0 - type: integer 
	Parameter C_HAS_RESULT_TUSER bound to: 0 - type: integer 
	Parameter C_HAS_RESULT_TLAST bound to: 0 - type: integer 
	Parameter C_TLAST_RESOLUTION bound to: 0 - type: integer 
	Parameter C_A_TDATA_WIDTH bound to: 32 - type: integer 
	Parameter C_A_TUSER_WIDTH bound to: 1 - type: integer 
	Parameter C_B_TDATA_WIDTH bound to: 32 - type: integer 
	Parameter C_B_TUSER_WIDTH bound to: 1 - type: integer 
	Parameter C_C_TDATA_WIDTH bound to: 32 - type: integer 
	Parameter C_C_TUSER_WIDTH bound to: 1 - type: integer 
	Parameter C_OPERATION_TDATA_WIDTH bound to: 8 - type: integer 
	Parameter C_OPERATION_TUSER_WIDTH bound to: 1 - type: integer 
	Parameter C_RESULT_TDATA_WIDTH bound to: 32 - type: integer 
	Parameter C_RESULT_TUSER_WIDTH bound to: 1 - type: integer 
	Parameter C_FIXED_DATA_UNSIGNED bound to: 0 - type: integer 
INFO: [Synth 8-3491] module 'floating_point_v7_1_21' declared at 'c:/Users/lehar/OneDrive/Documents/GitHub/Runge-Kutta-45/RK45/RK45.gen/sources_1/ip/fpu_add/hdl/floating_point_v7_1_vh_rfs.vhd:93266' bound to instance 'U0' of component 'floating_point_v7_1_21' [c:/Users/lehar/OneDrive/Documents/GitHub/Runge-Kutta-45/RK45/RK45.gen/sources_1/ip/fpu_add/synth/fpu_add.vhd:219]
INFO: [Synth 8-256] done synthesizing module 'fpu_add' (0#1) [c:/Users/lehar/OneDrive/Documents/GitHub/Runge-Kutta-45/RK45/RK45.gen/sources_1/ip/fpu_add/synth/fpu_add.vhd:74]
WARNING: [Synth 8-5640] Port 'm_axis_result_tready' is missing in component declaration [C:/Users/lehar/OneDrive/Documents/GitHub/Runge-Kutta-45/RK45/RK45.srcs/sources_1/imports/RK4/func.vhd:61]
INFO: [Synth 8-3491] module 'fpu_sub' declared at 'c:/Users/lehar/OneDrive/Documents/GitHub/Runge-Kutta-45/RK45/RK45.gen/sources_1/ip/fpu_sub/synth/fpu_sub.vhd:59' bound to instance 'uut1' of component 'fpu_sub' [C:/Users/lehar/OneDrive/Documents/GitHub/Runge-Kutta-45/RK45/RK45.srcs/sources_1/imports/RK4/func.vhd:122]
INFO: [Synth 8-638] synthesizing module 'fpu_sub' [c:/Users/lehar/OneDrive/Documents/GitHub/Runge-Kutta-45/RK45/RK45.gen/sources_1/ip/fpu_sub/synth/fpu_sub.vhd:74]
	Parameter C_XDEVICEFAMILY bound to: artix7 - type: string 
	Parameter C_PART bound to: xc7a35tftg256-1 - type: string 
	Parameter C_HAS_ADD bound to: 0 - type: integer 
	Parameter C_HAS_SUBTRACT bound to: 1 - type: integer 
	Parameter C_HAS_MULTIPLY bound to: 0 - type: integer 
	Parameter C_HAS_DIVIDE bound to: 0 - type: integer 
	Parameter C_HAS_SQRT bound to: 0 - type: integer 
	Parameter C_HAS_COMPARE bound to: 0 - type: integer 
	Parameter C_HAS_FIX_TO_FLT bound to: 0 - type: integer 
	Parameter C_HAS_FLT_TO_FIX bound to: 0 - type: integer 
	Parameter C_HAS_FLT_TO_FLT bound to: 0 - type: integer 
	Parameter C_HAS_RECIP bound to: 0 - type: integer 
	Parameter C_HAS_RECIP_SQRT bound to: 0 - type: integer 
	Parameter C_HAS_ABSOLUTE bound to: 0 - type: integer 
	Parameter C_HAS_LOGARITHM bound to: 0 - type: integer 
	Parameter C_HAS_EXPONENTIAL bound to: 0 - type: integer 
	Parameter C_HAS_FMA bound to: 0 - type: integer 
	Parameter C_HAS_FMS bound to: 0 - type: integer 
	Parameter C_HAS_UNFUSED_MULTIPLY_ADD bound to: 0 - type: integer 
	Parameter C_HAS_UNFUSED_MULTIPLY_SUB bound to: 0 - type: integer 
	Parameter C_HAS_UNFUSED_MULTIPLY_ACCUMULATOR_A bound to: 0 - type: integer 
	Parameter C_HAS_UNFUSED_MULTIPLY_ACCUMULATOR_S bound to: 0 - type: integer 
	Parameter C_HAS_ACCUMULATOR_A bound to: 0 - type: integer 
	Parameter C_HAS_ACCUMULATOR_S bound to: 0 - type: integer 
	Parameter C_HAS_ACCUMULATOR_PRIMITIVE_A bound to: 0 - type: integer 
	Parameter C_HAS_ACCUMULATOR_PRIMITIVE_S bound to: 0 - type: integer 
	Parameter C_A_WIDTH bound to: 32 - type: integer 
	Parameter C_A_FRACTION_WIDTH bound to: 24 - type: integer 
	Parameter C_B_WIDTH bound to: 32 - type: integer 
	Parameter C_B_FRACTION_WIDTH bound to: 24 - type: integer 
	Parameter C_C_WIDTH bound to: 32 - type: integer 
	Parameter C_C_FRACTION_WIDTH bound to: 24 - type: integer 
	Parameter C_RESULT_WIDTH bound to: 32 - type: integer 
	Parameter C_RESULT_FRACTION_WIDTH bound to: 24 - type: integer 
	Parameter C_COMPARE_OPERATION bound to: 8 - type: integer 
	Parameter C_LATENCY bound to: 12 - type: integer 
	Parameter C_OPTIMIZATION bound to: 1 - type: integer 
	Parameter C_MULT_USAGE bound to: 2 - type: integer 
	Parameter C_BRAM_USAGE bound to: 0 - type: integer 
	Parameter C_RATE bound to: 1 - type: integer 
	Parameter C_ACCUM_INPUT_MSB bound to: 32 - type: integer 
	Parameter C_ACCUM_MSB bound to: 32 - type: integer 
	Parameter C_ACCUM_LSB bound to: -31 - type: integer 
	Parameter C_HAS_UNDERFLOW bound to: 0 - type: integer 
	Parameter C_HAS_OVERFLOW bound to: 0 - type: integer 
	Parameter C_HAS_INVALID_OP bound to: 0 - type: integer 
	Parameter C_HAS_DIVIDE_BY_ZERO bound to: 0 - type: integer 
	Parameter C_HAS_ACCUM_OVERFLOW bound to: 0 - type: integer 
	Parameter C_HAS_ACCUM_INPUT_OVERFLOW bound to: 0 - type: integer 
	Parameter C_HAS_ACLKEN bound to: 0 - type: integer 
	Parameter C_HAS_ARESETN bound to: 0 - type: integer 
	Parameter C_THROTTLE_SCHEME bound to: 1 - type: integer 
	Parameter C_HAS_A_TUSER bound to: 0 - type: integer 
	Parameter C_HAS_A_TLAST bound to: 0 - type: integer 
	Parameter C_HAS_B bound to: 1 - type: integer 
	Parameter C_HAS_B_TUSER bound to: 0 - type: integer 
	Parameter C_HAS_B_TLAST bound to: 0 - type: integer 
	Parameter C_HAS_C bound to: 0 - type: integer 
	Parameter C_HAS_C_TUSER bound to: 0 - type: integer 
	Parameter C_HAS_C_TLAST bound to: 0 - type: integer 
	Parameter C_HAS_OPERATION bound to: 0 - type: integer 
	Parameter C_HAS_OPERATION_TUSER bound to: 0 - type: integer 
	Parameter C_HAS_OPERATION_TLAST bound to: 0 - type: integer 
	Parameter C_HAS_RESULT_TUSER bound to: 0 - type: integer 
	Parameter C_HAS_RESULT_TLAST bound to: 0 - type: integer 
	Parameter C_TLAST_RESOLUTION bound to: 0 - type: integer 
	Parameter C_A_TDATA_WIDTH bound to: 32 - type: integer 
	Parameter C_A_TUSER_WIDTH bound to: 1 - type: integer 
	Parameter C_B_TDATA_WIDTH bound to: 32 - type: integer 
	Parameter C_B_TUSER_WIDTH bound to: 1 - type: integer 
	Parameter C_C_TDATA_WIDTH bound to: 32 - type: integer 
	Parameter C_C_TUSER_WIDTH bound to: 1 - type: integer 
	Parameter C_OPERATION_TDATA_WIDTH bound to: 8 - type: integer 
	Parameter C_OPERATION_TUSER_WIDTH bound to: 1 - type: integer 
	Parameter C_RESULT_TDATA_WIDTH bound to: 32 - type: integer 
	Parameter C_RESULT_TUSER_WIDTH bound to: 1 - type: integer 
	Parameter C_FIXED_DATA_UNSIGNED bound to: 0 - type: integer 
INFO: [Synth 8-3491] module 'floating_point_v7_1_21' declared at 'c:/Users/lehar/OneDrive/Documents/GitHub/Runge-Kutta-45/RK45/RK45.gen/sources_1/ip/fpu_add/hdl/floating_point_v7_1_vh_rfs.vhd:93266' bound to instance 'U0' of component 'floating_point_v7_1_21' [c:/Users/lehar/OneDrive/Documents/GitHub/Runge-Kutta-45/RK45/RK45.gen/sources_1/ip/fpu_sub/synth/fpu_sub.vhd:219]
INFO: [Synth 8-256] done synthesizing module 'fpu_sub' (0#1) [c:/Users/lehar/OneDrive/Documents/GitHub/Runge-Kutta-45/RK45/RK45.gen/sources_1/ip/fpu_sub/synth/fpu_sub.vhd:74]
WARNING: [Synth 8-5640] Port 'm_axis_result_tready' is missing in component declaration [C:/Users/lehar/OneDrive/Documents/GitHub/Runge-Kutta-45/RK45/RK45.srcs/sources_1/imports/RK4/func.vhd:75]
INFO: [Synth 8-3491] module 'fpu_mul' declared at 'c:/Users/lehar/OneDrive/Documents/GitHub/Runge-Kutta-45/RK45/RK45.gen/sources_1/ip/fpu_mul/synth/fpu_mul.vhd:59' bound to instance 'uut2' of component 'fpu_mul' [C:/Users/lehar/OneDrive/Documents/GitHub/Runge-Kutta-45/RK45/RK45.srcs/sources_1/imports/RK4/func.vhd:135]
INFO: [Synth 8-638] synthesizing module 'fpu_mul' [c:/Users/lehar/OneDrive/Documents/GitHub/Runge-Kutta-45/RK45/RK45.gen/sources_1/ip/fpu_mul/synth/fpu_mul.vhd:74]
	Parameter C_XDEVICEFAMILY bound to: artix7 - type: string 
	Parameter C_PART bound to: xc7a35tftg256-1 - type: string 
	Parameter C_HAS_ADD bound to: 0 - type: integer 
	Parameter C_HAS_SUBTRACT bound to: 0 - type: integer 
	Parameter C_HAS_MULTIPLY bound to: 1 - type: integer 
	Parameter C_HAS_DIVIDE bound to: 0 - type: integer 
	Parameter C_HAS_SQRT bound to: 0 - type: integer 
	Parameter C_HAS_COMPARE bound to: 0 - type: integer 
	Parameter C_HAS_FIX_TO_FLT bound to: 0 - type: integer 
	Parameter C_HAS_FLT_TO_FIX bound to: 0 - type: integer 
	Parameter C_HAS_FLT_TO_FLT bound to: 0 - type: integer 
	Parameter C_HAS_RECIP bound to: 0 - type: integer 
	Parameter C_HAS_RECIP_SQRT bound to: 0 - type: integer 
	Parameter C_HAS_ABSOLUTE bound to: 0 - type: integer 
	Parameter C_HAS_LOGARITHM bound to: 0 - type: integer 
	Parameter C_HAS_EXPONENTIAL bound to: 0 - type: integer 
	Parameter C_HAS_FMA bound to: 0 - type: integer 
	Parameter C_HAS_FMS bound to: 0 - type: integer 
	Parameter C_HAS_UNFUSED_MULTIPLY_ADD bound to: 0 - type: integer 
	Parameter C_HAS_UNFUSED_MULTIPLY_SUB bound to: 0 - type: integer 
	Parameter C_HAS_UNFUSED_MULTIPLY_ACCUMULATOR_A bound to: 0 - type: integer 
	Parameter C_HAS_UNFUSED_MULTIPLY_ACCUMULATOR_S bound to: 0 - type: integer 
	Parameter C_HAS_ACCUMULATOR_A bound to: 0 - type: integer 
	Parameter C_HAS_ACCUMULATOR_S bound to: 0 - type: integer 
	Parameter C_HAS_ACCUMULATOR_PRIMITIVE_A bound to: 0 - type: integer 
	Parameter C_HAS_ACCUMULATOR_PRIMITIVE_S bound to: 0 - type: integer 
	Parameter C_A_WIDTH bound to: 32 - type: integer 
	Parameter C_A_FRACTION_WIDTH bound to: 24 - type: integer 
	Parameter C_B_WIDTH bound to: 32 - type: integer 
	Parameter C_B_FRACTION_WIDTH bound to: 24 - type: integer 
	Parameter C_C_WIDTH bound to: 32 - type: integer 
	Parameter C_C_FRACTION_WIDTH bound to: 24 - type: integer 
	Parameter C_RESULT_WIDTH bound to: 32 - type: integer 
	Parameter C_RESULT_FRACTION_WIDTH bound to: 24 - type: integer 
	Parameter C_COMPARE_OPERATION bound to: 8 - type: integer 
	Parameter C_LATENCY bound to: 9 - type: integer 
	Parameter C_OPTIMIZATION bound to: 1 - type: integer 
	Parameter C_MULT_USAGE bound to: 2 - type: integer 
	Parameter C_BRAM_USAGE bound to: 0 - type: integer 
	Parameter C_RATE bound to: 1 - type: integer 
	Parameter C_ACCUM_INPUT_MSB bound to: 32 - type: integer 
	Parameter C_ACCUM_MSB bound to: 32 - type: integer 
	Parameter C_ACCUM_LSB bound to: -31 - type: integer 
	Parameter C_HAS_UNDERFLOW bound to: 0 - type: integer 
	Parameter C_HAS_OVERFLOW bound to: 0 - type: integer 
	Parameter C_HAS_INVALID_OP bound to: 0 - type: integer 
	Parameter C_HAS_DIVIDE_BY_ZERO bound to: 0 - type: integer 
	Parameter C_HAS_ACCUM_OVERFLOW bound to: 0 - type: integer 
	Parameter C_HAS_ACCUM_INPUT_OVERFLOW bound to: 0 - type: integer 
	Parameter C_HAS_ACLKEN bound to: 0 - type: integer 
	Parameter C_HAS_ARESETN bound to: 0 - type: integer 
	Parameter C_THROTTLE_SCHEME bound to: 1 - type: integer 
	Parameter C_HAS_A_TUSER bound to: 0 - type: integer 
	Parameter C_HAS_A_TLAST bound to: 0 - type: integer 
	Parameter C_HAS_B bound to: 1 - type: integer 
	Parameter C_HAS_B_TUSER bound to: 0 - type: integer 
	Parameter C_HAS_B_TLAST bound to: 0 - type: integer 
	Parameter C_HAS_C bound to: 0 - type: integer 
	Parameter C_HAS_C_TUSER bound to: 0 - type: integer 
	Parameter C_HAS_C_TLAST bound to: 0 - type: integer 
	Parameter C_HAS_OPERATION bound to: 0 - type: integer 
	Parameter C_HAS_OPERATION_TUSER bound to: 0 - type: integer 
	Parameter C_HAS_OPERATION_TLAST bound to: 0 - type: integer 
	Parameter C_HAS_RESULT_TUSER bound to: 0 - type: integer 
	Parameter C_HAS_RESULT_TLAST bound to: 0 - type: integer 
	Parameter C_TLAST_RESOLUTION bound to: 0 - type: integer 
	Parameter C_A_TDATA_WIDTH bound to: 32 - type: integer 
	Parameter C_A_TUSER_WIDTH bound to: 1 - type: integer 
	Parameter C_B_TDATA_WIDTH bound to: 32 - type: integer 
	Parameter C_B_TUSER_WIDTH bound to: 1 - type: integer 
	Parameter C_C_TDATA_WIDTH bound to: 32 - type: integer 
	Parameter C_C_TUSER_WIDTH bound to: 1 - type: integer 
	Parameter C_OPERATION_TDATA_WIDTH bound to: 8 - type: integer 
	Parameter C_OPERATION_TUSER_WIDTH bound to: 1 - type: integer 
	Parameter C_RESULT_TDATA_WIDTH bound to: 32 - type: integer 
	Parameter C_RESULT_TUSER_WIDTH bound to: 1 - type: integer 
	Parameter C_FIXED_DATA_UNSIGNED bound to: 0 - type: integer 
INFO: [Synth 8-3491] module 'floating_point_v7_1_21' declared at 'c:/Users/lehar/OneDrive/Documents/GitHub/Runge-Kutta-45/RK45/RK45.gen/sources_1/ip/fpu_add/hdl/floating_point_v7_1_vh_rfs.vhd:93266' bound to instance 'U0' of component 'floating_point_v7_1_21' [c:/Users/lehar/OneDrive/Documents/GitHub/Runge-Kutta-45/RK45/RK45.gen/sources_1/ip/fpu_mul/synth/fpu_mul.vhd:219]
INFO: [Synth 8-256] done synthesizing module 'fpu_mul' (0#1) [c:/Users/lehar/OneDrive/Documents/GitHub/Runge-Kutta-45/RK45/RK45.gen/sources_1/ip/fpu_mul/synth/fpu_mul.vhd:74]
INFO: [Synth 8-256] done synthesizing module 'func' (0#1) [C:/Users/lehar/OneDrive/Documents/GitHub/Runge-Kutta-45/RK45/RK45.srcs/sources_1/imports/RK4/func.vhd:46]
WARNING: [Synth 8-5640] Port 'm_axis_result_tready' is missing in component declaration [C:/Users/lehar/OneDrive/Documents/GitHub/Runge-Kutta-45/RK45/RK45.srcs/sources_1/imports/RK4/k_block.vhd:58]
INFO: [Synth 8-3491] module 'fpu_add' declared at 'c:/Users/lehar/OneDrive/Documents/GitHub/Runge-Kutta-45/RK45/RK45.gen/sources_1/ip/fpu_add/synth/fpu_add.vhd:59' bound to instance 'uut1' of component 'fpu_add' [C:/Users/lehar/OneDrive/Documents/GitHub/Runge-Kutta-45/RK45/RK45.srcs/sources_1/imports/RK4/k_block.vhd:138]
WARNING: [Synth 8-5640] Port 'm_axis_result_tready' is missing in component declaration [C:/Users/lehar/OneDrive/Documents/GitHub/Runge-Kutta-45/RK45/RK45.srcs/sources_1/imports/RK4/k_block.vhd:72]
INFO: [Synth 8-3491] module 'fpu_fused' declared at 'c:/Users/lehar/OneDrive/Documents/GitHub/Runge-Kutta-45/RK45/RK45.gen/sources_1/ip/fpu_fused/synth/fpu_fused.vhd:59' bound to instance 'uut2' of component 'fpu_fused' [C:/Users/lehar/OneDrive/Documents/GitHub/Runge-Kutta-45/RK45/RK45.srcs/sources_1/imports/RK4/k_block.vhd:155]
INFO: [Synth 8-638] synthesizing module 'fpu_fused' [c:/Users/lehar/OneDrive/Documents/GitHub/Runge-Kutta-45/RK45/RK45.gen/sources_1/ip/fpu_fused/synth/fpu_fused.vhd:77]
	Parameter C_XDEVICEFAMILY bound to: artix7 - type: string 
	Parameter C_PART bound to: xc7a35tftg256-1 - type: string 
	Parameter C_HAS_ADD bound to: 0 - type: integer 
	Parameter C_HAS_SUBTRACT bound to: 0 - type: integer 
	Parameter C_HAS_MULTIPLY bound to: 0 - type: integer 
	Parameter C_HAS_DIVIDE bound to: 0 - type: integer 
	Parameter C_HAS_SQRT bound to: 0 - type: integer 
	Parameter C_HAS_COMPARE bound to: 0 - type: integer 
	Parameter C_HAS_FIX_TO_FLT bound to: 0 - type: integer 
	Parameter C_HAS_FLT_TO_FIX bound to: 0 - type: integer 
	Parameter C_HAS_FLT_TO_FLT bound to: 0 - type: integer 
	Parameter C_HAS_RECIP bound to: 0 - type: integer 
	Parameter C_HAS_RECIP_SQRT bound to: 0 - type: integer 
	Parameter C_HAS_ABSOLUTE bound to: 0 - type: integer 
	Parameter C_HAS_LOGARITHM bound to: 0 - type: integer 
	Parameter C_HAS_EXPONENTIAL bound to: 0 - type: integer 
	Parameter C_HAS_FMA bound to: 1 - type: integer 
	Parameter C_HAS_FMS bound to: 0 - type: integer 
	Parameter C_HAS_UNFUSED_MULTIPLY_ADD bound to: 0 - type: integer 
	Parameter C_HAS_UNFUSED_MULTIPLY_SUB bound to: 0 - type: integer 
	Parameter C_HAS_UNFUSED_MULTIPLY_ACCUMULATOR_A bound to: 0 - type: integer 
	Parameter C_HAS_UNFUSED_MULTIPLY_ACCUMULATOR_S bound to: 0 - type: integer 
	Parameter C_HAS_ACCUMULATOR_A bound to: 0 - type: integer 
	Parameter C_HAS_ACCUMULATOR_S bound to: 0 - type: integer 
	Parameter C_HAS_ACCUMULATOR_PRIMITIVE_A bound to: 0 - type: integer 
	Parameter C_HAS_ACCUMULATOR_PRIMITIVE_S bound to: 0 - type: integer 
	Parameter C_A_WIDTH bound to: 32 - type: integer 
	Parameter C_A_FRACTION_WIDTH bound to: 24 - type: integer 
	Parameter C_B_WIDTH bound to: 32 - type: integer 
	Parameter C_B_FRACTION_WIDTH bound to: 24 - type: integer 
	Parameter C_C_WIDTH bound to: 32 - type: integer 
	Parameter C_C_FRACTION_WIDTH bound to: 24 - type: integer 
	Parameter C_RESULT_WIDTH bound to: 32 - type: integer 
	Parameter C_RESULT_FRACTION_WIDTH bound to: 24 - type: integer 
	Parameter C_COMPARE_OPERATION bound to: 8 - type: integer 
	Parameter C_LATENCY bound to: 17 - type: integer 
	Parameter C_OPTIMIZATION bound to: 1 - type: integer 
	Parameter C_MULT_USAGE bound to: 1 - type: integer 
	Parameter C_BRAM_USAGE bound to: 0 - type: integer 
	Parameter C_RATE bound to: 1 - type: integer 
	Parameter C_ACCUM_INPUT_MSB bound to: 32 - type: integer 
	Parameter C_ACCUM_MSB bound to: 32 - type: integer 
	Parameter C_ACCUM_LSB bound to: -31 - type: integer 
	Parameter C_HAS_UNDERFLOW bound to: 0 - type: integer 
	Parameter C_HAS_OVERFLOW bound to: 0 - type: integer 
	Parameter C_HAS_INVALID_OP bound to: 0 - type: integer 
	Parameter C_HAS_DIVIDE_BY_ZERO bound to: 0 - type: integer 
	Parameter C_HAS_ACCUM_OVERFLOW bound to: 0 - type: integer 
	Parameter C_HAS_ACCUM_INPUT_OVERFLOW bound to: 0 - type: integer 
	Parameter C_HAS_ACLKEN bound to: 0 - type: integer 
	Parameter C_HAS_ARESETN bound to: 0 - type: integer 
	Parameter C_THROTTLE_SCHEME bound to: 1 - type: integer 
	Parameter C_HAS_A_TUSER bound to: 0 - type: integer 
	Parameter C_HAS_A_TLAST bound to: 0 - type: integer 
	Parameter C_HAS_B bound to: 1 - type: integer 
	Parameter C_HAS_B_TUSER bound to: 0 - type: integer 
	Parameter C_HAS_B_TLAST bound to: 0 - type: integer 
	Parameter C_HAS_C bound to: 1 - type: integer 
	Parameter C_HAS_C_TUSER bound to: 0 - type: integer 
	Parameter C_HAS_C_TLAST bound to: 0 - type: integer 
	Parameter C_HAS_OPERATION bound to: 0 - type: integer 
	Parameter C_HAS_OPERATION_TUSER bound to: 0 - type: integer 
	Parameter C_HAS_OPERATION_TLAST bound to: 0 - type: integer 
	Parameter C_HAS_RESULT_TUSER bound to: 0 - type: integer 
	Parameter C_HAS_RESULT_TLAST bound to: 0 - type: integer 
	Parameter C_TLAST_RESOLUTION bound to: 0 - type: integer 
	Parameter C_A_TDATA_WIDTH bound to: 32 - type: integer 
	Parameter C_A_TUSER_WIDTH bound to: 1 - type: integer 
	Parameter C_B_TDATA_WIDTH bound to: 32 - type: integer 
	Parameter C_B_TUSER_WIDTH bound to: 1 - type: integer 
	Parameter C_C_TDATA_WIDTH bound to: 32 - type: integer 
	Parameter C_C_TUSER_WIDTH bound to: 1 - type: integer 
	Parameter C_OPERATION_TDATA_WIDTH bound to: 8 - type: integer 
	Parameter C_OPERATION_TUSER_WIDTH bound to: 1 - type: integer 
	Parameter C_RESULT_TDATA_WIDTH bound to: 32 - type: integer 
	Parameter C_RESULT_TUSER_WIDTH bound to: 1 - type: integer 
	Parameter C_FIXED_DATA_UNSIGNED bound to: 0 - type: integer 
INFO: [Synth 8-3491] module 'floating_point_v7_1_21' declared at 'c:/Users/lehar/OneDrive/Documents/GitHub/Runge-Kutta-45/RK45/RK45.gen/sources_1/ip/fpu_add/hdl/floating_point_v7_1_vh_rfs.vhd:93266' bound to instance 'U0' of component 'floating_point_v7_1_21' [c:/Users/lehar/OneDrive/Documents/GitHub/Runge-Kutta-45/RK45/RK45.gen/sources_1/ip/fpu_fused/synth/fpu_fused.vhd:227]
INFO: [Synth 8-256] done synthesizing module 'fpu_fused' (0#1) [c:/Users/lehar/OneDrive/Documents/GitHub/Runge-Kutta-45/RK45/RK45.gen/sources_1/ip/fpu_fused/synth/fpu_fused.vhd:77]
INFO: [Synth 8-3491] module 'func' declared at 'C:/Users/lehar/OneDrive/Documents/GitHub/Runge-Kutta-45/RK45/RK45.srcs/sources_1/imports/RK4/func.vhd:33' bound to instance 'f2' of component 'func' [C:/Users/lehar/OneDrive/Documents/GitHub/Runge-Kutta-45/RK45/RK45.srcs/sources_1/imports/RK4/k_block.vhd:173]
WARNING: [Synth 8-5640] Port 'm_axis_result_tready' is missing in component declaration [C:/Users/lehar/OneDrive/Documents/GitHub/Runge-Kutta-45/RK45/RK45.srcs/sources_1/imports/RK4/k_block.vhd:72]
INFO: [Synth 8-3491] module 'fpu_fused' declared at 'c:/Users/lehar/OneDrive/Documents/GitHub/Runge-Kutta-45/RK45/RK45.gen/sources_1/ip/fpu_fused/synth/fpu_fused.vhd:59' bound to instance 'uut5' of component 'fpu_fused' [C:/Users/lehar/OneDrive/Documents/GitHub/Runge-Kutta-45/RK45/RK45.srcs/sources_1/imports/RK4/k_block.vhd:184]
INFO: [Synth 8-3491] module 'func' declared at 'C:/Users/lehar/OneDrive/Documents/GitHub/Runge-Kutta-45/RK45/RK45.srcs/sources_1/imports/RK4/func.vhd:33' bound to instance 'f3' of component 'func' [C:/Users/lehar/OneDrive/Documents/GitHub/Runge-Kutta-45/RK45/RK45.srcs/sources_1/imports/RK4/k_block.vhd:202]
WARNING: [Synth 8-5640] Port 'm_axis_result_tready' is missing in component declaration [C:/Users/lehar/OneDrive/Documents/GitHub/Runge-Kutta-45/RK45/RK45.srcs/sources_1/imports/RK4/k_block.vhd:58]
INFO: [Synth 8-3491] module 'fpu_add' declared at 'c:/Users/lehar/OneDrive/Documents/GitHub/Runge-Kutta-45/RK45/RK45.gen/sources_1/ip/fpu_add/synth/fpu_add.vhd:59' bound to instance 'uut7' of component 'fpu_add' [C:/Users/lehar/OneDrive/Documents/GitHub/Runge-Kutta-45/RK45/RK45.srcs/sources_1/imports/RK4/k_block.vhd:211]
WARNING: [Synth 8-5640] Port 'm_axis_result_tready' is missing in component declaration [C:/Users/lehar/OneDrive/Documents/GitHub/Runge-Kutta-45/RK45/RK45.srcs/sources_1/imports/RK4/k_block.vhd:72]
INFO: [Synth 8-3491] module 'fpu_fused' declared at 'c:/Users/lehar/OneDrive/Documents/GitHub/Runge-Kutta-45/RK45/RK45.gen/sources_1/ip/fpu_fused/synth/fpu_fused.vhd:59' bound to instance 'uut8' of component 'fpu_fused' [C:/Users/lehar/OneDrive/Documents/GitHub/Runge-Kutta-45/RK45/RK45.srcs/sources_1/imports/RK4/k_block.vhd:226]
INFO: [Synth 8-3491] module 'func' declared at 'C:/Users/lehar/OneDrive/Documents/GitHub/Runge-Kutta-45/RK45/RK45.srcs/sources_1/imports/RK4/func.vhd:33' bound to instance 'f4' of component 'func' [C:/Users/lehar/OneDrive/Documents/GitHub/Runge-Kutta-45/RK45/RK45.srcs/sources_1/imports/RK4/k_block.vhd:243]
INFO: [Synth 8-256] done synthesizing module 'k_block' (0#1) [C:/Users/lehar/OneDrive/Documents/GitHub/Runge-Kutta-45/RK45/RK45.srcs/sources_1/imports/RK4/k_block.vhd:47]
WARNING: [Synth 8-5640] Port 'm_axis_result_tready' is missing in component declaration [C:/Users/lehar/OneDrive/Documents/GitHub/Runge-Kutta-45/RK45/RK45.srcs/sources_1/imports/RK4/RKMod1.vhd:65]
INFO: [Synth 8-3491] module 'fpu_mul' declared at 'c:/Users/lehar/OneDrive/Documents/GitHub/Runge-Kutta-45/RK45/RK45.gen/sources_1/ip/fpu_mul/synth/fpu_mul.vhd:59' bound to instance 'uut1' of component 'fpu_mul' [C:/Users/lehar/OneDrive/Documents/GitHub/Runge-Kutta-45/RK45/RK45.srcs/sources_1/imports/RK4/RKMod1.vhd:165]
WARNING: [Synth 8-5640] Port 'm_axis_result_tready' is missing in component declaration [C:/Users/lehar/OneDrive/Documents/GitHub/Runge-Kutta-45/RK45/RK45.srcs/sources_1/imports/RK4/RKMod1.vhd:65]
INFO: [Synth 8-3491] module 'fpu_mul' declared at 'c:/Users/lehar/OneDrive/Documents/GitHub/Runge-Kutta-45/RK45/RK45.gen/sources_1/ip/fpu_mul/synth/fpu_mul.vhd:59' bound to instance 'uut2' of component 'fpu_mul' [C:/Users/lehar/OneDrive/Documents/GitHub/Runge-Kutta-45/RK45/RK45.srcs/sources_1/imports/RK4/RKMod1.vhd:178]
WARNING: [Synth 8-5640] Port 'm_axis_result_tready' is missing in component declaration [C:/Users/lehar/OneDrive/Documents/GitHub/Runge-Kutta-45/RK45/RK45.srcs/sources_1/imports/RK4/RKMod1.vhd:79]
INFO: [Synth 8-3491] module 'fpu_add' declared at 'c:/Users/lehar/OneDrive/Documents/GitHub/Runge-Kutta-45/RK45/RK45.gen/sources_1/ip/fpu_add/synth/fpu_add.vhd:59' bound to instance 'uut3' of component 'fpu_add' [C:/Users/lehar/OneDrive/Documents/GitHub/Runge-Kutta-45/RK45/RK45.srcs/sources_1/imports/RK4/RKMod1.vhd:192]
WARNING: [Synth 8-5640] Port 'm_axis_result_tready' is missing in component declaration [C:/Users/lehar/OneDrive/Documents/GitHub/Runge-Kutta-45/RK45/RK45.srcs/sources_1/imports/RK4/RKMod1.vhd:79]
INFO: [Synth 8-3491] module 'fpu_add' declared at 'c:/Users/lehar/OneDrive/Documents/GitHub/Runge-Kutta-45/RK45/RK45.gen/sources_1/ip/fpu_add/synth/fpu_add.vhd:59' bound to instance 'uut4' of component 'fpu_add' [C:/Users/lehar/OneDrive/Documents/GitHub/Runge-Kutta-45/RK45/RK45.srcs/sources_1/imports/RK4/RKMod1.vhd:206]
WARNING: [Synth 8-5640] Port 'm_axis_result_tready' is missing in component declaration [C:/Users/lehar/OneDrive/Documents/GitHub/Runge-Kutta-45/RK45/RK45.srcs/sources_1/imports/RK4/RKMod1.vhd:79]
INFO: [Synth 8-3491] module 'fpu_add' declared at 'c:/Users/lehar/OneDrive/Documents/GitHub/Runge-Kutta-45/RK45/RK45.gen/sources_1/ip/fpu_add/synth/fpu_add.vhd:59' bound to instance 'uut5' of component 'fpu_add' [C:/Users/lehar/OneDrive/Documents/GitHub/Runge-Kutta-45/RK45/RK45.srcs/sources_1/imports/RK4/RKMod1.vhd:220]
WARNING: [Synth 8-5640] Port 'm_axis_result_tready' is missing in component declaration [C:/Users/lehar/OneDrive/Documents/GitHub/Runge-Kutta-45/RK45/RK45.srcs/sources_1/imports/RK4/RKMod1.vhd:93]
INFO: [Synth 8-3491] module 'fpu_fused' declared at 'c:/Users/lehar/OneDrive/Documents/GitHub/Runge-Kutta-45/RK45/RK45.gen/sources_1/ip/fpu_fused/synth/fpu_fused.vhd:59' bound to instance 'uut6' of component 'fpu_fused' [C:/Users/lehar/OneDrive/Documents/GitHub/Runge-Kutta-45/RK45/RK45.srcs/sources_1/imports/RK4/RKMod1.vhd:234]
WARNING: [Synth 8-5640] Port 'm_axis_result_tready' is missing in component declaration [C:/Users/lehar/OneDrive/Documents/GitHub/Runge-Kutta-45/RK45/RK45.srcs/sources_1/imports/RK4/RKMod1.vhd:79]
INFO: [Synth 8-3491] module 'fpu_add' declared at 'c:/Users/lehar/OneDrive/Documents/GitHub/Runge-Kutta-45/RK45/RK45.gen/sources_1/ip/fpu_add/synth/fpu_add.vhd:59' bound to instance 'uut7' of component 'fpu_add' [C:/Users/lehar/OneDrive/Documents/GitHub/Runge-Kutta-45/RK45/RK45.srcs/sources_1/imports/RK4/RKMod1.vhd:250]
INFO: [Synth 8-256] done synthesizing module 'RKMod1' (0#1) [C:/Users/lehar/OneDrive/Documents/GitHub/Runge-Kutta-45/RK45/RK45.srcs/sources_1/imports/RK4/RKMod1.vhd:50]
INFO: [Synth 8-256] done synthesizing module 'Top' (0#1) [C:/Users/lehar/OneDrive/Documents/GitHub/Runge-Kutta-45/RK45/RK45.srcs/sources_1/imports/RK4/Top.vhd:47]
WARNING: [Synth 8-6014] Unused sequential element mem_reg[1] was removed.  [C:/Users/lehar/OneDrive/Documents/GitHub/Runge-Kutta-45/RK45/RK45.srcs/sources_1/imports/RK4/Mem.vhd:64]
WARNING: [Synth 8-6014] Unused sequential element mem_reg[2] was removed.  [C:/Users/lehar/OneDrive/Documents/GitHub/Runge-Kutta-45/RK45/RK45.srcs/sources_1/imports/RK4/Mem.vhd:64]
WARNING: [Synth 8-6014] Unused sequential element mem_reg[3] was removed.  [C:/Users/lehar/OneDrive/Documents/GitHub/Runge-Kutta-45/RK45/RK45.srcs/sources_1/imports/RK4/Mem.vhd:64]
WARNING: [Synth 8-6014] Unused sequential element mem_reg[5] was removed.  [C:/Users/lehar/OneDrive/Documents/GitHub/Runge-Kutta-45/RK45/RK45.srcs/sources_1/imports/RK4/Mem.vhd:64]
WARNING: [Synth 8-6014] Unused sequential element mem_reg[6] was removed.  [C:/Users/lehar/OneDrive/Documents/GitHub/Runge-Kutta-45/RK45/RK45.srcs/sources_1/imports/RK4/Mem.vhd:64]
WARNING: [Synth 8-6014] Unused sequential element mem_reg[7] was removed.  [C:/Users/lehar/OneDrive/Documents/GitHub/Runge-Kutta-45/RK45/RK45.srcs/sources_1/imports/RK4/Mem.vhd:64]
WARNING: [Synth 8-6014] Unused sequential element mem_reg[9] was removed.  [C:/Users/lehar/OneDrive/Documents/GitHub/Runge-Kutta-45/RK45/RK45.srcs/sources_1/imports/RK4/Mem.vhd:64]
WARNING: [Synth 8-6014] Unused sequential element mem_reg[10] was removed.  [C:/Users/lehar/OneDrive/Documents/GitHub/Runge-Kutta-45/RK45/RK45.srcs/sources_1/imports/RK4/Mem.vhd:64]
WARNING: [Synth 8-6014] Unused sequential element mem_reg[11] was removed.  [C:/Users/lehar/OneDrive/Documents/GitHub/Runge-Kutta-45/RK45/RK45.srcs/sources_1/imports/RK4/Mem.vhd:64]
WARNING: [Synth 8-6014] Unused sequential element mem_reg[13] was removed.  [C:/Users/lehar/OneDrive/Documents/GitHub/Runge-Kutta-45/RK45/RK45.srcs/sources_1/imports/RK4/Mem.vhd:64]
WARNING: [Synth 8-6014] Unused sequential element mem_reg[14] was removed.  [C:/Users/lehar/OneDrive/Documents/GitHub/Runge-Kutta-45/RK45/RK45.srcs/sources_1/imports/RK4/Mem.vhd:64]
WARNING: [Synth 8-6014] Unused sequential element mem_reg[15] was removed.  [C:/Users/lehar/OneDrive/Documents/GitHub/Runge-Kutta-45/RK45/RK45.srcs/sources_1/imports/RK4/Mem.vhd:64]
WARNING: [Synth 8-6014] Unused sequential element mem_reg[17] was removed.  [C:/Users/lehar/OneDrive/Documents/GitHub/Runge-Kutta-45/RK45/RK45.srcs/sources_1/imports/RK4/Mem.vhd:64]
WARNING: [Synth 8-6014] Unused sequential element mem_reg[18] was removed.  [C:/Users/lehar/OneDrive/Documents/GitHub/Runge-Kutta-45/RK45/RK45.srcs/sources_1/imports/RK4/Mem.vhd:64]
WARNING: [Synth 8-6014] Unused sequential element mem_reg[19] was removed.  [C:/Users/lehar/OneDrive/Documents/GitHub/Runge-Kutta-45/RK45/RK45.srcs/sources_1/imports/RK4/Mem.vhd:64]
WARNING: [Synth 8-6014] Unused sequential element mem_reg[21] was removed.  [C:/Users/lehar/OneDrive/Documents/GitHub/Runge-Kutta-45/RK45/RK45.srcs/sources_1/imports/RK4/Mem.vhd:64]
WARNING: [Synth 8-6014] Unused sequential element mem_reg[22] was removed.  [C:/Users/lehar/OneDrive/Documents/GitHub/Runge-Kutta-45/RK45/RK45.srcs/sources_1/imports/RK4/Mem.vhd:64]
WARNING: [Synth 8-6014] Unused sequential element mem_reg[23] was removed.  [C:/Users/lehar/OneDrive/Documents/GitHub/Runge-Kutta-45/RK45/RK45.srcs/sources_1/imports/RK4/Mem.vhd:64]
WARNING: [Synth 8-6014] Unused sequential element mem_reg[24] was removed.  [C:/Users/lehar/OneDrive/Documents/GitHub/Runge-Kutta-45/RK45/RK45.srcs/sources_1/imports/RK4/Mem.vhd:64]
WARNING: [Synth 8-6014] Unused sequential element mem_reg[25] was removed.  [C:/Users/lehar/OneDrive/Documents/GitHub/Runge-Kutta-45/RK45/RK45.srcs/sources_1/imports/RK4/Mem.vhd:64]
WARNING: [Synth 8-6014] Unused sequential element mem_reg[26] was removed.  [C:/Users/lehar/OneDrive/Documents/GitHub/Runge-Kutta-45/RK45/RK45.srcs/sources_1/imports/RK4/Mem.vhd:64]
WARNING: [Synth 8-6014] Unused sequential element mem_reg[27] was removed.  [C:/Users/lehar/OneDrive/Documents/GitHub/Runge-Kutta-45/RK45/RK45.srcs/sources_1/imports/RK4/Mem.vhd:64]
WARNING: [Synth 8-6014] Unused sequential element mem_reg[28] was removed.  [C:/Users/lehar/OneDrive/Documents/GitHub/Runge-Kutta-45/RK45/RK45.srcs/sources_1/imports/RK4/Mem.vhd:64]
WARNING: [Synth 8-6014] Unused sequential element mem_reg[29] was removed.  [C:/Users/lehar/OneDrive/Documents/GitHub/Runge-Kutta-45/RK45/RK45.srcs/sources_1/imports/RK4/Mem.vhd:64]
WARNING: [Synth 8-6014] Unused sequential element mem_reg[30] was removed.  [C:/Users/lehar/OneDrive/Documents/GitHub/Runge-Kutta-45/RK45/RK45.srcs/sources_1/imports/RK4/Mem.vhd:64]
WARNING: [Synth 8-6014] Unused sequential element mem_reg[31] was removed.  [C:/Users/lehar/OneDrive/Documents/GitHub/Runge-Kutta-45/RK45/RK45.srcs/sources_1/imports/RK4/Mem.vhd:64]
WARNING: [Synth 8-6014] Unused sequential element mem_reg[32] was removed.  [C:/Users/lehar/OneDrive/Documents/GitHub/Runge-Kutta-45/RK45/RK45.srcs/sources_1/imports/RK4/Mem.vhd:64]
WARNING: [Synth 8-6014] Unused sequential element mem_reg[33] was removed.  [C:/Users/lehar/OneDrive/Documents/GitHub/Runge-Kutta-45/RK45/RK45.srcs/sources_1/imports/RK4/Mem.vhd:64]
WARNING: [Synth 8-6014] Unused sequential element mem_reg[34] was removed.  [C:/Users/lehar/OneDrive/Documents/GitHub/Runge-Kutta-45/RK45/RK45.srcs/sources_1/imports/RK4/Mem.vhd:64]
WARNING: [Synth 8-6014] Unused sequential element mem_reg[35] was removed.  [C:/Users/lehar/OneDrive/Documents/GitHub/Runge-Kutta-45/RK45/RK45.srcs/sources_1/imports/RK4/Mem.vhd:64]
WARNING: [Synth 8-6014] Unused sequential element mem_reg[36] was removed.  [C:/Users/lehar/OneDrive/Documents/GitHub/Runge-Kutta-45/RK45/RK45.srcs/sources_1/imports/RK4/Mem.vhd:64]
WARNING: [Synth 8-6014] Unused sequential element mem_reg[37] was removed.  [C:/Users/lehar/OneDrive/Documents/GitHub/Runge-Kutta-45/RK45/RK45.srcs/sources_1/imports/RK4/Mem.vhd:64]
WARNING: [Synth 8-6014] Unused sequential element mem_reg[38] was removed.  [C:/Users/lehar/OneDrive/Documents/GitHub/Runge-Kutta-45/RK45/RK45.srcs/sources_1/imports/RK4/Mem.vhd:64]
WARNING: [Synth 8-6014] Unused sequential element mem_reg[39] was removed.  [C:/Users/lehar/OneDrive/Documents/GitHub/Runge-Kutta-45/RK45/RK45.srcs/sources_1/imports/RK4/Mem.vhd:64]
WARNING: [Synth 8-6014] Unused sequential element mem_reg[40] was removed.  [C:/Users/lehar/OneDrive/Documents/GitHub/Runge-Kutta-45/RK45/RK45.srcs/sources_1/imports/RK4/Mem.vhd:64]
WARNING: [Synth 8-6014] Unused sequential element mem_reg[41] was removed.  [C:/Users/lehar/OneDrive/Documents/GitHub/Runge-Kutta-45/RK45/RK45.srcs/sources_1/imports/RK4/Mem.vhd:64]
WARNING: [Synth 8-6014] Unused sequential element mem_reg[42] was removed.  [C:/Users/lehar/OneDrive/Documents/GitHub/Runge-Kutta-45/RK45/RK45.srcs/sources_1/imports/RK4/Mem.vhd:64]
WARNING: [Synth 8-6014] Unused sequential element mem_reg[43] was removed.  [C:/Users/lehar/OneDrive/Documents/GitHub/Runge-Kutta-45/RK45/RK45.srcs/sources_1/imports/RK4/Mem.vhd:64]
WARNING: [Synth 8-6014] Unused sequential element mem_reg[44] was removed.  [C:/Users/lehar/OneDrive/Documents/GitHub/Runge-Kutta-45/RK45/RK45.srcs/sources_1/imports/RK4/Mem.vhd:64]
WARNING: [Synth 8-6014] Unused sequential element mem_reg[45] was removed.  [C:/Users/lehar/OneDrive/Documents/GitHub/Runge-Kutta-45/RK45/RK45.srcs/sources_1/imports/RK4/Mem.vhd:64]
WARNING: [Synth 8-6014] Unused sequential element mem_reg[46] was removed.  [C:/Users/lehar/OneDrive/Documents/GitHub/Runge-Kutta-45/RK45/RK45.srcs/sources_1/imports/RK4/Mem.vhd:64]
WARNING: [Synth 8-6014] Unused sequential element mem_reg[47] was removed.  [C:/Users/lehar/OneDrive/Documents/GitHub/Runge-Kutta-45/RK45/RK45.srcs/sources_1/imports/RK4/Mem.vhd:64]
WARNING: [Synth 8-6014] Unused sequential element mem_reg[48] was removed.  [C:/Users/lehar/OneDrive/Documents/GitHub/Runge-Kutta-45/RK45/RK45.srcs/sources_1/imports/RK4/Mem.vhd:64]
WARNING: [Synth 8-6014] Unused sequential element mem_reg[49] was removed.  [C:/Users/lehar/OneDrive/Documents/GitHub/Runge-Kutta-45/RK45/RK45.srcs/sources_1/imports/RK4/Mem.vhd:64]
WARNING: [Synth 8-6014] Unused sequential element mem_reg[50] was removed.  [C:/Users/lehar/OneDrive/Documents/GitHub/Runge-Kutta-45/RK45/RK45.srcs/sources_1/imports/RK4/Mem.vhd:64]
WARNING: [Synth 8-6014] Unused sequential element mem_reg[51] was removed.  [C:/Users/lehar/OneDrive/Documents/GitHub/Runge-Kutta-45/RK45/RK45.srcs/sources_1/imports/RK4/Mem.vhd:64]
WARNING: [Synth 8-6014] Unused sequential element mem_reg[52] was removed.  [C:/Users/lehar/OneDrive/Documents/GitHub/Runge-Kutta-45/RK45/RK45.srcs/sources_1/imports/RK4/Mem.vhd:64]
WARNING: [Synth 8-6014] Unused sequential element mem_reg[53] was removed.  [C:/Users/lehar/OneDrive/Documents/GitHub/Runge-Kutta-45/RK45/RK45.srcs/sources_1/imports/RK4/Mem.vhd:64]
WARNING: [Synth 8-6014] Unused sequential element mem_reg[54] was removed.  [C:/Users/lehar/OneDrive/Documents/GitHub/Runge-Kutta-45/RK45/RK45.srcs/sources_1/imports/RK4/Mem.vhd:64]
WARNING: [Synth 8-6014] Unused sequential element mem_reg[55] was removed.  [C:/Users/lehar/OneDrive/Documents/GitHub/Runge-Kutta-45/RK45/RK45.srcs/sources_1/imports/RK4/Mem.vhd:64]
WARNING: [Synth 8-6014] Unused sequential element mem_reg[56] was removed.  [C:/Users/lehar/OneDrive/Documents/GitHub/Runge-Kutta-45/RK45/RK45.srcs/sources_1/imports/RK4/Mem.vhd:64]
WARNING: [Synth 8-6014] Unused sequential element mem_reg[57] was removed.  [C:/Users/lehar/OneDrive/Documents/GitHub/Runge-Kutta-45/RK45/RK45.srcs/sources_1/imports/RK4/Mem.vhd:64]
WARNING: [Synth 8-6014] Unused sequential element mem_reg[58] was removed.  [C:/Users/lehar/OneDrive/Documents/GitHub/Runge-Kutta-45/RK45/RK45.srcs/sources_1/imports/RK4/Mem.vhd:64]
WARNING: [Synth 8-6014] Unused sequential element mem_reg[59] was removed.  [C:/Users/lehar/OneDrive/Documents/GitHub/Runge-Kutta-45/RK45/RK45.srcs/sources_1/imports/RK4/Mem.vhd:64]
WARNING: [Synth 8-6014] Unused sequential element mem_reg[60] was removed.  [C:/Users/lehar/OneDrive/Documents/GitHub/Runge-Kutta-45/RK45/RK45.srcs/sources_1/imports/RK4/Mem.vhd:64]
WARNING: [Synth 8-6014] Unused sequential element mem_reg[61] was removed.  [C:/Users/lehar/OneDrive/Documents/GitHub/Runge-Kutta-45/RK45/RK45.srcs/sources_1/imports/RK4/Mem.vhd:64]
WARNING: [Synth 8-6014] Unused sequential element mem_reg[62] was removed.  [C:/Users/lehar/OneDrive/Documents/GitHub/Runge-Kutta-45/RK45/RK45.srcs/sources_1/imports/RK4/Mem.vhd:64]
WARNING: [Synth 8-6014] Unused sequential element mem_reg[63] was removed.  [C:/Users/lehar/OneDrive/Documents/GitHub/Runge-Kutta-45/RK45/RK45.srcs/sources_1/imports/RK4/Mem.vhd:64]
WARNING: [Synth 8-7129] Port CLK in module xbip_pipe_v3_0_11_viv__parameterized3 is either unconnected or has no load
WARNING: [Synth 8-7129] Port CE in module xbip_pipe_v3_0_11_viv__parameterized3 is either unconnected or has no load
WARNING: [Synth 8-7129] Port SCLR in module xbip_pipe_v3_0_11_viv__parameterized3 is either unconnected or has no load
WARNING: [Synth 8-7129] Port SSET in module xbip_pipe_v3_0_11_viv__parameterized3 is either unconnected or has no load
WARNING: [Synth 8-7129] Port SINIT in module xbip_pipe_v3_0_11_viv__parameterized3 is either unconnected or has no load
WARNING: [Synth 8-7129] Port CLK in module xbip_pipe_v3_0_11_viv__parameterized69 is either unconnected or has no load
WARNING: [Synth 8-7129] Port CE in module xbip_pipe_v3_0_11_viv__parameterized69 is either unconnected or has no load
WARNING: [Synth 8-7129] Port SCLR in module xbip_pipe_v3_0_11_viv__parameterized69 is either unconnected or has no load
WARNING: [Synth 8-7129] Port SSET in module xbip_pipe_v3_0_11_viv__parameterized69 is either unconnected or has no load
WARNING: [Synth 8-7129] Port SINIT in module xbip_pipe_v3_0_11_viv__parameterized69 is either unconnected or has no load
WARNING: [Synth 8-7129] Port SCLR in module xbip_pipe_v3_0_11_viv__parameterized11 is either unconnected or has no load
WARNING: [Synth 8-7129] Port SSET in module xbip_pipe_v3_0_11_viv__parameterized11 is either unconnected or has no load
WARNING: [Synth 8-7129] Port SINIT in module xbip_pipe_v3_0_11_viv__parameterized11 is either unconnected or has no load
WARNING: [Synth 8-7129] Port DEC_OP_STATE[11] in module flt_dec_op is either unconnected or has no load
WARNING: [Synth 8-7129] Port DEC_OP_STATE[10] in module flt_dec_op is either unconnected or has no load
WARNING: [Synth 8-7129] Port DEC_OP_STATE[9] in module flt_dec_op is either unconnected or has no load
WARNING: [Synth 8-7129] Port DEC_OP_STATE[8] in module flt_dec_op is either unconnected or has no load
WARNING: [Synth 8-7129] Port DIVIDE_BY_ZERO_IN in module flt_dec_op is either unconnected or has no load
WARNING: [Synth 8-7129] Port SCLR in module xbip_pipe_v3_0_11_viv__parameterized55 is either unconnected or has no load
WARNING: [Synth 8-7129] Port SSET in module xbip_pipe_v3_0_11_viv__parameterized55 is either unconnected or has no load
WARNING: [Synth 8-7129] Port SINIT in module xbip_pipe_v3_0_11_viv__parameterized55 is either unconnected or has no load
WARNING: [Synth 8-7129] Port CLK in module xbip_pipe_v3_0_11_viv__parameterized45 is either unconnected or has no load
WARNING: [Synth 8-7129] Port CE in module xbip_pipe_v3_0_11_viv__parameterized45 is either unconnected or has no load
WARNING: [Synth 8-7129] Port SCLR in module xbip_pipe_v3_0_11_viv__parameterized45 is either unconnected or has no load
WARNING: [Synth 8-7129] Port SSET in module xbip_pipe_v3_0_11_viv__parameterized45 is either unconnected or has no load
WARNING: [Synth 8-7129] Port SINIT in module xbip_pipe_v3_0_11_viv__parameterized45 is either unconnected or has no load
WARNING: [Synth 8-7129] Port B[8] in module carry_chain__parameterized3 is either unconnected or has no load
WARNING: [Synth 8-7129] Port SCLR in module xbip_pipe_v3_0_11_viv__parameterized43 is either unconnected or has no load
WARNING: [Synth 8-7129] Port SSET in module xbip_pipe_v3_0_11_viv__parameterized43 is either unconnected or has no load
WARNING: [Synth 8-7129] Port SINIT in module xbip_pipe_v3_0_11_viv__parameterized43 is either unconnected or has no load
WARNING: [Synth 8-7129] Port SCLR in module xbip_pipe_v3_0_11_viv__parameterized47 is either unconnected or has no load
WARNING: [Synth 8-7129] Port SSET in module xbip_pipe_v3_0_11_viv__parameterized47 is either unconnected or has no load
WARNING: [Synth 8-7129] Port SINIT in module xbip_pipe_v3_0_11_viv__parameterized47 is either unconnected or has no load
WARNING: [Synth 8-7129] Port CLK in module xbip_pipe_v3_0_11_viv__parameterized67 is either unconnected or has no load
WARNING: [Synth 8-7129] Port CE in module xbip_pipe_v3_0_11_viv__parameterized67 is either unconnected or has no load
WARNING: [Synth 8-7129] Port SCLR in module xbip_pipe_v3_0_11_viv__parameterized67 is either unconnected or has no load
WARNING: [Synth 8-7129] Port SSET in module xbip_pipe_v3_0_11_viv__parameterized67 is either unconnected or has no load
WARNING: [Synth 8-7129] Port SINIT in module xbip_pipe_v3_0_11_viv__parameterized67 is either unconnected or has no load
WARNING: [Synth 8-7129] Port SCLR in module xbip_pipe_v3_0_11_viv__parameterized65 is either unconnected or has no load
WARNING: [Synth 8-7129] Port SSET in module xbip_pipe_v3_0_11_viv__parameterized65 is either unconnected or has no load
WARNING: [Synth 8-7129] Port SINIT in module xbip_pipe_v3_0_11_viv__parameterized65 is either unconnected or has no load
WARNING: [Synth 8-7129] Port CLK in module xbip_pipe_v3_0_11_viv__parameterized63 is either unconnected or has no load
WARNING: [Synth 8-7129] Port CE in module xbip_pipe_v3_0_11_viv__parameterized63 is either unconnected or has no load
WARNING: [Synth 8-7129] Port SCLR in module xbip_pipe_v3_0_11_viv__parameterized63 is either unconnected or has no load
WARNING: [Synth 8-7129] Port SSET in module xbip_pipe_v3_0_11_viv__parameterized63 is either unconnected or has no load
WARNING: [Synth 8-7129] Port SINIT in module xbip_pipe_v3_0_11_viv__parameterized63 is either unconnected or has no load
WARNING: [Synth 8-7129] Port SCLR in module xbip_pipe_v3_0_11_viv__parameterized41 is either unconnected or has no load
WARNING: [Synth 8-7129] Port SSET in module xbip_pipe_v3_0_11_viv__parameterized41 is either unconnected or has no load
WARNING: [Synth 8-7129] Port SINIT in module xbip_pipe_v3_0_11_viv__parameterized41 is either unconnected or has no load
WARNING: [Synth 8-7129] Port SCLR in module xbip_pipe_v3_0_11_viv__parameterized59 is either unconnected or has no load
WARNING: [Synth 8-7129] Port SSET in module xbip_pipe_v3_0_11_viv__parameterized59 is either unconnected or has no load
WARNING: [Synth 8-7129] Port SINIT in module xbip_pipe_v3_0_11_viv__parameterized59 is either unconnected or has no load
WARNING: [Synth 8-7129] Port SCLR in module xbip_pipe_v3_0_11_viv__parameterized61 is either unconnected or has no load
WARNING: [Synth 8-7129] Port SSET in module xbip_pipe_v3_0_11_viv__parameterized61 is either unconnected or has no load
WARNING: [Synth 8-7129] Port SINIT in module xbip_pipe_v3_0_11_viv__parameterized61 is either unconnected or has no load
WARNING: [Synth 8-7129] Port SCLR in module xbip_pipe_v3_0_11_viv__parameterized57 is either unconnected or has no load
WARNING: [Synth 8-7129] Port SSET in module xbip_pipe_v3_0_11_viv__parameterized57 is either unconnected or has no load
WARNING: [Synth 8-7129] Port SINIT in module xbip_pipe_v3_0_11_viv__parameterized57 is either unconnected or has no load
WARNING: [Synth 8-7129] Port SCLR in module xbip_pipe_v3_0_11_viv__parameterized53 is either unconnected or has no load
WARNING: [Synth 8-7129] Port SSET in module xbip_pipe_v3_0_11_viv__parameterized53 is either unconnected or has no load
WARNING: [Synth 8-7129] Port SINIT in module xbip_pipe_v3_0_11_viv__parameterized53 is either unconnected or has no load
WARNING: [Synth 8-7129] Port SCLR in module xbip_pipe_v3_0_11_viv__parameterized51 is either unconnected or has no load
WARNING: [Synth 8-7129] Port SSET in module xbip_pipe_v3_0_11_viv__parameterized51 is either unconnected or has no load
WARNING: [Synth 8-7129] Port SINIT in module xbip_pipe_v3_0_11_viv__parameterized51 is either unconnected or has no load
WARNING: [Synth 8-7129] Port SCLR in module xbip_pipe_v3_0_11_viv__parameterized49 is either unconnected or has no load
WARNING: [Synth 8-7129] Port SSET in module xbip_pipe_v3_0_11_viv__parameterized49 is either unconnected or has no load
WARNING: [Synth 8-7129] Port SINIT in module xbip_pipe_v3_0_11_viv__parameterized49 is either unconnected or has no load
WARNING: [Synth 8-7129] Port CLK in module xbip_pipe_v3_0_11_viv__parameterized21 is either unconnected or has no load
WARNING: [Synth 8-7129] Port CE in module xbip_pipe_v3_0_11_viv__parameterized21 is either unconnected or has no load
WARNING: [Synth 8-7129] Port SCLR in module xbip_pipe_v3_0_11_viv__parameterized21 is either unconnected or has no load
WARNING: [Synth 8-7129] Port SSET in module xbip_pipe_v3_0_11_viv__parameterized21 is either unconnected or has no load
WARNING: [Synth 8-7129] Port SINIT in module xbip_pipe_v3_0_11_viv__parameterized21 is either unconnected or has no load
WARNING: [Synth 8-7129] Port CARRYS_OUT[14] in module carry_chain__parameterized2 is either unconnected or has no load
WARNING: [Synth 8-7129] Port CARRYS_OUT[13] in module carry_chain__parameterized2 is either unconnected or has no load
WARNING: [Synth 8-7129] Port CARRYS_OUT[12] in module carry_chain__parameterized2 is either unconnected or has no load
WARNING: [Synth 8-7129] Port CARRYS_OUT[11] in module carry_chain__parameterized2 is either unconnected or has no load
WARNING: [Synth 8-7129] Port CARRYS_OUT[10] in module carry_chain__parameterized2 is either unconnected or has no load
WARNING: [Synth 8-7129] Port CARRYS_OUT[9] in module carry_chain__parameterized2 is either unconnected or has no load
WARNING: [Synth 8-7129] Port CARRYS_OUT[8] in module carry_chain__parameterized2 is either unconnected or has no load
WARNING: [Synth 8-7129] Port CARRYS_OUT[7] in module carry_chain__parameterized2 is either unconnected or has no load
WARNING: [Synth 8-7129] Port CARRYS_OUT[6] in module carry_chain__parameterized2 is either unconnected or has no load
WARNING: [Synth 8-7129] Port CARRYS_OUT[5] in module carry_chain__parameterized2 is either unconnected or has no load
WARNING: [Synth 8-7129] Port CARRYS_OUT[4] in module carry_chain__parameterized2 is either unconnected or has no load
WARNING: [Synth 8-7129] Port CARRYS_OUT[3] in module carry_chain__parameterized2 is either unconnected or has no load
WARNING: [Synth 8-7129] Port CARRYS_OUT[2] in module carry_chain__parameterized2 is either unconnected or has no load
WARNING: [Synth 8-7129] Port CARRYS_OUT[1] in module carry_chain__parameterized2 is either unconnected or has no load
WARNING: [Synth 8-7129] Port CARRYS_OUT[0] in module carry_chain__parameterized2 is either unconnected or has no load
WARNING: [Synth 8-7129] Port CLK in module xbip_pipe_v3_0_11_viv__parameterized15 is either unconnected or has no load
WARNING: [Synth 8-7129] Port CE in module xbip_pipe_v3_0_11_viv__parameterized15 is either unconnected or has no load
WARNING: [Synth 8-7129] Port SCLR in module xbip_pipe_v3_0_11_viv__parameterized15 is either unconnected or has no load
WARNING: [Synth 8-7129] Port SSET in module xbip_pipe_v3_0_11_viv__parameterized15 is either unconnected or has no load
WARNING: [Synth 8-7129] Port SINIT in module xbip_pipe_v3_0_11_viv__parameterized15 is either unconnected or has no load
WARNING: [Synth 8-7129] Port CARRYS_OUT[2] in module carry_chain__parameterized1 is either unconnected or has no load
WARNING: [Synth 8-7129] Port CARRYS_OUT[1] in module carry_chain__parameterized1 is either unconnected or has no load
WARNING: [Synth 8-7129] Port CARRYS_OUT[0] in module carry_chain__parameterized1 is either unconnected or has no load
WARNING: [Synth 8-7129] Port CARRYS_OUT[0] in module compare_eq_im__parameterized0 is either unconnected or has no load
WARNING: [Synth 8-7129] Port A[31] in module special_detect is either unconnected or has no load
WARNING: [Synth 8-7129] Port ZERO_ALIGN in module flt_add_exp_sp is either unconnected or has no load
WARNING: [Synth 8-7129] Port ROUND_EXP_INC in module flt_add_exp_sp is either unconnected or has no load
WARNING: [Synth 8-7129] Port ADD_MANT_MSBS[1] in module flt_add_exp_sp is either unconnected or has no load
INFO: [Common 17-14] Message 'Synth 8-7129' appears 100 times and further instances of the messages will be disabled. Use the Tcl command set_msg_config to change the current settings.
---------------------------------------------------------------------------------
Finished RTL Elaboration : Time (s): cpu = 00:00:14 ; elapsed = 00:00:15 . Memory (MB): peak = 1657.555 ; gain = 925.977
---------------------------------------------------------------------------------
---------------------------------------------------------------------------------
Start Handling Custom Attributes
---------------------------------------------------------------------------------
---------------------------------------------------------------------------------
Finished Handling Custom Attributes : Time (s): cpu = 00:00:14 ; elapsed = 00:00:16 . Memory (MB): peak = 1657.555 ; gain = 925.977
---------------------------------------------------------------------------------
---------------------------------------------------------------------------------
Finished RTL Optimization Phase 1 : Time (s): cpu = 00:00:14 ; elapsed = 00:00:16 . Memory (MB): peak = 1657.555 ; gain = 925.977
---------------------------------------------------------------------------------
Netlist sorting complete. Time (s): cpu = 00:00:00 ; elapsed = 00:00:00.595 . Memory (MB): peak = 1657.555 ; gain = 0.000
INFO: [Netlist 29-17] Analyzing 3328 Unisim elements for replacement
INFO: [Netlist 29-28] Unisim Transformation completed in 0 CPU seconds
INFO: [Project 1-570] Preparing netlist for logic optimization

Processing XDC Constraints
Initializing timing engine
Parsing XDC File [C:/Users/lehar/OneDrive/Documents/GitHub/Runge-Kutta-45/RK45/RK45.srcs/constrs_1/new/constraint.xdc]
Finished Parsing XDC File [C:/Users/lehar/OneDrive/Documents/GitHub/Runge-Kutta-45/RK45/RK45.srcs/constrs_1/new/constraint.xdc]
INFO: [Project 1-236] Implementation specific constraints were found while reading constraint file [C:/Users/lehar/OneDrive/Documents/GitHub/Runge-Kutta-45/RK45/RK45.srcs/constrs_1/new/constraint.xdc]. These constraints will be ignored for synthesis but will be used in implementation. Impacted constraints are listed in the file [.Xil/Top_propImpl.xdc].
Resolution: To avoid this warning, move constraints listed in [.Xil/Top_propImpl.xdc] to another XDC file and exclude this new file from synthesis with the used_in_synthesis property (File Properties dialog in GUI) and re-run elaboration/synthesis.
Parsing XDC File [C:/Users/lehar/OneDrive/Documents/GitHub/Runge-Kutta-45/RK45/RK45.runs/synth_1/dont_touch.xdc]
Finished Parsing XDC File [C:/Users/lehar/OneDrive/Documents/GitHub/Runge-Kutta-45/RK45/RK45.runs/synth_1/dont_touch.xdc]
Completed Processing XDC Constraints

Netlist sorting complete. Time (s): cpu = 00:00:00 ; elapsed = 00:00:00.024 . Memory (MB): peak = 1657.562 ; gain = 0.000
INFO: [Project 1-111] Unisim Transformation Summary:
  A total of 334 instances were transformed.
  FDE => FDRE: 334 instances

Constraint Validation Runtime : Time (s): cpu = 00:00:00 ; elapsed = 00:00:00.367 . Memory (MB): peak = 1657.562 ; gain = 0.000
INFO: [Designutils 20-5440] No compile time benefit to using incremental synthesis; A full resynthesis will be run
INFO: [Designutils 20-4379] Flow is switching to default flow due to incremental criteria not met. If you would like to alter this behaviour and have the flow terminate instead, please set the following parameter config_implementation {autoIncr.Synth.RejectBehavior Terminate}
---------------------------------------------------------------------------------
Finished Constraint Validation : Time (s): cpu = 00:00:25 ; elapsed = 00:00:27 . Memory (MB): peak = 1657.562 ; gain = 925.984
---------------------------------------------------------------------------------
---------------------------------------------------------------------------------
Start Loading Part and Timing Information
---------------------------------------------------------------------------------
Loading part: xc7a35tftg256-1
---------------------------------------------------------------------------------
Finished Loading Part and Timing Information : Time (s): cpu = 00:00:25 ; elapsed = 00:00:27 . Memory (MB): peak = 1657.562 ; gain = 925.984
---------------------------------------------------------------------------------
---------------------------------------------------------------------------------
Start Applying 'set_property' XDC Constraints
---------------------------------------------------------------------------------
---------------------------------------------------------------------------------
Finished applying 'set_property' XDC Constraints : Time (s): cpu = 00:00:25 ; elapsed = 00:00:27 . Memory (MB): peak = 1657.562 ; gain = 925.984
---------------------------------------------------------------------------------
WARNING: [Synth 8-327] inferring latch for variable 'wrdata_reg' [C:/Users/lehar/OneDrive/Documents/GitHub/Runge-Kutta-45/RK45/RK45.srcs/sources_1/imports/RK4/reg.vhd:80]
WARNING: [Synth 8-327] inferring latch for variable 'wridata_reg' [C:/Users/lehar/OneDrive/Documents/GitHub/Runge-Kutta-45/RK45/RK45.srcs/sources_1/imports/RK4/reg.vhd:73]
WARNING: [Synth 8-327] inferring latch for variable 'addr1_reg' [C:/Users/lehar/OneDrive/Documents/GitHub/Runge-Kutta-45/RK45/RK45.srcs/sources_1/imports/RK4/Control.vhd:72]
WARNING: [Synth 8-327] inferring latch for variable 'write_en_reg' [C:/Users/lehar/OneDrive/Documents/GitHub/Runge-Kutta-45/RK45/RK45.srcs/sources_1/imports/RK4/Control.vhd:69]
WARNING: [Synth 8-327] inferring latch for variable 'flush_reg' [C:/Users/lehar/OneDrive/Documents/GitHub/Runge-Kutta-45/RK45/RK45.srcs/sources_1/imports/RK4/Control.vhd:70]
WARNING: [Synth 8-327] inferring latch for variable 'init_reg' [C:/Users/lehar/OneDrive/Documents/GitHub/Runge-Kutta-45/RK45/RK45.srcs/sources_1/imports/RK4/Control.vhd:81]
---------------------------------------------------------------------------------
Finished RTL Optimization Phase 2 : Time (s): cpu = 00:00:27 ; elapsed = 00:00:30 . Memory (MB): peak = 1657.562 ; gain = 925.984
---------------------------------------------------------------------------------
INFO: [Synth 8-223] decloning instance 'fpu_add:/U0/i_synth/DELAY_DIVIDE_BY_ZERO' (delay__parameterized0) to 'fpu_add:/U0/i_synth/DELAY_ACCUM_OVERFLOW'
INFO: [Synth 8-223] decloning instance 'fpu_add:/U0/i_synth/DELAY_DIVIDE_BY_ZERO' (delay__parameterized0) to 'fpu_add:/U0/i_synth/DELAY_ACCUM_INPUT_OVERFLOW'
INFO: [Synth 8-223] decloning instance 'fpu_sub:/U0/i_synth/DELAY_DIVIDE_BY_ZERO' (delay__parameterized0) to 'fpu_sub:/U0/i_synth/DELAY_ACCUM_OVERFLOW'
INFO: [Synth 8-223] decloning instance 'fpu_sub:/U0/i_synth/DELAY_DIVIDE_BY_ZERO' (delay__parameterized0) to 'fpu_sub:/U0/i_synth/DELAY_ACCUM_INPUT_OVERFLOW'
INFO: [Synth 8-223] decloning instance 'fpu_mul:/U0/i_synth/MULT.OP/i_non_prim.R_AND_R/LOGIC.R_AND_R/EXTRA_LSB_BIT_DEL' (delay__parameterized0) to 'fpu_mul:/U0/i_synth/MULT.OP/i_non_prim.R_AND_R/LOGIC.R_AND_R/EXTRA_LSB_RND1_DEL'
INFO: [Synth 8-223] decloning instance 'fpu_mul:/U0/i_synth/DELAY_DIVIDE_BY_ZERO' (delay__parameterized0) to 'fpu_mul:/U0/i_synth/DELAY_ACCUM_OVERFLOW'
INFO: [Synth 8-223] decloning instance 'fpu_mul:/U0/i_synth/DELAY_DIVIDE_BY_ZERO' (delay__parameterized0) to 'fpu_mul:/U0/i_synth/DELAY_ACCUM_INPUT_OVERFLOW'
INFO: [Synth 8-223] decloning instance 'fpu_fused:/U0/i_synth/FMA_OP.OP/addsub/add/NORM/ROUND/EXTRA_LSB_BIT_DEL' (delay__parameterized0) to 'fpu_fused:/U0/i_synth/FMA_OP.OP/addsub/add/NORM/ROUND/EXTRA_LSB_RND1_DEL'
INFO: [Synth 8-223] decloning instance 'fpu_fused:/U0/i_synth/DELAY_DIVIDE_BY_ZERO' (delay__parameterized0) to 'fpu_fused:/U0/i_synth/DELAY_ACCUM_OVERFLOW'
INFO: [Synth 8-223] decloning instance 'fpu_fused:/U0/i_synth/DELAY_DIVIDE_BY_ZERO' (delay__parameterized0) to 'fpu_fused:/U0/i_synth/DELAY_ACCUM_INPUT_OVERFLOW'
---------------------------------------------------------------------------------
Start RTL Component Statistics 
---------------------------------------------------------------------------------
---------------------------------------------------------------------------------
Finished RTL Component Statistics 
---------------------------------------------------------------------------------
---------------------------------------------------------------------------------
Start Part Resource Summary
---------------------------------------------------------------------------------
Part Resources:
DSPs: 90 (col length:60)
BRAMs: 100 (col length: RAMB18 60 RAMB36 30)
---------------------------------------------------------------------------------
Finished Part Resource Summary
---------------------------------------------------------------------------------
---------------------------------------------------------------------------------
Start Cross Boundary and Area Optimization
---------------------------------------------------------------------------------
INFO: [Synth 8-3332] Sequential element (FMA_OP.OP/addsub/add/EXP/bma_exp_cc/CARRYS_Q_DEL.FAST_DEL.CARRY_FD) is unused and will be removed from module floating_point_v7_1_21_viv__parameterized5.
WARNING: [Synth 8-3332] Sequential element (uut2/wridata_reg[8]) is unused and will be removed from module Top.
---------------------------------------------------------------------------------
Finished Cross Boundary and Area Optimization : Time (s): cpu = 00:00:45 ; elapsed = 00:00:48 . Memory (MB): peak = 1657.562 ; gain = 925.984
---------------------------------------------------------------------------------
---------------------------------------------------------------------------------
Start Applying XDC Timing Constraints
---------------------------------------------------------------------------------
---------------------------------------------------------------------------------
Finished Applying XDC Timing Constraints : Time (s): cpu = 00:00:49 ; elapsed = 00:00:53 . Memory (MB): peak = 1803.219 ; gain = 1071.641
---------------------------------------------------------------------------------
---------------------------------------------------------------------------------
Start Timing Optimization
---------------------------------------------------------------------------------
---------------------------------------------------------------------------------
Finished Timing Optimization : Time (s): cpu = 00:00:50 ; elapsed = 00:00:54 . Memory (MB): peak = 1843.133 ; gain = 1111.555
---------------------------------------------------------------------------------
---------------------------------------------------------------------------------
Start Technology Mapping
---------------------------------------------------------------------------------
---------------------------------------------------------------------------------
Finished Technology Mapping : Time (s): cpu = 00:00:52 ; elapsed = 00:00:57 . Memory (MB): peak = 1869.191 ; gain = 1137.613
---------------------------------------------------------------------------------
---------------------------------------------------------------------------------
Start IO Insertion
---------------------------------------------------------------------------------
---------------------------------------------------------------------------------
Start Flattening Before IO Insertion
---------------------------------------------------------------------------------
---------------------------------------------------------------------------------
Finished Flattening Before IO Insertion
---------------------------------------------------------------------------------
---------------------------------------------------------------------------------
Start Final Netlist Cleanup
---------------------------------------------------------------------------------
---------------------------------------------------------------------------------
Finished Final Netlist Cleanup
---------------------------------------------------------------------------------
---------------------------------------------------------------------------------
Finished IO Insertion : Time (s): cpu = 00:00:55 ; elapsed = 00:00:59 . Memory (MB): peak = 2050.852 ; gain = 1319.273
---------------------------------------------------------------------------------
---------------------------------------------------------------------------------
Start Renaming Generated Instances
---------------------------------------------------------------------------------
---------------------------------------------------------------------------------
Finished Renaming Generated Instances : Time (s): cpu = 00:00:55 ; elapsed = 00:00:59 . Memory (MB): peak = 2050.852 ; gain = 1319.273
---------------------------------------------------------------------------------
---------------------------------------------------------------------------------
Start Rebuilding User Hierarchy
---------------------------------------------------------------------------------
---------------------------------------------------------------------------------
Finished Rebuilding User Hierarchy : Time (s): cpu = 00:00:56 ; elapsed = 00:01:01 . Memory (MB): peak = 2050.852 ; gain = 1319.273
---------------------------------------------------------------------------------
---------------------------------------------------------------------------------
Start Renaming Generated Ports
---------------------------------------------------------------------------------
---------------------------------------------------------------------------------
Finished Renaming Generated Ports : Time (s): cpu = 00:00:56 ; elapsed = 00:01:01 . Memory (MB): peak = 2050.852 ; gain = 1319.273
---------------------------------------------------------------------------------
---------------------------------------------------------------------------------
Start Handling Custom Attributes
---------------------------------------------------------------------------------
---------------------------------------------------------------------------------
Finished Handling Custom Attributes : Time (s): cpu = 00:00:56 ; elapsed = 00:01:01 . Memory (MB): peak = 2050.852 ; gain = 1319.273
---------------------------------------------------------------------------------
---------------------------------------------------------------------------------
Start Renaming Generated Nets
---------------------------------------------------------------------------------
---------------------------------------------------------------------------------
Finished Renaming Generated Nets : Time (s): cpu = 00:00:57 ; elapsed = 00:01:01 . Memory (MB): peak = 2050.852 ; gain = 1319.273
---------------------------------------------------------------------------------
---------------------------------------------------------------------------------
Start Writing Synthesis Report
---------------------------------------------------------------------------------

DSP Final Report (the ' indicates corresponding REG is set)
+-------------------------------------+-----------------------+--------+--------+--------+--------+--------+------+------+------+------+-------+------+------+
|Module Name                          | DSP Mapping           | A Size | B Size | C Size | D Size | P Size | AREG | BREG | CREG | DREG | ADREG | MREG | PREG | 
+-------------------------------------+-----------------------+--------+--------+--------+--------+--------+------+------+------+------+-------+------+------+
|dsp_2706                             | (C+(A'*B')')'         | 24     | 17     | 0      | -      | 17     | 1    | 1    | 0    | -    | -     | 1    | 1    | 
|dsp_2706                             | (PCIN>>17+(A'*B'')')' | 0      | 7      | -      | -      | 43     | 1    | 2    | -    | -    | -     | 1    | 1    | 
|dsp_2635                             | (C+(A'*B')')'         | 24     | 17     | 0      | -      | 17     | 1    | 1    | 0    | -    | -     | 1    | 1    | 
|dsp_2635                             | (PCIN>>17+(A'*B'')')' | 0      | 7      | -      | -      | 43     | 1    | 2    | -    | -    | -     | 1    | 1    | 
|dsp48e1_wrapper_2584                 | Dynamic               | -      | -      | -      | -      | 40     | -    | -    | -    | -    | 1     | 1    | 1    | 
|dsp48e1_wrapper__parameterized0_2513 | (C'+(A''*B')')'       | 24     | 16     | 35     | -      | 35     | 2    | 1    | 1    | -    | -     | 1    | 1    | 
|dsp48e1_wrapper_2481                 | Dynamic               | -      | -      | -      | -      | 40     | -    | -    | -    | -    | 1     | 1    | 1    | 
|dsp48e1_wrapper__parameterized0_2410 | (C'+(A''*B')')'       | 24     | 16     | 35     | -      | 35     | 2    | 1    | 1    | -    | -     | 1    | 1    | 
|dsp48e1_wrapper_2378                 | Dynamic               | -      | -      | -      | -      | 40     | -    | -    | -    | -    | 1     | 1    | 1    | 
|dsp48e1_wrapper__parameterized0_2307 | (C'+(A''*B')')'       | 24     | 16     | 35     | -      | 35     | 2    | 1    | 1    | -    | -     | 1    | 1    | 
|dsp__parameterized0_2067             | (C+(A'*B')')'         | 24     | 17     | 0      | -      | 17     | 1    | 1    | 0    | -    | -     | 1    | 1    | 
|dsp__parameterized0_2067             | (PCIN>>17+(A'*B'')')' | 0      | 7      | -      | -      | 43     | 1    | 2    | -    | -    | -     | 1    | 1    | 
|dsp48e1_wrapper_2002                 | Dynamic               | -      | -      | -      | -      | 40     | -    | -    | -    | -    | 1     | 1    | 1    | 
|dsp48e1_wrapper__parameterized0_1935 | (C'+(A''*B')')'       | 24     | 16     | 35     | -      | 35     | 2    | 1    | 1    | -    | -     | 1    | 1    | 
|dsp48e1_wrapper_1903                 | Dynamic               | -      | -      | -      | -      | 40     | -    | -    | -    | -    | 1     | 1    | 1    | 
|dsp48e1_wrapper__parameterized0_1836 | (C'+(A''*B')')'       | 24     | 16     | 35     | -      | 35     | 2    | 1    | 1    | -    | -     | 1    | 1    | 
|dsp__parameterized0_1596             | (C+(A'*B')')'         | 24     | 17     | 0      | -      | 17     | 1    | 1    | 0    | -    | -     | 1    | 1    | 
|dsp__parameterized0_1596             | (PCIN>>17+(A'*B'')')' | 0      | 7      | -      | -      | 43     | 1    | 2    | -    | -    | -     | 1    | 1    | 
|dsp__parameterized0_1323             | (C+(A'*B')')'         | 24     | 17     | 0      | -      | 17     | 1    | 1    | 0    | -    | -     | 1    | 1    | 
|dsp__parameterized0_1323             | (PCIN>>17+(A'*B'')')' | 0      | 7      | -      | -      | 43     | 1    | 2    | -    | -    | -     | 1    | 1    | 
|dsp48e1_wrapper_1258                 | Dynamic               | -      | -      | -      | -      | 40     | -    | -    | -    | -    | 1     | 1    | 1    | 
|dsp48e1_wrapper__parameterized0_1191 | (C'+(A''*B')')'       | 24     | 16     | 35     | -      | 35     | 2    | 1    | 1    | -    | -     | 1    | 1    | 
|dsp__parameterized0                  | (C+(A'*B')')'         | 24     | 17     | 0      | -      | 17     | 1    | 1    | 0    | -    | -     | 1    | 1    | 
|dsp__parameterized0                  | (PCIN>>17+(A'*B'')')' | 0      | 7      | -      | -      | 43     | 1    | 2    | -    | -    | -     | 1    | 1    | 
|dsp48e1_wrapper_978                  | Dynamic               | -      | -      | -      | -      | 40     | -    | -    | -    | -    | 1     | 1    | 1    | 
|dsp48e1_wrapper__parameterized0_907  | (C'+(A''*B')')'       | 24     | 16     | 35     | -      | 35     | 2    | 1    | 1    | -    | -     | 1    | 1    | 
|dsp48e1_wrapper_875                  | Dynamic               | -      | -      | -      | -      | 40     | -    | -    | -    | -    | 1     | 1    | 1    | 
|dsp48e1_wrapper__parameterized0_804  | (C'+(A''*B')')'       | 24     | 16     | 35     | -      | 35     | 2    | 1    | 1    | -    | -     | 1    | 1    | 
|dsp_752                              | (C+(A'*B')')'         | 24     | 17     | 0      | -      | 17     | 1    | 1    | 0    | -    | -     | 1    | 1    | 
|dsp_752                              | (PCIN>>17+(A'*B'')')' | 0      | 7      | -      | -      | 43     | 1    | 2    | -    | -    | -     | 1    | 1    | 
|dsp48e1_wrapper_701                  | Dynamic               | -      | -      | -      | -      | 40     | -    | -    | -    | -    | 1     | 1    | 1    | 
|dsp48e1_wrapper__parameterized0_630  | (C'+(A''*B')')'       | 24     | 16     | 35     | -      | 35     | 2    | 1    | 1    | -    | -     | 1    | 1    | 
|dsp48e1_wrapper_598                  | Dynamic               | -      | -      | -      | -      | 40     | -    | -    | -    | -    | 1     | 1    | 1    | 
|dsp48e1_wrapper__parameterized0_527  | (C'+(A''*B')')'       | 24     | 16     | 35     | -      | 35     | 2    | 1    | 1    | -    | -     | 1    | 1    | 
|dsp_475                              | (C+(A'*B')')'         | 24     | 17     | 0      | -      | 17     | 1    | 1    | 0    | -    | -     | 1    | 1    | 
|dsp_475                              | (PCIN>>17+(A'*B'')')' | 0      | 7      | -      | -      | 43     | 1    | 2    | -    | -    | -     | 1    | 1    | 
|dsp48e1_wrapper_424                  | Dynamic               | -      | -      | -      | -      | 40     | -    | -    | -    | -    | 1     | 1    | 1    | 
|dsp48e1_wrapper__parameterized0_353  | (C'+(A''*B')')'       | 24     | 16     | 35     | -      | 35     | 2    | 1    | 1    | -    | -     | 1    | 1    | 
|dsp48e1_wrapper_321                  | Dynamic               | -      | -      | -      | -      | 40     | -    | -    | -    | -    | 1     | 1    | 1    | 
|dsp48e1_wrapper__parameterized0_250  | (C'+(A''*B')')'       | 24     | 16     | 35     | -      | 35     | 2    | 1    | 1    | -    | -     | 1    | 1    | 
|dsp_198                              | (C+(A'*B')')'         | 24     | 17     | 0      | -      | 17     | 1    | 1    | 0    | -    | -     | 1    | 1    | 
|dsp_198                              | (PCIN>>17+(A'*B'')')' | 0      | 7      | -      | -      | 43     | 1    | 2    | -    | -    | -     | 1    | 1    | 
|dsp48e1_wrapper_147                  | Dynamic               | -      | -      | -      | -      | 40     | -    | -    | -    | -    | 1     | 1    | 1    | 
|dsp48e1_wrapper__parameterized0_76   | (C'+(A''*B')')'       | 24     | 16     | 35     | -      | 35     | 2    | 1    | 1    | -    | -     | 1    | 1    | 
|dsp48e1_wrapper                      | Dynamic               | -      | -      | -      | -      | 40     | -    | -    | -    | -    | 1     | 1    | 1    | 
|dsp48e1_wrapper__parameterized0      | (C'+(A''*B')')'       | 24     | 16     | 35     | -      | 35     | 2    | 1    | 1    | -    | -     | 1    | 1    | 
|dsp                                  | (C+(A'*B')')'         | 24     | 17     | 0      | -      | 17     | 1    | 1    | 0    | -    | -     | 1    | 1    | 
|dsp                                  | (PCIN>>17+(A'*B'')')' | 0      | 7      | -      | -      | 43     | 1    | 2    | -    | -    | -     | 1    | 1    | 
+-------------------------------------+-----------------------+--------+--------+--------+--------+--------+------+------+------+------+-------+------+------+


Report BlackBoxes: 
+-+--------------+----------+
| |BlackBox name |Instances |
+-+--------------+----------+
+-+--------------+----------+

Report Cell Usage: 
+------+--------+------+
|      |Cell    |Count |
+------+--------+------+
|1     |BUFG    |     1|
|2     |CARRY4  |    73|
|3     |DSP48E1 |    48|
|9     |LUT1    |   172|
|10    |LUT2    |   947|
|11    |LUT3    |  3382|
|12    |LUT4    |  1387|
|13    |LUT5    |  1276|
|14    |LUT6    |  1887|
|15    |MUXCY   |  2004|
|16    |MUXF7   |    36|
|17    |MUXF8   |     4|
|18    |SRL16E  |   574|
|19    |XORCY   |   880|
|20    |FDE     |   330|
|21    |FDRE    | 12631|
|22    |LD      |    28|
|23    |LDCP    |     2|
|24    |LDP     |     1|
|25    |IBUF    |    21|
|26    |OBUF    |   109|
+------+--------+------+
---------------------------------------------------------------------------------
Finished Writing Synthesis Report : Time (s): cpu = 00:00:57 ; elapsed = 00:01:01 . Memory (MB): peak = 2050.852 ; gain = 1319.273
---------------------------------------------------------------------------------
Synthesis finished with 0 errors, 0 critical warnings and 249 warnings.
Synthesis Optimization Runtime : Time (s): cpu = 00:00:36 ; elapsed = 00:00:54 . Memory (MB): peak = 2050.852 ; gain = 1319.266
Synthesis Optimization Complete : Time (s): cpu = 00:00:57 ; elapsed = 00:01:01 . Memory (MB): peak = 2050.852 ; gain = 1319.273
INFO: [Project 1-571] Translating synthesized netlist
Netlist sorting complete. Time (s): cpu = 00:00:00 ; elapsed = 00:00:00.451 . Memory (MB): peak = 2074.926 ; gain = 0.000
INFO: [Netlist 29-17] Analyzing 3406 Unisim elements for replacement
INFO: [Netlist 29-28] Unisim Transformation completed in 1 CPU seconds
INFO: [Project 1-570] Preparing netlist for logic optimization
INFO: [Opt 31-138] Pushed 0 inverter(s) to 0 load pin(s).
Netlist sorting complete. Time (s): cpu = 00:00:00 ; elapsed = 00:00:00.010 . Memory (MB): peak = 2083.586 ; gain = 0.000
INFO: [Project 1-111] Unisim Transformation Summary:
  A total of 931 instances were transformed.
  (MUXCY,XORCY) => CARRY4: 570 instances
  FDE => FDRE: 330 instances
  LD => LDCE: 28 instances
  LDCP => LDCP (GND, LDCE, LUT3(x2), VCC): 2 instances
  LDP => LDPE: 1 instance 

Synth Design complete | Checksum: 4fb56e95
INFO: [Common 17-83] Releasing license: Synthesis
85 Infos, 181 Warnings, 0 Critical Warnings and 0 Errors encountered.
synth_design completed successfully
synth_design: Time (s): cpu = 00:01:05 ; elapsed = 00:01:11 . Memory (MB): peak = 2083.586 ; gain = 1542.445
Write ShapeDB Complete: Time (s): cpu = 00:00:00 ; elapsed = 00:00:00.024 . Memory (MB): peak = 2083.586 ; gain = 0.000
INFO: [Common 17-1381] The checkpoint 'C:/Users/lehar/OneDrive/Documents/GitHub/Runge-Kutta-45/RK45/RK45.runs/synth_1/Top.dcp' has been generated.
INFO: [Vivado 12-24828] Executing command : report_utilization -file Top_utilization_synth.rpt -pb Top_utilization_synth.pb
INFO: [Common 17-206] Exiting Vivado at Fri Mar 27 22:54:27 2026...
