
*** Running vivado
    with args -log Top.vdi -applog -m64 -product Vivado -messageDb vivado.pb -mode batch -source Top.tcl -notrace



****** Vivado v2025.2 (64-bit)
  **** SW Build 6299465 on Fri Nov 14 19:35:11 GMT 2025
  **** IP Build 6300035 on Fri Nov 14 10:48:45 MST 2025
  **** SharedData Build 6298862 on Thu Nov 13 04:50:51 MST 2025
  **** Start of session at: Sat Mar 28 19:41:41 2026
    ** Copyright 1986-2022 Xilinx, Inc. All Rights Reserved.
    ** Copyright 2022-2025 Advanced Micro Devices, Inc. All Rights Reserved.

source Top.tcl -notrace
create_project: Time (s): cpu = 00:00:10 ; elapsed = 00:00:07 . Memory (MB): peak = 526.602 ; gain = 222.508
Command: link_design -top Top -part xc7a35tftg256-1
Design is defaulting to srcset: sources_1
Design is defaulting to constrset: constrs_1
INFO: [Device 21-403] Loading part xc7a35tftg256-1
Netlist sorting complete. Time (s): cpu = 00:00:03 ; elapsed = 00:00:03 . Memory (MB): peak = 930.512 ; gain = 4.684
INFO: [Netlist 29-17] Analyzing 2920 Unisim elements for replacement
INFO: [Netlist 29-28] Unisim Transformation completed in 1 CPU seconds
INFO: [Project 1-479] Netlist was created with Vivado 2025.2
INFO: [Project 1-570] Preparing netlist for logic optimization
Parsing XDC File [C:/Users/Daniel/Documents/Master of Engineering/Parallel Architecture/Runge-Kutta-45/Runge-Kutta-45/RK45/RK45.srcs/constrs_1/new/constraint.xdc]
Finished Parsing XDC File [C:/Users/Daniel/Documents/Master of Engineering/Parallel Architecture/Runge-Kutta-45/Runge-Kutta-45/RK45/RK45.srcs/constrs_1/new/constraint.xdc]
INFO: [Opt 31-138] Pushed 0 inverter(s) to 0 load pin(s).
Netlist sorting complete. Time (s): cpu = 00:00:00 ; elapsed = 00:00:00.091 . Memory (MB): peak = 1114.543 ; gain = 0.000
INFO: [Project 1-111] Unisim Transformation Summary:
No Unisim elements were transformed.

7 Infos, 0 Warnings, 0 Critical Warnings and 0 Errors encountered.
link_design completed successfully
link_design: Time (s): cpu = 00:00:30 ; elapsed = 00:00:47 . Memory (MB): peak = 1114.543 ; gain = 574.508
Command: opt_design
Attempting to get a license for feature 'Implementation' and/or device 'xc7a35t'
INFO: [Common 17-349] Got license for feature 'Implementation' and/or device 'xc7a35t'
Running DRC as a precondition to command opt_design

Starting DRC Task
INFO: [DRC 23-27] Running DRC with 2 threads
INFO: [Project 1-461] DRC finished with 0 Errors
INFO: [Project 1-462] Please refer to the DRC report (report_drc) for more information.

Time (s): cpu = 00:00:01 ; elapsed = 00:00:00.751 . Memory (MB): peak = 1115.625 ; gain = 1.082

Starting Cache Timing Information Task
INFO: [Timing 38-35] Done setting XDC timing constraints.
Ending Cache Timing Information Task | Checksum: 2d71d5300

Time (s): cpu = 00:00:12 ; elapsed = 00:00:10 . Memory (MB): peak = 1705.910 ; gain = 590.285

Starting Logic Optimization Task

Phase 1 Initialization

Phase 1.1 Core Generation And Design Setup
Phase 1.1 Core Generation And Design Setup | Checksum: 2d71d5300

Time (s): cpu = 00:00:00 ; elapsed = 00:00:00.152 . Memory (MB): peak = 2175.965 ; gain = 0.000

Phase 1.2 Setup Constraints And Sort Netlist
Phase 1.2 Setup Constraints And Sort Netlist | Checksum: 2d71d5300

Time (s): cpu = 00:00:00 ; elapsed = 00:00:00.286 . Memory (MB): peak = 2175.965 ; gain = 0.000
Phase 1 Initialization | Checksum: 2d71d5300

Time (s): cpu = 00:00:00 ; elapsed = 00:00:00.296 . Memory (MB): peak = 2175.965 ; gain = 0.000

Phase 2 Timer Update And Timing Data Collection

Phase 2.1 Detect if minReqCache needed
Phase 2.1 Detect if minReqCache needed | Checksum: 2d71d5300

Time (s): cpu = 00:00:00 ; elapsed = 00:00:00.393 . Memory (MB): peak = 2188.219 ; gain = 12.254

Phase 2.2 Timer Update
Phase 2.2 Timer Update | Checksum: 2d71d5300

Time (s): cpu = 00:00:01 ; elapsed = 00:00:01 . Memory (MB): peak = 2188.219 ; gain = 12.254

Phase 2.3 Timing Data Collection
Phase 2.3 Timing Data Collection | Checksum: 2d71d5300

Time (s): cpu = 00:00:01 ; elapsed = 00:00:01 . Memory (MB): peak = 2188.219 ; gain = 12.254
Phase 2 Timer Update And Timing Data Collection | Checksum: 2d71d5300

Time (s): cpu = 00:00:01 ; elapsed = 00:00:01 . Memory (MB): peak = 2188.219 ; gain = 12.254

Phase 3 Retarget
INFO: [Opt 31-1851] Number of loadless carry chains removed were: 0
INFO: [Opt 31-1834] Total Chains To Be Transformed Were: 0 AND Number of Transformed insts Created are: 0
INFO: [Opt 31-138] Pushed 13 inverter(s) to 117 load pin(s).
INFO: [Opt 31-49] Retargeted 0 cell(s).
Phase 3 Retarget | Checksum: 1fa0871ee

Time (s): cpu = 00:00:03 ; elapsed = 00:00:03 . Memory (MB): peak = 2188.219 ; gain = 12.254
Retarget | Checksum: 1fa0871ee
INFO: [Opt 31-389] Phase Retarget created 342 cells and removed 397 cells

Phase 4 Constant propagation
INFO: [Opt 31-138] Pushed 0 inverter(s) to 0 load pin(s).
Phase 4 Constant propagation | Checksum: 2997772f8

Time (s): cpu = 00:00:05 ; elapsed = 00:00:05 . Memory (MB): peak = 2188.219 ; gain = 12.254
Constant propagation | Checksum: 2997772f8
INFO: [Opt 31-389] Phase Constant propagation created 610 cells and removed 1078 cells

Phase 5 Sweep
INFO: [Constraints 18-11670] Building netlist checker database with flags, 0x8
Done building netlist checker database: Time (s): cpu = 00:00:00 ; elapsed = 00:00:00.072 . Memory (MB): peak = 2188.219 ; gain = 0.000
INFO: [Constraints 18-11670] Building netlist checker database with flags, 0x8
Done building netlist checker database: Time (s): cpu = 00:00:00 ; elapsed = 00:00:00.065 . Memory (MB): peak = 2188.219 ; gain = 0.000
Phase 5 Sweep | Checksum: 289dc74ce

Time (s): cpu = 00:00:07 ; elapsed = 00:00:07 . Memory (MB): peak = 2188.219 ; gain = 12.254
Sweep | Checksum: 289dc74ce
INFO: [Opt 31-389] Phase Sweep created 95 cells and removed 1603 cells

Phase 6 BUFG optimization
Phase 6 BUFG optimization | Checksum: 289dc74ce

Time (s): cpu = 00:00:08 ; elapsed = 00:00:08 . Memory (MB): peak = 2188.219 ; gain = 12.254
BUFG optimization | Checksum: 289dc74ce
INFO: [Opt 31-662] Phase BUFG optimization created 0 cells of which 0 are BUFGs and removed 0 cells.

Phase 7 Shift Register Optimization
INFO: [Opt 31-1064] SRL Remap converted 0 SRLs to 0 registers and converted 0 registers of register chains to 0 SRLs
Phase 7 Shift Register Optimization | Checksum: 289dc74ce

Time (s): cpu = 00:00:09 ; elapsed = 00:00:08 . Memory (MB): peak = 2188.219 ; gain = 12.254
Shift Register Optimization | Checksum: 289dc74ce
INFO: [Opt 31-389] Phase Shift Register Optimization created 0 cells and removed 0 cells

Phase 8 Post Processing Netlist
Phase 8 Post Processing Netlist | Checksum: 21f07518c

Time (s): cpu = 00:00:09 ; elapsed = 00:00:09 . Memory (MB): peak = 2188.219 ; gain = 12.254
Post Processing Netlist | Checksum: 21f07518c
INFO: [Opt 31-389] Phase Post Processing Netlist created 0 cells and removed 0 cells

Phase 9 Finalization

Phase 9.1 Finalizing Design Cores and Updating Shapes
Phase 9.1 Finalizing Design Cores and Updating Shapes | Checksum: 1b6863b73

Time (s): cpu = 00:00:12 ; elapsed = 00:00:11 . Memory (MB): peak = 2188.219 ; gain = 12.254

Phase 9.2 Verifying Netlist Connectivity

Starting Connectivity Check Task

Time (s): cpu = 00:00:00 ; elapsed = 00:00:00.158 . Memory (MB): peak = 2188.219 ; gain = 0.000
Phase 9.2 Verifying Netlist Connectivity | Checksum: 1b6863b73

Time (s): cpu = 00:00:12 ; elapsed = 00:00:11 . Memory (MB): peak = 2188.219 ; gain = 12.254
Phase 9 Finalization | Checksum: 1b6863b73

Time (s): cpu = 00:00:12 ; elapsed = 00:00:11 . Memory (MB): peak = 2188.219 ; gain = 12.254
Opt_design Change Summary
=========================


-------------------------------------------------------------------------------------------------------------------------
|  Phase                        |  #Cells created  |  #Cells Removed  |  #Constrained objects preventing optimizations  |
-------------------------------------------------------------------------------------------------------------------------
|  Retarget                     |             342  |             397  |                                              0  |
|  Constant propagation         |             610  |            1078  |                                              0  |
|  Sweep                        |              95  |            1603  |                                              0  |
|  BUFG optimization            |               0  |               0  |                                              0  |
|  Shift Register Optimization  |               0  |               0  |                                              0  |
|  Post Processing Netlist      |               0  |               0  |                                              0  |
-------------------------------------------------------------------------------------------------------------------------


Ending Logic Optimization Task | Checksum: 1b6863b73

Time (s): cpu = 00:00:12 ; elapsed = 00:00:11 . Memory (MB): peak = 2188.219 ; gain = 12.254

Starting Power Optimization Task
INFO: [Pwropt 34-132] Skipping clock gating for clocks with a period < 2.00 ns.
Ending Power Optimization Task | Checksum: 1b6863b73

Time (s): cpu = 00:00:00 ; elapsed = 00:00:00.154 . Memory (MB): peak = 2188.219 ; gain = 0.000

Starting Final Cleanup Task
Ending Final Cleanup Task | Checksum: 1b6863b73

Time (s): cpu = 00:00:00 ; elapsed = 00:00:00.010 . Memory (MB): peak = 2188.219 ; gain = 0.000
Netlist sorting complete. Time (s): cpu = 00:00:01 ; elapsed = 00:00:00.087 . Memory (MB): peak = 2188.219 ; gain = 0.000
INFO: [Common 17-83] Releasing license: Implementation
28 Infos, 0 Warnings, 0 Critical Warnings and 0 Errors encountered.
opt_design completed successfully
opt_design: Time (s): cpu = 00:00:29 ; elapsed = 00:00:27 . Memory (MB): peak = 2188.219 ; gain = 1073.676
INFO: [Vivado 12-24828] Executing command : report_drc -file Top_drc_opted.rpt -pb Top_drc_opted.pb -rpx Top_drc_opted.rpx
Command: report_drc -file Top_drc_opted.rpt -pb Top_drc_opted.pb -rpx Top_drc_opted.rpx
INFO: [IP_Flow 19-1839] IP Catalog is up to date.
INFO: [DRC 23-27] Running DRC with 2 threads
INFO: [Vivado_Tcl 2-168] The results of DRC are in file C:/Users/Daniel/Documents/Master of Engineering/Parallel Architecture/Runge-Kutta-45/Runge-Kutta-45/RK45/RK45.runs/impl_1/Top_drc_opted.rpt.
report_drc completed successfully
INFO: [Timing 38-480] Writing timing data to binary archive.
Write ShapeDB Complete: Time (s): cpu = 00:00:00 ; elapsed = 00:00:00.145 . Memory (MB): peak = 2188.219 ; gain = 0.000
INFO: [Common 17-1381] The checkpoint 'C:/Users/Daniel/Documents/Master of Engineering/Parallel Architecture/Runge-Kutta-45/Runge-Kutta-45/RK45/RK45.runs/impl_1/Top_opt.dcp' has been generated.
write_checkpoint: Time (s): cpu = 00:00:12 ; elapsed = 00:00:09 . Memory (MB): peak = 2188.219 ; gain = 0.000
Command: place_design
Attempting to get a license for feature 'Implementation' and/or device 'xc7a35t'
INFO: [Common 17-349] Got license for feature 'Implementation' and/or device 'xc7a35t'
INFO: [Common 17-83] Releasing license: Implementation
INFO: [DRC 23-27] Running DRC with 2 threads
INFO: [Vivado_Tcl 4-198] DRC finished with 0 Errors
INFO: [Vivado_Tcl 4-199] Please refer to the DRC report (report_drc) for more information.
INFO: [Timing 38-35] Done setting XDC timing constraints.
Running DRC as a precondition to command place_design
INFO: [DRC 23-27] Running DRC with 2 threads
ERROR: [DRC UTLZ-1] Resource utilization: DSP48E1 over-utilized in Top Level Design (This design requires more DSP48E1 cells than are available in the target device. This design requires 112 of such cell types but only 90 compatible sites are available in the target device. Please analyze your synthesis results and constraints to ensure the design is mapped to Xilinx primitives as expected. If so, please consider targeting a larger device.)
ERROR: [DRC UTLZ-1] Resource utilization: DSPs over-utilized in Top Level Design (This design requires more DSPs cells than are available in the target device. This design requires 112 of such cell types but only 90 compatible sites are available in the target device. Please analyze your synthesis results and constraints to ensure the design is mapped to Xilinx primitives as expected. If so, please consider targeting a larger device.)
ERROR: [DRC UTLZ-1] Resource utilization: LUT as Logic over-utilized in Top Level Design (This design requires more LUT as Logic cells than are available in the target device. This design requires 24687 of such cell types but only 20800 compatible sites are available in the target device. Please analyze your synthesis results and constraints to ensure the design is mapped to Xilinx primitives as expected. If so, please consider targeting a larger device. Please set tcl parameter "drc.disableLUTOverUtilError" to 1 to change this error to warning.)
ERROR: [DRC UTLZ-1] Resource utilization: Register as Flip Flop over-utilized in Top Level Design (This design requires more Register as Flip Flop cells than are available in the target device. This design requires 43830 of such cell types but only 41600 compatible sites are available in the target device. Please analyze your synthesis results and constraints to ensure the design is mapped to Xilinx primitives as expected. If so, please consider targeting a larger device.)
ERROR: [DRC UTLZ-1] Resource utilization: Slice Registers over-utilized in Top Level Design (This design requires more Slice Registers cells than are available in the target device. This design requires 43851 of such cell types but only 41600 compatible sites are available in the target device. Please analyze your synthesis results and constraints to ensure the design is mapped to Xilinx primitives as expected. If so, please consider targeting a larger device.)
INFO: [Vivado_Tcl 4-198] DRC finished with 5 Errors, 13 Advisories
INFO: [Vivado_Tcl 4-199] Please refer to the DRC report (report_drc) for more information.
ERROR: [Vivado_Tcl 4-23] Error(s) found during DRC. Placer not run.
43 Infos, 0 Warnings, 0 Critical Warnings and 6 Errors encountered.
place_design failed
place_design: Time (s): cpu = 00:00:10 ; elapsed = 00:00:06 . Memory (MB): peak = 2188.219 ; gain = 0.000
ERROR: [Common 17-39] 'place_design' failed due to earlier errors.

INFO: [Common 17-206] Exiting Vivado at Sat Mar 28 19:43:28 2026...
