Copyright 1986-2022 Xilinx, Inc. All Rights Reserved. Copyright 2022-2025 Advanced Micro Devices, Inc. All Rights Reserved.
---------------------------------------------------------------------------------------------------------------------------------------------
| Tool Version : Vivado v.2025.2 (win64) Build 6299465 Fri Nov 14 19:35:11 GMT 2025
| Date         : Mon Mar 30 18:08:17 2026
| Host         : Harry running 64-bit major release  (build 9200)
| Command      : report_control_sets -verbose -file Top_control_sets_placed.rpt
| Design       : Top
| Device       : xc7a35t
---------------------------------------------------------------------------------------------------------------------------------------------

Control Set Information

Table of Contents
-----------------
1. Summary
2. Histogram
3. Flip-Flop Distribution
4. Detailed Control Set Information

1. Summary
----------

+----------------------------------------------------------+-------+
|                          Status                          | Count |
+----------------------------------------------------------+-------+
| Total control sets                                       |   159 |
|    Minimum number of control sets                        |   159 |
|    Addition due to synthesis replication                 |     0 |
|    Addition due to physical synthesis replication        |     0 |
| Unused register locations in slices containing registers |   185 |
+----------------------------------------------------------+-------+
* Control sets can be merged at opt_design using control_set_merge or merge_equivalent_drivers
** Run report_qor_suggestions for automated merging and remapping suggestions


2. Histogram
------------

+--------------------+-------+
|       Fanout       | Count |
+--------------------+-------+
| Total control sets |   159 |
| >= 0 to < 4        |     0 |
| >= 4 to < 6        |    27 |
| >= 6 to < 8        |     7 |
| >= 8 to < 10       |    27 |
| >= 10 to < 12      |     0 |
| >= 12 to < 14      |     0 |
| >= 14 to < 16      |    14 |
| >= 16              |    84 |
+--------------------+-------+
* Control sets can be remapped at either synth_design or opt_design


3. Flip-Flop Distribution
-------------------------

+--------------+-----------------------+------------------------+-----------------+--------------+
| Clock Enable | Synchronous Set/Reset | Asynchronous Set/Reset | Total Registers | Total Slices |
+--------------+-----------------------+------------------------+-----------------+--------------+
| No           | No                    | No                     |            8344 |         1890 |
| No           | No                    | Yes                    |               0 |            0 |
| No           | Yes                   | No                     |            1319 |          285 |
| Yes          | No                    | No                     |            1574 |          335 |
| Yes          | No                    | Yes                    |               0 |            0 |
| Yes          | Yes                   | No                     |              66 |           18 |
+--------------+-----------------------+------------------------+-----------------+--------------+


4. Detailed Control Set Information
-----------------------------------

+------------------+---------------------------------------------------------------------------------------------------------------+-----------------------------------------------------------------------------------------------------------------------------------------------------------------+------------------+----------------+--------------+
|   Clock Signal   |                                                 Enable Signal                                                 |                                                                         Set/Reset Signal                                                                        | Slice Load Count | Bel Load Count | Bels / Slice |
+------------------+---------------------------------------------------------------------------------------------------------------+-----------------------------------------------------------------------------------------------------------------------------------------------------------------+------------------+----------------+--------------+
|  clock_IBUF_BUFG | uut1/mem[20]_0[0]                                                                                             |                                                                                                                                                                 |                1 |              4 |         4.00 |
|  clock_IBUF_BUFG |                                                                                                               | uut4/uut/uut8/U0/i_synth/FMA_OP.OP/addsub/add/ALIGN_BLK/aligner.ALIGN_SHIFT/ALIGN_SHIFT/MUX_LOOP[1].SKEW_DIST_DEL.DEL_DIST/i_pipe/opt_has_pipe.first_q_reg[0]_0 |                1 |              4 |         4.00 |
|  clock_IBUF_BUFG | uut1/mem[8]_3[0]                                                                                              |                                                                                                                                                                 |                1 |              4 |         4.00 |
|  clock_IBUF_BUFG |                                                                                                               | uut4/uut/uut5/U0/i_synth/FMA_OP.OP/addsub/add/NORM/LZE/ENCODE[0].MUX_Z/OP_DEL/i_pipe/opt_has_pipe.first_q[1]                                                    |                1 |              4 |         4.00 |
|  clock_IBUF_BUFG |                                                                                                               | uut4/uut/uut8/U0/i_synth/FMA_OP.OP/addsub/add/NORM/LZE/ENCODE[0].MUX_Z/OP_DEL/i_pipe/opt_has_pipe.first_q_reg[0]_0                                              |                1 |              4 |         4.00 |
|  clock_IBUF_BUFG |                                                                                                               | uut4/uut/uut8/U0/i_synth/FMA_OP.OP/addsub/add/NORM/LZE/ENCODE[0].MUX_Z/OP_DEL/i_pipe/opt_has_pipe.first_q[1]                                                    |                1 |              4 |         4.00 |
|  clock_IBUF_BUFG |                                                                                                               | uut4/uut7/U0/i_synth/ADDSUB_OP.ADDSUB/DSP.OP/DSP48E1_BODY.EXP/BMA_EXP_DELAY/i_pipe/opt_has_pipe.first_q_reg[0]_0                                                |                2 |              4 |         2.00 |
|  clock_IBUF_BUFG | uut1/mem[12]_2[0]                                                                                             | uut1/mem[12][30]_i_1_n_0                                                                                                                                        |                1 |              4 |         4.00 |
|  clock_IBUF_BUFG |                                                                                                               | uut4/uut/uut1/U0/i_synth/ADDSUB_OP.ADDSUB/DSP.OP/DSP48E1_BODY.EXP/BMA_EXP_DELAY/i_pipe/opt_has_pipe.first_q_reg[0]_0                                            |                1 |              4 |         4.00 |
|  clock_IBUF_BUFG |                                                                                                               | uut4/uut/uut7/U0/i_synth/ADDSUB_OP.ADDSUB/DSP.OP/DSP48E1_BODY.EXP/BMA_EXP_DELAY/i_pipe/opt_has_pipe.first_q_reg[0]_0                                            |                1 |              4 |         4.00 |
|  clock_IBUF_BUFG | uut1/mem[12]_2[0]                                                                                             |                                                                                                                                                                 |                1 |              4 |         4.00 |
|  clock_IBUF_BUFG | uut1/mem[4][30]_i_1_n_0                                                                                       | uut1/mem[4][29]_i_1_n_0                                                                                                                                         |                1 |              4 |         4.00 |
|  clock_IBUF_BUFG | uut1/mem[20]_0[0]                                                                                             | uut1/mem[20][30]_i_1_n_0                                                                                                                                        |                1 |              4 |         4.00 |
|  clock_IBUF_BUFG | uut1/mem[8]_3[0]                                                                                              | uut1/mem[8][30]_i_1_n_0                                                                                                                                         |                1 |              4 |         4.00 |
|  clock_IBUF_BUFG |                                                                                                               | uut4/uut/uut5/U0/i_synth/FMA_OP.OP/addsub/add/NORM/LZE/ENCODE[0].MUX_Z/OP_DEL/i_pipe/opt_has_pipe.first_q_reg[0]_0                                              |                2 |              4 |         2.00 |
|  clock_IBUF_BUFG |                                                                                                               | uut4/uut6/U0/i_synth/FMA_OP.OP/addsub/add/NORM/LZE/ENCODE[0].MUX_Z/OP_DEL/i_pipe/opt_has_pipe.first_q[1]                                                        |                1 |              4 |         4.00 |
|  clock_IBUF_BUFG |                                                                                                               | uut4/uut6/U0/i_synth/FMA_OP.OP/addsub/add/NORM/LZE/ENCODE[0].MUX_Z/OP_DEL/i_pipe/opt_has_pipe.first_q_reg[0]_0                                                  |                1 |              4 |         4.00 |
|  clock_IBUF_BUFG | uut1/mem[16]_1[0]                                                                                             |                                                                                                                                                                 |                1 |              4 |         4.00 |
|  clock_IBUF_BUFG |                                                                                                               | uut4/uut/uut5/U0/i_synth/FMA_OP.OP/addsub/add/ALIGN_BLK/aligner.ALIGN_SHIFT/ALIGN_SHIFT/MUX_LOOP[1].SKEW_DIST_DEL.DEL_DIST/i_pipe/opt_has_pipe.first_q_reg[0]_0 |                1 |              4 |         4.00 |
|  clock_IBUF_BUFG | uut1/mem[0][30]_i_1_n_0                                                                                       | uut1/mem[0][29]_i_1_n_0                                                                                                                                         |                1 |              4 |         4.00 |
|  clock_IBUF_BUFG |                                                                                                               | uut4/uut6/U0/i_synth/FMA_OP.OP/addsub/add/ALIGN_BLK/aligner.ALIGN_SHIFT/ALIGN_SHIFT/MUX_LOOP[1].SKEW_DIST_DEL.DEL_DIST/i_pipe/opt_has_pipe.first_q_reg[0]_0     |                1 |              4 |         4.00 |
|  clock_IBUF_BUFG |                                                                                                               | uut4/uut/uut2/U0/i_synth/FMA_OP.OP/addsub/add/NORM/LZE/ENCODE[0].MUX_Z/OP_DEL/i_pipe/opt_has_pipe.first_q[1]                                                    |                1 |              4 |         4.00 |
|  clock_IBUF_BUFG |                                                                                                               | uut4/uut/uut2/U0/i_synth/FMA_OP.OP/addsub/add/NORM/LZE/ENCODE[0].MUX_Z/OP_DEL/i_pipe/opt_has_pipe.first_q_reg[0]_0                                              |                1 |              4 |         4.00 |
|  clock_IBUF_BUFG |                                                                                                               | uut4/uut/uut2/U0/i_synth/FMA_OP.OP/addsub/add/ALIGN_BLK/aligner.ALIGN_SHIFT/ALIGN_SHIFT/MUX_LOOP[1].SKEW_DIST_DEL.DEL_DIST/i_pipe/opt_has_pipe.first_q_reg[0]_0 |                1 |              4 |         4.00 |
|  clock_IBUF_BUFG | uut1/mem[16]_1[0]                                                                                             | uut1/mem[16][30]_i_1_n_0                                                                                                                                        |                1 |              4 |         4.00 |
|  clock_IBUF_BUFG | uut1/mem[0][30]_i_1_n_0                                                                                       | uut1/mem[0][22]_i_1_n_0                                                                                                                                         |                1 |              5 |         5.00 |
|  clock_IBUF_BUFG | uut1/mem[4][30]_i_1_n_0                                                                                       | uut1/mem[4][22]_i_1_n_0                                                                                                                                         |                3 |              5 |         1.67 |
|  clock_IBUF_BUFG |                                                                                                               | uut4/uut/uut1/U0/i_synth/ADDSUB_OP.ADDSUB/DSP.OP/DSP48E1_BODY.EXP/BMA_EXP_DELAY/i_pipe/Q[0]                                                                     |                1 |              7 |         7.00 |
|  clock_IBUF_BUFG |                                                                                                               | uut4/uut7/U0/i_synth/ADDSUB_OP.ADDSUB/DSP.OP/DSP48E1_BODY.EXP/BMA_EXP_DELAY/i_pipe/Q[0]                                                                         |                1 |              7 |         7.00 |
|  clock_IBUF_BUFG | uut1/mem[4][30]_i_1_n_0                                                                                       | uut1/mem[4][19]_i_1_n_0                                                                                                                                         |                2 |              7 |         3.50 |
|  clock_IBUF_BUFG | uut1/mem[4][30]_i_1_n_0                                                                                       |                                                                                                                                                                 |                3 |              7 |         2.33 |
|  clock_IBUF_BUFG |                                                                                                               | uut4/uut/uut7/U0/i_synth/ADDSUB_OP.ADDSUB/DSP.OP/DSP48E1_BODY.EXP/BMA_EXP_DELAY/i_pipe/Q[0]                                                                     |                1 |              7 |         7.00 |
|  clock_IBUF_BUFG | uut1/mem[0][30]_i_1_n_0                                                                                       | uut1/mem[0][19]_i_1_n_0                                                                                                                                         |                2 |              7 |         3.50 |
|  clock_IBUF_BUFG | uut1/mem[0][30]_i_1_n_0                                                                                       |                                                                                                                                                                 |                3 |              7 |         2.33 |
|  clock_IBUF_BUFG |                                                                                                               | uut4/uut/uut1/U0/i_synth/ADDSUB_OP.ADDSUB/DSP.OP/DSP48E1_BODY.EXP/DEC_STATE_PRE_OP_DELAY/i_pipe/opt_has_pipe.first_q_reg[5]_0[1]                                |                1 |              8 |         8.00 |
|  clock_IBUF_BUFG |                                                                                                               | uut4/uut/uut7/U0/i_synth/ADDSUB_OP.ADDSUB/DSP.OP/DSP48E1_BODY.EXP/NUMB_CMP/NOT_FAST.CMP/C_CHAIN/CARRY_OUT                                                       |                2 |              8 |         4.00 |
|  clock_IBUF_BUFG |                                                                                                               | uut4/uut/uut7/U0/i_synth/ADDSUB_OP.ADDSUB/DSP.OP/DSP48E1_BODY.EXP/DEC_STATE_PRE_OP_DELAY/i_pipe/opt_has_pipe.first_q_reg[5]_0[1]                                |                1 |              8 |         8.00 |
|  clock_IBUF_BUFG |                                                                                                               | uut4/uut/f4/uut1/U0/i_synth/ADDSUB_OP.ADDSUB/DSP.OP/DSP48E1_BODY.EXP/DEC_STATE_PRE_OP_DELAY/i_pipe/opt_has_pipe.first_q_reg[5]_0[1]                             |                1 |              8 |         8.00 |
|  clock_IBUF_BUFG |                                                                                                               | uut4/uut/f3/uut/U0/i_synth/ADDSUB_OP.ADDSUB/DSP.OP/DSP48E1_BODY.EXP/DEC_STATE_PRE_OP_DELAY/i_pipe/opt_has_pipe.first_q_reg[5]_0[1]                              |                1 |              8 |         8.00 |
|  clock_IBUF_BUFG |                                                                                                               | uut4/uut/f1/uut/U0/i_synth/ADDSUB_OP.ADDSUB/DSP.OP/DSP48E1_BODY.EXP/DEC_STATE_PRE_OP_DELAY/i_pipe/opt_has_pipe.first_q_reg[5]_0[1]                              |                1 |              8 |         8.00 |
|  clock_IBUF_BUFG |                                                                                                               | uut4/uut/f1/uut1/U0/i_synth/ADDSUB_OP.ADDSUB/DSP.OP/DSP48E1_BODY.EXP/DEC_STATE_PRE_OP_DELAY/i_pipe/opt_has_pipe.first_q_reg[5]_0[1]                             |                1 |              8 |         8.00 |
|  clock_IBUF_BUFG |                                                                                                               | uut4/uut7/U0/i_synth/ADDSUB_OP.ADDSUB/DSP.OP/DSP48E1_BODY.EXP/NUMB_CMP/NOT_FAST.CMP/C_CHAIN/CARRY_OUT                                                           |                3 |              8 |         2.67 |
|  clock_IBUF_BUFG |                                                                                                               | uut4/uut/f3/uut1/U0/i_synth/ADDSUB_OP.ADDSUB/DSP.OP/DSP48E1_BODY.EXP/DEC_STATE_PRE_OP_DELAY/i_pipe/opt_has_pipe.first_q_reg[5]_0[1]                             |                1 |              8 |         8.00 |
|  clock_IBUF_BUFG |                                                                                                               | uut4/uut/f4/uut/U0/i_synth/ADDSUB_OP.ADDSUB/DSP.OP/DSP48E1_BODY.EXP/DEC_STATE_PRE_OP_DELAY/i_pipe/opt_has_pipe.first_q_reg[5]_0[1]                              |                1 |              8 |         8.00 |
|  clock_IBUF_BUFG |                                                                                                               | uut4/uut5/U0/i_synth/ADDSUB_OP.ADDSUB/DSP.OP/DSP48E1_BODY.EXP/DEC_STATE_PRE_OP_DELAY/i_pipe/opt_has_pipe.first_q_reg[5]_0[1]                                    |                1 |              8 |         8.00 |
|  clock_IBUF_BUFG |                                                                                                               | uut4/uut3/U0/i_synth/ADDSUB_OP.ADDSUB/DSP.OP/DSP48E1_BODY.EXP/DEC_STATE_PRE_OP_DELAY/i_pipe/opt_has_pipe.first_q_reg[5]_0[1]                                    |                1 |              8 |         8.00 |
|  clock_IBUF_BUFG |                                                                                                               | uut4/uut/f2/uut1/U0/i_synth/ADDSUB_OP.ADDSUB/DSP.OP/DSP48E1_BODY.EXP/DEC_STATE_PRE_OP_DELAY/i_pipe/opt_has_pipe.first_q_reg[5]_0[1]                             |                1 |              8 |         8.00 |
|  clock_IBUF_BUFG |                                                                                                               | uut4/uut/f2/uut/U0/i_synth/ADDSUB_OP.ADDSUB/DSP.OP/DSP48E1_BODY.EXP/DEC_STATE_PRE_OP_DELAY/i_pipe/opt_has_pipe.first_q_reg[5]_0[1]                              |                1 |              8 |         8.00 |
|  clock_IBUF_BUFG |                                                                                                               | uut4/uut4/U0/i_synth/ADDSUB_OP.ADDSUB/DSP.OP/DSP48E1_BODY.EXP/DEC_STATE_PRE_OP_DELAY/i_pipe/opt_has_pipe.first_q_reg[5]_0[1]                                    |                1 |              8 |         8.00 |
|  clock_IBUF_BUFG |                                                                                                               | uut4/uut/uut1/U0/i_synth/ADDSUB_OP.ADDSUB/DSP.OP/DSP48E1_BODY.EXP/NUMB_CMP/NOT_FAST.CMP/C_CHAIN/CARRY_OUT                                                       |                3 |              8 |         2.67 |
|  clock_IBUF_BUFG | uut4/uut/uut8/U0/i_synth/need_combiner.use_3to1_fma.skid_buffer_combiner/gen_no_z_tready.reg1_a_ready_reg_n_0 |                                                                                                                                                                 |                1 |              8 |         8.00 |
|  clock_IBUF_BUFG | uut4/uut7/U0/i_synth/need_combiner.use_2to1.skid_buffer_combiner/gen_no_z_tready.reg1_b_ready_reg_n_0         |                                                                                                                                                                 |                1 |              8 |         8.00 |
|  clock_IBUF_BUFG | uut4/uut6/U0/i_synth/need_combiner.use_3to1_fma.skid_buffer_combiner/gen_no_z_tready.reg1_a_ready_reg_n_0     |                                                                                                                                                                 |                3 |              8 |         2.67 |
|  clock_IBUF_BUFG | uut4/uut2/U0/i_synth/need_combiner.use_2to1.skid_buffer_combiner/gen_no_z_tready.reg1_a_ready_reg_n_0         |                                                                                                                                                                 |                1 |              8 |         8.00 |
|  clock_IBUF_BUFG | uut4/uut1/U0/i_synth/need_combiner.use_2to1.skid_buffer_combiner/gen_no_z_tready.reg1_a_ready_reg_n_0         |                                                                                                                                                                 |                2 |              8 |         4.00 |
|  clock_IBUF_BUFG | uut4/uut/uut1/U0/i_synth/need_combiner.use_2to1.skid_buffer_combiner/gen_no_z_tready.reg1_b_ready_reg_n_0     |                                                                                                                                                                 |                1 |              8 |         8.00 |
|  clock_IBUF_BUFG | uut4/uut/uut7/U0/i_synth/need_combiner.use_2to1.skid_buffer_combiner/gen_no_z_tready.reg1_b_ready_reg_n_0     |                                                                                                                                                                 |                1 |              8 |         8.00 |
|  clock_IBUF_BUFG | uut4/uut/uut2/U0/i_synth/need_combiner.use_3to1_fma.skid_buffer_combiner/gen_no_z_tready.reg1_a_ready_reg_n_0 |                                                                                                                                                                 |                2 |              8 |         4.00 |
|  clock_IBUF_BUFG | uut4/uut/uut5/U0/i_synth/need_combiner.use_3to1_fma.skid_buffer_combiner/gen_no_z_tready.reg1_a_ready_reg_n_0 |                                                                                                                                                                 |                3 |              8 |         2.67 |
|  clock_IBUF_BUFG | uut1/mem[4][30]_i_1_n_0                                                                                       | uut1/mem[4][31]_i_1_n_0                                                                                                                                         |                2 |              9 |         4.50 |
|  clock_IBUF_BUFG | uut1/mem[0][30]_i_1_n_0                                                                                       | uut1/mem[0][31]_i_1_n_0                                                                                                                                         |                2 |              9 |         4.50 |
|  clock_IBUF_BUFG |                                                                                                               | uut4/uut/f2/uut1/U0/i_synth/ADDSUB_OP.ADDSUB/DSP.OP/DSP48E1_BODY.ALIGN_ADD/DSP2/i_no_versal_es1_workaround.DSP_0                                                |                3 |             15 |         5.00 |
|  clock_IBUF_BUFG |                                                                                                               | uut4/uut/uut7/U0/i_synth/ADDSUB_OP.ADDSUB/DSP.OP/DSP48E1_BODY.ALIGN_ADD/DSP2/i_no_versal_es1_workaround.DSP_0                                                   |                2 |             15 |         7.50 |
|  clock_IBUF_BUFG |                                                                                                               | uut4/uut/uut1/U0/i_synth/ADDSUB_OP.ADDSUB/DSP.OP/DSP48E1_BODY.ALIGN_ADD/DSP2/i_no_versal_es1_workaround.DSP_0                                                   |                2 |             15 |         7.50 |
|  clock_IBUF_BUFG |                                                                                                               | uut4/uut/f4/uut1/U0/i_synth/ADDSUB_OP.ADDSUB/DSP.OP/DSP48E1_BODY.ALIGN_ADD/DSP2/i_no_versal_es1_workaround.DSP_0                                                |                2 |             15 |         7.50 |
|  clock_IBUF_BUFG |                                                                                                               | uut4/uut4/U0/i_synth/ADDSUB_OP.ADDSUB/DSP.OP/DSP48E1_BODY.ALIGN_ADD/DSP2/i_no_versal_es1_workaround.DSP_0                                                       |                3 |             15 |         5.00 |
|  clock_IBUF_BUFG |                                                                                                               | uut4/uut7/U0/i_synth/ADDSUB_OP.ADDSUB/DSP.OP/DSP48E1_BODY.ALIGN_ADD/DSP2/i_no_versal_es1_workaround.DSP_0                                                       |                4 |             15 |         3.75 |
|  clock_IBUF_BUFG |                                                                                                               | uut4/uut/f1/uut1/U0/i_synth/ADDSUB_OP.ADDSUB/DSP.OP/DSP48E1_BODY.ALIGN_ADD/DSP2/i_no_versal_es1_workaround.DSP_0                                                |                4 |             15 |         3.75 |
|  clock_IBUF_BUFG |                                                                                                               | uut4/uut3/U0/i_synth/ADDSUB_OP.ADDSUB/DSP.OP/DSP48E1_BODY.ALIGN_ADD/DSP2/i_no_versal_es1_workaround.DSP_0                                                       |                2 |             15 |         7.50 |
|  clock_IBUF_BUFG |                                                                                                               | uut4/uut/f4/uut/U0/i_synth/ADDSUB_OP.ADDSUB/DSP.OP/DSP48E1_BODY.ALIGN_ADD/DSP2/i_no_versal_es1_workaround.DSP_0                                                 |                2 |             15 |         7.50 |
|  clock_IBUF_BUFG |                                                                                                               | uut4/uut/f3/uut1/U0/i_synth/ADDSUB_OP.ADDSUB/DSP.OP/DSP48E1_BODY.ALIGN_ADD/DSP2/i_no_versal_es1_workaround.DSP_0                                                |                2 |             15 |         7.50 |
|  clock_IBUF_BUFG |                                                                                                               | uut4/uut/f1/uut/U0/i_synth/ADDSUB_OP.ADDSUB/DSP.OP/DSP48E1_BODY.ALIGN_ADD/DSP2/i_no_versal_es1_workaround.DSP_0                                                 |                2 |             15 |         7.50 |
|  clock_IBUF_BUFG |                                                                                                               | uut4/uut/f2/uut/U0/i_synth/ADDSUB_OP.ADDSUB/DSP.OP/DSP48E1_BODY.ALIGN_ADD/DSP2/i_no_versal_es1_workaround.DSP_0                                                 |                2 |             15 |         7.50 |
|  clock_IBUF_BUFG |                                                                                                               | uut4/uut5/U0/i_synth/ADDSUB_OP.ADDSUB/DSP.OP/DSP48E1_BODY.ALIGN_ADD/DSP2/i_no_versal_es1_workaround.DSP_0                                                       |                2 |             15 |         7.50 |
|  clock_IBUF_BUFG |                                                                                                               | uut4/uut/f3/uut/U0/i_synth/ADDSUB_OP.ADDSUB/DSP.OP/DSP48E1_BODY.ALIGN_ADD/DSP2/i_no_versal_es1_workaround.DSP_0                                                 |                2 |             15 |         7.50 |
|  clock_IBUF_BUFG |                                                                                                               | uut4/uut/uut8/U0/i_synth/FMA_OP.OP/addsub/add/ALIGN_BLK/ABS_DELAY/i_pipe/opt_has_pipe.first_q_reg[5]_0                                                          |                2 |             16 |         8.00 |
|  clock_IBUF_BUFG |                                                                                                               | uut4/uut/uut8/U0/i_synth/FMA_OP.OP/addsub/add/ALIGN_BLK/ABS_DELAY/i_pipe/opt_has_pipe.first_q[5]                                                                |                4 |             16 |         4.00 |
|  clock_IBUF_BUFG |                                                                                                               | uut4/uut/uut8/U0/i_synth/FMA_OP.OP/addsub/add/NORM/LZE/ZERO_DET_CC_1/CHAIN_GEN[3].CARRYS_DEL.NEED_DEL.CARRYS_FD_0                                               |                4 |             16 |         4.00 |
|  clock_IBUF_BUFG |                                                                                                               | uut4/uut/uut8/U0/i_synth/FMA_OP.OP/addsub/add/NORM/LZE/ZERO_DET_CC_1/CARRYS_OUT[7]                                                                              |                3 |             16 |         5.33 |
|  clock_IBUF_BUFG |                                                                                                               | uut4/uut/uut2/U0/i_synth/FMA_OP.OP/addsub/add/ALIGN_BLK/ABS_DELAY/i_pipe/opt_has_pipe.first_q_reg[5]_0                                                          |                3 |             16 |         5.33 |
|  clock_IBUF_BUFG |                                                                                                               | uut4/uut6/U0/i_synth/FMA_OP.OP/addsub/add/NORM/LZE/ZERO_DET_CC_1/CARRYS_OUT[7]                                                                                  |                2 |             16 |         8.00 |
|  clock_IBUF_BUFG |                                                                                                               | uut4/uut7/U0/i_synth/ADDSUB_OP.ADDSUB/DSP.OP/DSP48E1_BODY.EXP/DEC_STATE_PRE_OP_DELAY/i_pipe/opt_has_pipe.first_q_reg[5]_0[1]                                    |                5 |             16 |         3.20 |
|  clock_IBUF_BUFG |                                                                                                               | uut4/uut6/U0/i_synth/FMA_OP.OP/addsub/add/ALIGN_BLK/ABS_DELAY/i_pipe/opt_has_pipe.first_q_reg[5]_0                                                              |                3 |             16 |         5.33 |
|  clock_IBUF_BUFG |                                                                                                               | uut4/uut6/U0/i_synth/FMA_OP.OP/addsub/add/ALIGN_BLK/ABS_DELAY/i_pipe/opt_has_pipe.first_q[5]                                                                    |                4 |             16 |         4.00 |
|  clock_IBUF_BUFG |                                                                                                               | uut4/uut6/U0/i_synth/FMA_OP.OP/addsub/add/NORM/LZE/ZERO_DET_CC_1/CHAIN_GEN[3].CARRYS_DEL.NEED_DEL.CARRYS_FD_0                                                   |                3 |             16 |         5.33 |
|  clock_IBUF_BUFG |                                                                                                               | uut4/uut/uut2/U0/i_synth/FMA_OP.OP/addsub/add/ALIGN_BLK/ABS_DELAY/i_pipe/opt_has_pipe.first_q[5]                                                                |                5 |             16 |         3.20 |
|  clock_IBUF_BUFG |                                                                                                               | uut4/uut/uut2/U0/i_synth/FMA_OP.OP/addsub/add/NORM/LZE/ZERO_DET_CC_1/CHAIN_GEN[3].CARRYS_DEL.NEED_DEL.CARRYS_FD_0                                               |                2 |             16 |         8.00 |
|  clock_IBUF_BUFG |                                                                                                               | uut4/uut/uut2/U0/i_synth/FMA_OP.OP/addsub/add/NORM/LZE/ZERO_DET_CC_1/CARRYS_OUT[7]                                                                              |                2 |             16 |         8.00 |
|  clock_IBUF_BUFG |                                                                                                               | uut4/uut/uut5/U0/i_synth/FMA_OP.OP/addsub/add/ALIGN_BLK/ABS_DELAY/i_pipe/opt_has_pipe.first_q_reg[5]_0                                                          |                3 |             16 |         5.33 |
|  clock_IBUF_BUFG |                                                                                                               | uut4/uut/uut5/U0/i_synth/FMA_OP.OP/addsub/add/ALIGN_BLK/ABS_DELAY/i_pipe/opt_has_pipe.first_q[5]                                                                |                4 |             16 |         4.00 |
|  clock_IBUF_BUFG |                                                                                                               | uut4/uut/uut5/U0/i_synth/FMA_OP.OP/addsub/add/NORM/LZE/ZERO_DET_CC_1/CARRYS_OUT[7]                                                                              |                3 |             16 |         5.33 |
|  clock_IBUF_BUFG |                                                                                                               | uut4/uut/uut5/U0/i_synth/FMA_OP.OP/addsub/add/NORM/LZE/ZERO_DET_CC_1/CHAIN_GEN[3].CARRYS_DEL.NEED_DEL.CARRYS_FD_0                                               |                3 |             16 |         5.33 |
|  clock_IBUF_BUFG |                                                                                                               | uut4/uut3/U0/i_synth/ADDSUB_OP.ADDSUB/DSP.OP/DSP48E1_BODY.EXP/DEC_STATE_PRE_OP_DELAY/i_pipe/opt_has_pipe.first_q_reg[5]_0[2]                                    |                3 |             22 |         7.33 |
|  clock_IBUF_BUFG |                                                                                                               | uut4/uut/uut2/U0/i_synth/FMA_OP.OP/addsub/add/EXP/conv_exp.downsize_exp/FLOW_REQ.EXP_NE.FLOW_DELAY/i_pipe/opt_has_pipe.first_q_reg[3]_1                         |                4 |             22 |         5.50 |
|  clock_IBUF_BUFG |                                                                                                               | uut4/uut/f4/uut1/U0/i_synth/ADDSUB_OP.ADDSUB/DSP.OP/DSP48E1_BODY.EXP/DEC_STATE_PRE_OP_DELAY/i_pipe/opt_has_pipe.first_q_reg[5]_0[2]                             |                4 |             22 |         5.50 |
|  clock_IBUF_BUFG |                                                                                                               | uut4/uut/uut7/U0/i_synth/ADDSUB_OP.ADDSUB/DSP.OP/DSP48E1_BODY.EXP/DEC_STATE_PRE_OP_DELAY/i_pipe/opt_has_pipe.first_q_reg[5]_0[2]                                |                6 |             22 |         3.67 |
|  clock_IBUF_BUFG |                                                                                                               | uut4/uut/uut1/U0/i_synth/ADDSUB_OP.ADDSUB/DSP.OP/DSP48E1_BODY.EXP/DEC_STATE_PRE_OP_DELAY/i_pipe/opt_has_pipe.first_q_reg[5]_0[2]                                |                4 |             22 |         5.50 |
|  clock_IBUF_BUFG |                                                                                                               | uut4/uut4/U0/i_synth/ADDSUB_OP.ADDSUB/DSP.OP/DSP48E1_BODY.EXP/DEC_STATE_PRE_OP_DELAY/i_pipe/opt_has_pipe.first_q_reg[5]_0[2]                                    |                4 |             22 |         5.50 |
|  clock_IBUF_BUFG |                                                                                                               | uut4/uut/f3/uut1/U0/i_synth/ADDSUB_OP.ADDSUB/DSP.OP/DSP48E1_BODY.EXP/DEC_STATE_PRE_OP_DELAY/i_pipe/opt_has_pipe.first_q_reg[5]_0[2]                             |                3 |             22 |         7.33 |
|  clock_IBUF_BUFG |                                                                                                               | uut4/uut/f3/uut/U0/i_synth/ADDSUB_OP.ADDSUB/DSP.OP/DSP48E1_BODY.EXP/DEC_STATE_PRE_OP_DELAY/i_pipe/opt_has_pipe.first_q_reg[5]_0[2]                              |                4 |             22 |         5.50 |
|  clock_IBUF_BUFG |                                                                                                               | uut4/uut/f1/uut/U0/i_synth/ADDSUB_OP.ADDSUB/DSP.OP/DSP48E1_BODY.EXP/DEC_STATE_PRE_OP_DELAY/i_pipe/opt_has_pipe.first_q_reg[5]_0[2]                              |                5 |             22 |         4.40 |
|  clock_IBUF_BUFG |                                                                                                               | uut4/uut5/U0/i_synth/ADDSUB_OP.ADDSUB/DSP.OP/DSP48E1_BODY.EXP/DEC_STATE_PRE_OP_DELAY/i_pipe/opt_has_pipe.first_q_reg[5]_0[2]                                    |                3 |             22 |         7.33 |
|  clock_IBUF_BUFG |                                                                                                               | uut4/uut/f4/uut/U0/i_synth/ADDSUB_OP.ADDSUB/DSP.OP/DSP48E1_BODY.EXP/DEC_STATE_PRE_OP_DELAY/i_pipe/opt_has_pipe.first_q_reg[5]_0[2]                              |                4 |             22 |         5.50 |
|  clock_IBUF_BUFG |                                                                                                               | uut4/uut/uut5/U0/i_synth/FMA_OP.OP/addsub/add/EXP/conv_exp.downsize_exp/FLOW_REQ.EXP_NE.FLOW_DELAY/i_pipe/opt_has_pipe.first_q_reg[3]_1                         |                6 |             22 |         3.67 |
|  clock_IBUF_BUFG |                                                                                                               | uut4/uut/f2/uut1/U0/i_synth/ADDSUB_OP.ADDSUB/DSP.OP/DSP48E1_BODY.EXP/DEC_STATE_PRE_OP_DELAY/i_pipe/opt_has_pipe.first_q_reg[5]_0[2]                             |                6 |             22 |         3.67 |
|  clock_IBUF_BUFG |                                                                                                               | uut4/uut/f2/uut/U0/i_synth/ADDSUB_OP.ADDSUB/DSP.OP/DSP48E1_BODY.EXP/DEC_STATE_PRE_OP_DELAY/i_pipe/opt_has_pipe.first_q_reg[5]_0[2]                              |                6 |             22 |         3.67 |
|  clock_IBUF_BUFG |                                                                                                               | uut4/uut/f1/uut1/U0/i_synth/ADDSUB_OP.ADDSUB/DSP.OP/DSP48E1_BODY.EXP/DEC_STATE_PRE_OP_DELAY/i_pipe/opt_has_pipe.first_q_reg[5]_0[2]                             |                3 |             22 |         7.33 |
|  clock_IBUF_BUFG |                                                                                                               | uut4/uut/uut8/U0/i_synth/FMA_OP.OP/addsub/add/EXP/conv_exp.downsize_exp/FLOW_REQ.EXP_NE.FLOW_DELAY/i_pipe/opt_has_pipe.first_q_reg[3]_1                         |                5 |             22 |         4.40 |
|  clock_IBUF_BUFG | uut4/uut/f3/uut/U0/i_synth/need_combiner.use_2to1.skid_buffer_combiner/gen_no_z_tready.reg1_b_ready_reg_n_0   |                                                                                                                                                                 |                6 |             32 |         5.33 |
|  clock_IBUF_BUFG | uut4/uut/f3/uut/U0/i_synth/need_combiner.use_2to1.skid_buffer_combiner/gen_no_z_tready.reg1_a_ready_reg_n_0   |                                                                                                                                                                 |                6 |             32 |         5.33 |
|  clock_IBUF_BUFG | uut4/uut/f3/uut2/U0/i_synth/need_combiner.use_2to1.skid_buffer_combiner/gen_no_z_tready.reg1_b_ready_reg_n_0  |                                                                                                                                                                 |                5 |             32 |         6.40 |
|  clock_IBUF_BUFG | uut4/uut/f3/uut2/U0/i_synth/need_combiner.use_2to1.skid_buffer_combiner/gen_no_z_tready.reg1_a_ready_reg_n_0  |                                                                                                                                                                 |                5 |             32 |         6.40 |
|  clock_IBUF_BUFG | uut4/uut/f3/uut1/U0/i_synth/need_combiner.use_2to1.skid_buffer_combiner/gen_no_z_tready.reg1_a_ready_reg_n_0  |                                                                                                                                                                 |                6 |             32 |         5.33 |
|  clock_IBUF_BUFG | uut4/uut7/U0/i_synth/need_combiner.use_2to1.skid_buffer_combiner/gen_no_z_tready.reg1_a_ready_reg_n_0         |                                                                                                                                                                 |                8 |             32 |         4.00 |
|  clock_IBUF_BUFG | uut4/uut/f3/uut1/U0/i_synth/need_combiner.use_2to1.skid_buffer_combiner/gen_no_z_tready.reg1_b_ready_reg_n_0  |                                                                                                                                                                 |                6 |             32 |         5.33 |
|  clock_IBUF_BUFG | uut4/uut6/U0/i_synth/need_combiner.use_3to1_fma.skid_buffer_combiner/gen_no_z_tready.reg1_c_ready_reg_n_0     |                                                                                                                                                                 |                6 |             32 |         5.33 |
|  clock_IBUF_BUFG | uut4/uut6/U0/i_synth/need_combiner.use_3to1_fma.skid_buffer_combiner/gen_no_z_tready.reg1_b_ready_reg_n_0     |                                                                                                                                                                 |                5 |             32 |         6.40 |
|  clock_IBUF_BUFG | uut4/uut4/U0/i_synth/need_combiner.use_2to1.skid_buffer_combiner/gen_no_z_tready.reg1_b_ready_reg_n_0         |                                                                                                                                                                 |               10 |             32 |         3.20 |
|  clock_IBUF_BUFG | uut4/uut4/U0/i_synth/need_combiner.use_2to1.skid_buffer_combiner/gen_no_z_tready.reg1_a_ready_reg_n_0         |                                                                                                                                                                 |                9 |             32 |         3.56 |
|  clock_IBUF_BUFG | uut4/uut5/U0/i_synth/need_combiner.use_2to1.skid_buffer_combiner/gen_no_z_tready.reg1_a_ready_reg_n_0         |                                                                                                                                                                 |                7 |             32 |         4.57 |
|  clock_IBUF_BUFG | uut4/uut5/U0/i_synth/need_combiner.use_2to1.skid_buffer_combiner/gen_no_z_tready.reg1_b_ready_reg_n_0         |                                                                                                                                                                 |                8 |             32 |         4.00 |
|  clock_IBUF_BUFG | uut4/uut3/U0/i_synth/need_combiner.use_2to1.skid_buffer_combiner/gen_no_z_tready.reg1_a_ready_reg_n_0         |                                                                                                                                                                 |                7 |             32 |         4.57 |
|  clock_IBUF_BUFG | uut4/uut2/U0/i_synth/need_combiner.use_2to1.skid_buffer_combiner/gen_no_z_tready.reg1_b_ready_reg_n_0         |                                                                                                                                                                 |                6 |             32 |         5.33 |
|  clock_IBUF_BUFG | uut4/uut1/U0/i_synth/need_combiner.use_2to1.skid_buffer_combiner/gen_no_z_tready.reg1_b_ready_reg_n_0         |                                                                                                                                                                 |                7 |             32 |         4.57 |
|  clock_IBUF_BUFG | uut4/uut/uut1/U0/i_synth/need_combiner.use_2to1.skid_buffer_combiner/gen_no_z_tready.reg1_a_ready_reg_n_0     |                                                                                                                                                                 |                6 |             32 |         5.33 |
|  clock_IBUF_BUFG | uut4/uut3/U0/i_synth/need_combiner.use_2to1.skid_buffer_combiner/gen_no_z_tready.reg1_b_ready_reg_n_0         |                                                                                                                                                                 |               10 |             32 |         3.20 |
|  clock_IBUF_BUFG | uut4/uut/uut2/U0/i_synth/need_combiner.use_3to1_fma.skid_buffer_combiner/gen_no_z_tready.reg1_b_ready_reg_n_0 |                                                                                                                                                                 |                7 |             32 |         4.57 |
|  clock_IBUF_BUFG | uut4/uut/uut2/U0/i_synth/need_combiner.use_3to1_fma.skid_buffer_combiner/gen_no_z_tready.reg1_c_ready_reg_n_0 |                                                                                                                                                                 |                7 |             32 |         4.57 |
|  clock_IBUF_BUFG | uut4/uut/uut5/U0/i_synth/need_combiner.use_3to1_fma.skid_buffer_combiner/gen_no_z_tready.reg1_b_ready_reg_n_0 |                                                                                                                                                                 |                7 |             32 |         4.57 |
|  clock_IBUF_BUFG | uut4/uut/uut5/U0/i_synth/need_combiner.use_3to1_fma.skid_buffer_combiner/gen_no_z_tready.reg1_c_ready_reg_n_0 |                                                                                                                                                                 |                6 |             32 |         5.33 |
|  clock_IBUF_BUFG | uut4/uut/uut8/U0/i_synth/need_combiner.use_3to1_fma.skid_buffer_combiner/gen_no_z_tready.reg1_b_ready_reg_n_0 |                                                                                                                                                                 |               10 |             32 |         3.20 |
|  clock_IBUF_BUFG | uut4/uut/uut7/U0/i_synth/need_combiner.use_2to1.skid_buffer_combiner/gen_no_z_tready.reg1_a_ready_reg_n_0     |                                                                                                                                                                 |                5 |             32 |         6.40 |
|  clock_IBUF_BUFG | uut4/uut/uut8/U0/i_synth/need_combiner.use_3to1_fma.skid_buffer_combiner/gen_no_z_tready.reg1_c_ready_reg_n_0 |                                                                                                                                                                 |                6 |             32 |         5.33 |
|  clock_IBUF_BUFG | uut4/uut/f4/uut/U0/i_synth/need_combiner.use_2to1.skid_buffer_combiner/gen_no_z_tready.reg1_a_ready_reg_n_0   |                                                                                                                                                                 |                6 |             32 |         5.33 |
|  clock_IBUF_BUFG | uut4/uut/f4/uut/U0/i_synth/need_combiner.use_2to1.skid_buffer_combiner/gen_no_z_tready.reg1_b_ready_reg_n_0   |                                                                                                                                                                 |                8 |             32 |         4.00 |
|  clock_IBUF_BUFG | uut4/uut/f4/uut2/U0/i_synth/need_combiner.use_2to1.skid_buffer_combiner/gen_no_z_tready.reg1_a_ready_reg_n_0  |                                                                                                                                                                 |                6 |             32 |         5.33 |
|  clock_IBUF_BUFG | uut4/uut/f4/uut2/U0/i_synth/need_combiner.use_2to1.skid_buffer_combiner/gen_no_z_tready.reg1_b_ready_reg_n_0  |                                                                                                                                                                 |                6 |             32 |         5.33 |
|  clock_IBUF_BUFG | uut4/uut/f4/uut1/U0/i_synth/need_combiner.use_2to1.skid_buffer_combiner/gen_no_z_tready.reg1_a_ready_reg_n_0  |                                                                                                                                                                 |                6 |             32 |         5.33 |
|  clock_IBUF_BUFG | uut4/uut/f4/uut1/U0/i_synth/need_combiner.use_2to1.skid_buffer_combiner/gen_no_z_tready.reg1_b_ready_reg_n_0  |                                                                                                                                                                 |                6 |             32 |         5.33 |
|  clock_IBUF_BUFG | uut4/uut/f1/uut/U0/i_synth/need_combiner.use_2to1.skid_buffer_combiner/gen_no_z_tready.reg1_b_ready_reg_n_0   |                                                                                                                                                                 |                5 |             32 |         6.40 |
|  clock_IBUF_BUFG | uut4/uut/f1/uut/U0/i_synth/need_combiner.use_2to1.skid_buffer_combiner/gen_no_z_tready.reg1_a_ready_reg_n_0   |                                                                                                                                                                 |                6 |             32 |         5.33 |
|  clock_IBUF_BUFG | uut4/uut/f1/uut2/U0/i_synth/need_combiner.use_2to1.skid_buffer_combiner/gen_no_z_tready.reg1_b_ready_reg_n_0  |                                                                                                                                                                 |                5 |             32 |         6.40 |
|  clock_IBUF_BUFG | uut4/uut/f1/uut2/U0/i_synth/need_combiner.use_2to1.skid_buffer_combiner/gen_no_z_tready.reg1_a_ready_reg_n_0  |                                                                                                                                                                 |                8 |             32 |         4.00 |
|  clock_IBUF_BUFG | uut4/uut/f1/uut1/U0/i_synth/need_combiner.use_2to1.skid_buffer_combiner/gen_no_z_tready.reg1_b_ready_reg_n_0  |                                                                                                                                                                 |                5 |             32 |         6.40 |
|  clock_IBUF_BUFG | uut4/uut/f1/uut1/U0/i_synth/need_combiner.use_2to1.skid_buffer_combiner/gen_no_z_tready.reg1_a_ready_reg_n_0  |                                                                                                                                                                 |                8 |             32 |         4.00 |
|  clock_IBUF_BUFG | uut4/uut/f2/uut/U0/i_synth/need_combiner.use_2to1.skid_buffer_combiner/gen_no_z_tready.reg1_a_ready_reg_n_0   |                                                                                                                                                                 |                6 |             32 |         5.33 |
|  clock_IBUF_BUFG | uut4/uut/f2/uut/U0/i_synth/need_combiner.use_2to1.skid_buffer_combiner/gen_no_z_tready.reg1_b_ready_reg_n_0   |                                                                                                                                                                 |                5 |             32 |         6.40 |
|  clock_IBUF_BUFG | uut4/uut/f2/uut2/U0/i_synth/need_combiner.use_2to1.skid_buffer_combiner/gen_no_z_tready.reg1_b_ready_reg_n_0  |                                                                                                                                                                 |                8 |             32 |         4.00 |
|  clock_IBUF_BUFG | uut4/uut/f2/uut2/U0/i_synth/need_combiner.use_2to1.skid_buffer_combiner/gen_no_z_tready.reg1_a_ready_reg_n_0  |                                                                                                                                                                 |                9 |             32 |         3.56 |
|  clock_IBUF_BUFG | uut4/uut/f2/uut1/U0/i_synth/need_combiner.use_2to1.skid_buffer_combiner/gen_no_z_tready.reg1_a_ready_reg_n_0  |                                                                                                                                                                 |                4 |             32 |         8.00 |
|  clock_IBUF_BUFG | uut4/uut/f2/uut1/U0/i_synth/need_combiner.use_2to1.skid_buffer_combiner/gen_no_z_tready.reg1_b_ready_reg_n_0  |                                                                                                                                                                 |                7 |             32 |         4.57 |
|  clock_IBUF_BUFG |                                                                                                               | uut4/uut6/U0/i_synth/FMA_OP.OP/addsub/add/EXP/conv_exp.downsize_exp/FLOW_REQ.EXP_NE.FLOW_DELAY/i_pipe/opt_has_pipe.first_q_reg[3]_1                             |               17 |             44 |         2.59 |
|  clock_IBUF_BUFG |                                                                                                               | uut4/uut7/U0/i_synth/ADDSUB_OP.ADDSUB/DSP.OP/DSP48E1_BODY.EXP/DEC_STATE_PRE_OP_DELAY/i_pipe/opt_has_pipe.first_q_reg[5]_0[2]                                    |               13 |             44 |         3.38 |
|  clock_IBUF_BUFG |                                                                                                               | uut4/uut6/U0/i_synth/FMA_OP.OP/addsub/add/zero_largest                                                                                                          |               13 |             47 |         3.62 |
|  clock_IBUF_BUFG |                                                                                                               | uut4/uut/uut2/U0/i_synth/FMA_OP.OP/addsub/add/zero_largest                                                                                                      |               12 |             47 |         3.92 |
|  clock_IBUF_BUFG |                                                                                                               | uut4/uut/uut5/U0/i_synth/FMA_OP.OP/addsub/add/zero_largest                                                                                                      |               17 |             47 |         2.76 |
|  clock_IBUF_BUFG |                                                                                                               | uut4/uut/uut8/U0/i_synth/FMA_OP.OP/addsub/add/zero_largest                                                                                                      |               13 |             47 |         3.62 |
|  clock_IBUF_BUFG | uut1/x_in0                                                                                                    |                                                                                                                                                                 |               25 |             96 |         3.84 |
|  clock_IBUF_BUFG |                                                                                                               |                                                                                                                                                                 |             1890 |           8894 |         4.71 |
+------------------+---------------------------------------------------------------------------------------------------------------+-----------------------------------------------------------------------------------------------------------------------------------------------------------------+------------------+----------------+--------------+


