Vivado Simulator v2025.2
Copyright 1986-2022 Xilinx, Inc. All Rights Reserved.
Copyright 2022-2025 Advanced Micro Devices, Inc. All Rights Reserved.
Running: C:/Xilinx/2025.2/Vivado/bin/unwrapped/win64.o/xelab.exe --incr --debug typical --relax --mt 2 -L xil_defaultlib -L xbip_utils_v3_0_15 -L axi_utils_v2_0_11 -L xbip_pipe_v3_0_11 -L xbip_dsp48_wrapper_v3_0_7 -L mult_gen_v12_0_24 -L floating_point_v7_1_21 -L secureip -L xpm --snapshot Top_TB_behav xil_defaultlib.Top_TB -log elaborate.log 
Using 2 slave threads.
Starting static elaboration
Completed static elaboration
Starting simulation data flow analysis
Completed simulation data flow analysis
Time Resolution for simulation is 1ps
Compiling package std.standard
Compiling package std.textio
Compiling package ieee.std_logic_1164
Compiling package ieee.numeric_std
Compiling package ieee.std_logic_arith
Compiling package ieee.std_logic_unsigned
Compiling package floating_point_v7_1_21.floating_point_v7_1_21_viv_comp
Compiling package xbip_utils_v3_0_15.xbip_utils_v3_0_15_pkg
Compiling package axi_utils_v2_0_11.axi_utils_v2_0_11_pkg
Compiling package floating_point_v7_1_21.floating_point_v7_1_21_consts
Compiling package ieee.math_real
Compiling package floating_point_v7_1_21.floating_point_v7_1_21_exp_table...
Compiling package mult_gen_v12_0_24.mult_gen_v12_0_24_pkg
Compiling package ieee.std_logic_signed
Compiling package floating_point_v7_1_21.floating_point_v7_1_21_pkg
Compiling package floating_point_v7_1_21.flt_utils
Compiling package xbip_pipe_v3_0_11.xbip_pipe_v3_0_11_viv_comp
Compiling package unisim.vcomponents
Compiling package ieee.vital_timing
Compiling package ieee.vital_primitives
Compiling package unisim.vpkg
Compiling package mult_gen_v12_0_24.dsp_pkg
Compiling architecture behavioral of entity xil_defaultlib.Mem [mem_default]
Compiling architecture behavioral of entity xil_defaultlib.reg [reg_default]
Compiling architecture behavioral of entity xil_defaultlib.Control [control_default]
Compiling architecture xilinx of entity axi_utils_v2_0_11.axi_slave_2to1 [\axi_slave_2to1(c_a_tdata_width=...]
Compiling architecture muxcy_v of entity unisim.MUXCY [muxcy_default]
Compiling architecture synth of entity xbip_pipe_v3_0_11.xbip_pipe_v3_0_11_viv [\xbip_pipe_v3_0_11_viv(c_has_ce=...]
Compiling architecture rtl of entity floating_point_v7_1_21.delay [\delay(width=7,length=0)\]
Compiling architecture struct of entity floating_point_v7_1_21.carry_chain [\carry_chain(c_xdevicefamily="ar...]
Compiling architecture synth of entity floating_point_v7_1_21.compare_eq_im [\compare_eq_im(c_xdevicefamily="...]
Compiling architecture xorcy_v of entity unisim.XORCY [xorcy_default]
Compiling architecture fdre_v of entity unisim.FDRE [fdre_default]
Compiling architecture fde_v of entity unisim.FDE [fde_default]
Compiling architecture struct of entity floating_point_v7_1_21.carry_chain [\carry_chain(c_xdevicefamily="ar...]
Compiling architecture synth of entity xbip_pipe_v3_0_11.xbip_pipe_v3_0_11_viv [\xbip_pipe_v3_0_11_viv(c_has_ce=...]
Compiling architecture rtl of entity floating_point_v7_1_21.delay [\delay(length=0)\]
Compiling architecture synth of entity xbip_pipe_v3_0_11.xbip_pipe_v3_0_11_viv [\xbip_pipe_v3_0_11_viv(c_latency...]
Compiling architecture rtl of entity floating_point_v7_1_21.delay [\delay(width=24,length=2,fast_in...]
Compiling architecture synth of entity xbip_pipe_v3_0_11.xbip_pipe_v3_0_11_viv [\xbip_pipe_v3_0_11_viv(c_latency...]
Compiling architecture rtl of entity floating_point_v7_1_21.delay [\delay(width=16)\]
Compiling architecture synth of entity xbip_pipe_v3_0_11.xbip_pipe_v3_0_11_viv [\xbip_pipe_v3_0_11_viv(c_latency...]
Compiling architecture rtl of entity floating_point_v7_1_21.delay [delay_default]
Compiling architecture synth of entity xbip_pipe_v3_0_11.xbip_pipe_v3_0_11_viv [\xbip_pipe_v3_0_11_viv(c_latency...]
Compiling architecture rtl of entity floating_point_v7_1_21.delay [\delay(length=2)\]
Compiling architecture dsp48e1_v of entity unisim.DSP48E1 [\DSP48E1(mask="11111111000000000...]
Compiling architecture synth of entity xbip_pipe_v3_0_11.xbip_pipe_v3_0_11_viv [\xbip_pipe_v3_0_11_viv(c_has_ce=...]
Compiling architecture rtl of entity floating_point_v7_1_21.delay [\delay(width=4,length=0)\]
Compiling architecture synth of entity xbip_pipe_v3_0_11.xbip_pipe_v3_0_11_viv [\xbip_pipe_v3_0_11_viv(c_has_ce=...]
Compiling architecture rtl of entity floating_point_v7_1_21.delay [\delay(width=48,length=0)\]
Compiling architecture synth of entity xbip_pipe_v3_0_11.xbip_pipe_v3_0_11_viv [\xbip_pipe_v3_0_11_viv(c_has_ce=...]
Compiling architecture rtl of entity floating_point_v7_1_21.delay [\delay(width=24,length=0)\]
Compiling architecture synth of entity xbip_pipe_v3_0_11.xbip_pipe_v3_0_11_viv [\xbip_pipe_v3_0_11_viv(c_has_ce=...]
Compiling architecture rtl of entity floating_point_v7_1_21.delay [\delay(width=16,length=0)\]
Compiling architecture rtl of entity floating_point_v7_1_21.dsp48e1_wrapper [\dsp48e1_wrapper(c_part="xc7a35t...]
Compiling architecture synth of entity xbip_pipe_v3_0_11.xbip_pipe_v3_0_11_viv [\xbip_pipe_v3_0_11_viv(c_latency...]
Compiling architecture rtl of entity floating_point_v7_1_21.delay [\delay(length=3)\]
Compiling architecture synth of entity xbip_pipe_v3_0_11.xbip_pipe_v3_0_11_viv [\xbip_pipe_v3_0_11_viv(c_has_ce=...]
Compiling architecture rtl of entity floating_point_v7_1_21.delay [\delay(width=13,length=0)\]
Compiling architecture synth of entity xbip_pipe_v3_0_11.xbip_pipe_v3_0_11_viv [\xbip_pipe_v3_0_11_viv(c_has_ce=...]
Compiling architecture rtl of entity floating_point_v7_1_21.delay [\delay(width=27,length=0)\]
Compiling architecture synth of entity floating_point_v7_1_21.align_add_dsp48e1_sgl [\align_add_dsp48e1_sgl(c_xdevice...]
Compiling architecture lut5_v of entity unisim.LUT5 [\LUT5(init="00000000000000001111...]
Compiling architecture lut5_v of entity unisim.LUT5 [\LUT5(init="00000000000000000000...]
Compiling architecture synth of entity xbip_pipe_v3_0_11.xbip_pipe_v3_0_11_viv [\xbip_pipe_v3_0_11_viv(c_latency...]
Compiling architecture rtl of entity floating_point_v7_1_21.delay [\delay(width=27)\]
Compiling architecture synth of entity xbip_pipe_v3_0_11.xbip_pipe_v3_0_11_viv [\xbip_pipe_v3_0_11_viv(c_latency...]
Compiling architecture rtl of entity floating_point_v7_1_21.delay [\delay(width=5)\]
Compiling architecture rtl of entity floating_point_v7_1_21.lead_zero_encode_shift [\lead_zero_encode_shift(ab_fw=24...]
Compiling architecture synth of entity xbip_pipe_v3_0_11.xbip_pipe_v3_0_11_viv [\xbip_pipe_v3_0_11_viv(c_latency...]
Compiling architecture rtl of entity floating_point_v7_1_21.delay [\delay(width=4)\]
Compiling architecture synth of entity xbip_pipe_v3_0_11.xbip_pipe_v3_0_11_viv [\xbip_pipe_v3_0_11_viv(c_latency...]
Compiling architecture rtl of entity floating_point_v7_1_21.delay [\delay(width=3)\]
Compiling architecture lut6_v of entity unisim.LUT6 [\LUT6(init="11111110010101001011...]
Compiling architecture lut5_v of entity unisim.LUT5 [\LUT5(init="00010001010111110000...]
Compiling architecture lut5_v of entity unisim.LUT5 [\LUT5(init="11101110101000001111...]
Compiling architecture synth of entity xbip_pipe_v3_0_11.xbip_pipe_v3_0_11_viv [\xbip_pipe_v3_0_11_viv(c_latency...]
Compiling architecture rtl of entity floating_point_v7_1_21.delay [\delay(width=2,length=2)\]
Compiling architecture dsp48e1_v of entity unisim.DSP48E1 [\DSP48E1(acascreg=2,adreg=0,areg...]
Compiling architecture synth of entity xbip_pipe_v3_0_11.xbip_pipe_v3_0_11_viv [\xbip_pipe_v3_0_11_viv(c_has_ce=...]
Compiling architecture rtl of entity floating_point_v7_1_21.delay [\delay(width=25,length=0)\]
Compiling architecture rtl of entity floating_point_v7_1_21.dsp48e1_wrapper [\dsp48e1_wrapper(a_width=24,c_wi...]
Compiling architecture rtl of entity floating_point_v7_1_21.norm_and_round_dsp48e1_sgl [\norm_and_round_dsp48e1_sgl(c_mu...]
Compiling architecture lut5_v of entity unisim.LUT5 [\LUT5(init="10011001100110011001...]
Compiling architecture lut5_v of entity unisim.LUT5 [\LUT5(init="11111111000000001111...]
Compiling architecture synth of entity xbip_pipe_v3_0_11.xbip_pipe_v3_0_11_viv [\xbip_pipe_v3_0_11_viv(c_has_ce=...]
Compiling architecture rtl of entity floating_point_v7_1_21.delay [\delay(width=9,length=0)\]
Compiling architecture struct of entity floating_point_v7_1_21.carry_chain [\carry_chain(c_xdevicefamily="ar...]
Compiling architecture synth of entity xbip_pipe_v3_0_11.xbip_pipe_v3_0_11_viv [\xbip_pipe_v3_0_11_viv(c_latency...]
Compiling architecture rtl of entity floating_point_v7_1_21.delay [\delay(width=9)\]
Compiling architecture synth of entity xbip_pipe_v3_0_11.xbip_pipe_v3_0_11_viv [\xbip_pipe_v3_0_11_viv(c_latency...]
Compiling architecture rtl of entity floating_point_v7_1_21.delay [\delay(width=9,length=5)\]
Compiling architecture synth of entity xbip_pipe_v3_0_11.xbip_pipe_v3_0_11_viv [\xbip_pipe_v3_0_11_viv(c_latency...]
Compiling architecture rtl of entity floating_point_v7_1_21.delay [\delay(width=10)\]
Compiling architecture synth of entity xbip_pipe_v3_0_11.xbip_pipe_v3_0_11_viv [\xbip_pipe_v3_0_11_viv(c_latency...]
Compiling architecture rtl of entity floating_point_v7_1_21.delay [\delay(width=4,fast_input=true)\]
Compiling architecture synth of entity xbip_pipe_v3_0_11.xbip_pipe_v3_0_11_viv [\xbip_pipe_v3_0_11_viv(c_has_ce=...]
Compiling architecture rtl of entity floating_point_v7_1_21.delay [\delay(width=8,length=0)\]
Compiling architecture struct of entity floating_point_v7_1_21.carry_chain [\carry_chain(c_xdevicefamily="ar...]
Compiling architecture synth of entity floating_point_v7_1_21.compare_eq_im [\compare_eq_im(c_xdevicefamily="...]
Compiling architecture synth of entity xbip_pipe_v3_0_11.xbip_pipe_v3_0_11_viv [\xbip_pipe_v3_0_11_viv(c_latency...]
Compiling architecture rtl of entity floating_point_v7_1_21.delay [\delay(fast_input=true)\]
Compiling architecture rtl of entity floating_point_v7_1_21.special_detect [\special_detect(c_xdevicefamily=...]
Compiling architecture struct of entity floating_point_v7_1_21.carry_chain [\carry_chain(c_xdevicefamily="ar...]
Compiling architecture synth of entity floating_point_v7_1_21.compare_gt [\compare_gt(c_xdevicefamily="art...]
Compiling architecture synth of entity floating_point_v7_1_21.compare [\compare(c_xdevicefamily="artix7...]
Compiling architecture synth of entity xbip_pipe_v3_0_11.xbip_pipe_v3_0_11_viv [\xbip_pipe_v3_0_11_viv(c_latency...]
Compiling architecture rtl of entity floating_point_v7_1_21.delay [\delay(width=8)\]
Compiling architecture synth of entity xbip_pipe_v3_0_11.xbip_pipe_v3_0_11_viv [\xbip_pipe_v3_0_11_viv(c_latency...]
Compiling architecture rtl of entity floating_point_v7_1_21.delay [\delay(width=2,length=8,fast_inp...]
Compiling architecture synth of entity xbip_pipe_v3_0_11.xbip_pipe_v3_0_11_viv [\xbip_pipe_v3_0_11_viv(c_latency...]
Compiling architecture rtl of entity floating_point_v7_1_21.delay [\delay(length=9,fast_input=true)...]
Compiling architecture synth of entity xbip_pipe_v3_0_11.xbip_pipe_v3_0_11_viv [\xbip_pipe_v3_0_11_viv(c_latency...]
Compiling architecture rtl of entity floating_point_v7_1_21.delay [\delay(length=8,fast_input=true)...]
Compiling architecture synth of entity xbip_pipe_v3_0_11.xbip_pipe_v3_0_11_viv [\xbip_pipe_v3_0_11_viv(c_latency...]
Compiling architecture rtl of entity floating_point_v7_1_21.delay [\delay(length=3,fast_input=true)...]
Compiling architecture synth of entity xbip_pipe_v3_0_11.xbip_pipe_v3_0_11_viv [\xbip_pipe_v3_0_11_viv(c_has_ce=...]
Compiling architecture rtl of entity floating_point_v7_1_21.delay [\delay(width=2,length=0,fast_inp...]
Compiling architecture synth of entity xbip_pipe_v3_0_11.xbip_pipe_v3_0_11_viv [\xbip_pipe_v3_0_11_viv(c_latency...]
Compiling architecture rtl of entity floating_point_v7_1_21.delay [\delay(width=12)\]
Compiling architecture rtl of entity floating_point_v7_1_21.flt_add_exp_sp [\flt_add_exp_sp(c_xdevicefamily=...]
Compiling architecture synth of entity xbip_pipe_v3_0_11.xbip_pipe_v3_0_11_viv [\xbip_pipe_v3_0_11_viv(c_latency...]
Compiling architecture rtl of entity floating_point_v7_1_21.delay [\delay(width=23)\]
Compiling architecture synth of entity floating_point_v7_1_21.flt_dec_op [\flt_dec_op(c_xdevicefamily="art...]
Compiling architecture rtl of entity floating_point_v7_1_21.flt_add_dsp [\flt_add_dsp(c_xdevicefamily="ar...]
Compiling architecture rtl of entity floating_point_v7_1_21.flt_add [\flt_add(c_xdevicefamily="artix7...]
Compiling architecture synth of entity xbip_pipe_v3_0_11.xbip_pipe_v3_0_11_viv [\xbip_pipe_v3_0_11_viv(c_latency...]
Compiling architecture synth of entity xbip_pipe_v3_0_11.xbip_pipe_v3_0_11_viv [\xbip_pipe_v3_0_11_viv(c_has_ce=...]
Compiling architecture rtl of entity floating_point_v7_1_21.delay [\delay(width=32,length=0)\]
Compiling architecture xilinx of entity floating_point_v7_1_21.floating_point_v7_1_21_viv [\floating_point_v7_1_21_viv(c_xd...]
Compiling architecture xilinx of entity floating_point_v7_1_21.floating_point_v7_1_21 [\floating_point_v7_1_21(c_xdevic...]
Compiling architecture fpu_add_arch of entity xil_defaultlib.fpu_add [fpu_add_default]
Compiling architecture rtl of entity floating_point_v7_1_21.flt_add [\flt_add(c_xdevicefamily="artix7...]
Compiling architecture xilinx of entity floating_point_v7_1_21.floating_point_v7_1_21_viv [\floating_point_v7_1_21_viv(c_xd...]
Compiling architecture xilinx of entity floating_point_v7_1_21.floating_point_v7_1_21 [\floating_point_v7_1_21(c_xdevic...]
Compiling architecture fpu_sub_arch of entity xil_defaultlib.fpu_sub [fpu_sub_default]
Compiling architecture synth of entity xbip_pipe_v3_0_11.xbip_pipe_v3_0_11_viv [\xbip_pipe_v3_0_11_viv(c_latency...]
Compiling architecture rtl of entity floating_point_v7_1_21.delay [\delay(width=26,fast_input=true)...]
Compiling architecture synth of entity xbip_pipe_v3_0_11.xbip_pipe_v3_0_11_viv [\xbip_pipe_v3_0_11_viv(c_latency...]
Compiling architecture rtl of entity floating_point_v7_1_21.delay [\delay(width=2,fast_input=true)\]
Compiling architecture xilinx of entity mult_gen_v12_0_24.delay_line [\delay_line(c_xdevicefamily="art...]
Compiling architecture xilinx of entity mult_gen_v12_0_24.delay_line [\delay_line(c_xdevicefamily="art...]
Compiling architecture xilinx of entity mult_gen_v12_0_24.delay_line [\delay_line(c_xdevicefamily="art...]
Compiling architecture xilinx of entity mult_gen_v12_0_24.delay_line [\delay_line(c_xdevicefamily="art...]
Compiling architecture dsp48e1_v of entity unisim.DSP48E1 [\DSP48E1(alumodereg=0,carryinreg...]
Compiling architecture xilinx of entity mult_gen_v12_0_24.delay_line [\delay_line(c_xdevicefamily="art...]
Compiling architecture dsp48e1_v of entity unisim.DSP48E1 [\DSP48E1(a_input="CASCADE",bcasc...]
Compiling architecture xilinx of entity mult_gen_v12_0_24.delay_line [\delay_line(c_xdevicefamily="art...]
Compiling architecture xilinx of entity mult_gen_v12_0_24.delay_line [\delay_line(c_xdevicefamily="art...]
Compiling architecture xilinx of entity mult_gen_v12_0_24.op_resize [\op_resize(ai_width=24,bi_width=...]
Compiling architecture xilinx of entity mult_gen_v12_0_24.dsp [\dsp(c_xdevicefamily="artix7",c_...]
Compiling architecture xilinx of entity mult_gen_v12_0_24.mult_gen_v12_0_24_viv [\mult_gen_v12_0_24_viv(c_verbosi...]
Compiling architecture rtl of entity floating_point_v7_1_21.fix_mult_xx [\fix_mult_xx(c_xdevicefamily="ar...]
Compiling architecture rtl of entity floating_point_v7_1_21.fix_mult [\fix_mult(c_xdevicefamily="artix...]
Compiling architecture synth of entity xbip_pipe_v3_0_11.xbip_pipe_v3_0_11_viv [\xbip_pipe_v3_0_11_viv(c_latency...]
Compiling architecture rtl of entity floating_point_v7_1_21.delay [\delay(width=7)\]
Compiling architecture synth of entity xbip_pipe_v3_0_11.xbip_pipe_v3_0_11_viv [\xbip_pipe_v3_0_11_viv(c_latency...]
Compiling architecture rtl of entity floating_point_v7_1_21.delay [\delay(width=8,fast_input=true)\]
Compiling architecture struct of entity floating_point_v7_1_21.carry_chain [\carry_chain(c_xdevicefamily="ar...]
Compiling architecture synth of entity xbip_pipe_v3_0_11.xbip_pipe_v3_0_11_viv [\xbip_pipe_v3_0_11_viv(c_latency...]
Compiling architecture rtl of entity floating_point_v7_1_21.delay [\delay(length=4)\]
Compiling architecture synth of entity xbip_pipe_v3_0_11.xbip_pipe_v3_0_11_viv [\xbip_pipe_v3_0_11_viv(c_latency...]
Compiling architecture rtl of entity floating_point_v7_1_21.delay [\delay(width=2,length=4,fast_inp...]
Compiling architecture synth of entity xbip_pipe_v3_0_11.xbip_pipe_v3_0_11_viv [\xbip_pipe_v3_0_11_viv(c_latency...]
Compiling architecture rtl of entity floating_point_v7_1_21.delay [\delay(length=4,fast_input=true)...]
Compiling architecture synth of entity xbip_pipe_v3_0_11.xbip_pipe_v3_0_11_viv [\xbip_pipe_v3_0_11_viv(c_latency...]
Compiling architecture rtl of entity floating_point_v7_1_21.delay [\delay(length=6,fast_input=true)...]
Compiling architecture synth of entity xbip_pipe_v3_0_11.xbip_pipe_v3_0_11_viv [\xbip_pipe_v3_0_11_viv(c_latency...]
Compiling architecture rtl of entity floating_point_v7_1_21.delay [\delay(width=4,length=4,fast_inp...]
Compiling architecture synth of entity xbip_pipe_v3_0_11.xbip_pipe_v3_0_11_viv [\xbip_pipe_v3_0_11_viv(c_latency...]
Compiling architecture rtl of entity floating_point_v7_1_21.delay [\delay(width=8,length=4)\]
Compiling architecture synth of entity xbip_pipe_v3_0_11.xbip_pipe_v3_0_11_viv [\xbip_pipe_v3_0_11_viv(c_latency...]
Compiling architecture rtl of entity floating_point_v7_1_21.delay [\delay(length=2,fast_input=true)...]
Compiling architecture synth of entity xbip_pipe_v3_0_11.xbip_pipe_v3_0_11_viv [\xbip_pipe_v3_0_11_viv(c_latency...]
Compiling architecture rtl of entity floating_point_v7_1_21.delay [\delay(width=3,fast_input=true)\]
Compiling architecture synth of entity xbip_pipe_v3_0_11.xbip_pipe_v3_0_11_viv [\xbip_pipe_v3_0_11_viv(c_latency...]
Compiling architecture rtl of entity floating_point_v7_1_21.delay [\delay(width=4,length=2,fast_inp...]
Compiling architecture synth of entity xbip_pipe_v3_0_11.xbip_pipe_v3_0_11_viv [\xbip_pipe_v3_0_11_viv(c_latency...]
Compiling architecture rtl of entity floating_point_v7_1_21.delay [\delay(width=14)\]
Compiling architecture rtl of entity floating_point_v7_1_21.flt_mult_exp [\flt_mult_exp(c_xdevicefamily="a...]
Compiling architecture synth of entity xbip_pipe_v3_0_11.xbip_pipe_v3_0_11_viv [\xbip_pipe_v3_0_11_viv(c_latency...]
Compiling architecture rtl of entity floating_point_v7_1_21.delay [\delay(width=8,length=2)\]
Compiling architecture synth of entity xbip_pipe_v3_0_11.xbip_pipe_v3_0_11_viv [\xbip_pipe_v3_0_11_viv(c_latency...]
Compiling architecture rtl of entity floating_point_v7_1_21.delay [\delay(width=11)\]
Compiling architecture synth of entity xbip_pipe_v3_0_11.xbip_pipe_v3_0_11_viv [\xbip_pipe_v3_0_11_viv(c_latency...]
Compiling architecture rtl of entity floating_point_v7_1_21.delay [\delay(width=12,length=2,fast_in...]
Compiling architecture struct of entity floating_point_v7_1_21.carry_chain [\carry_chain(c_xdevicefamily="ar...]
Compiling architecture synth of entity xbip_pipe_v3_0_11.xbip_pipe_v3_0_11_viv [\xbip_pipe_v3_0_11_viv(c_latency...]
Compiling architecture rtl of entity floating_point_v7_1_21.delay [\delay(width=12,fast_input=true)...]
Compiling architecture struct of entity floating_point_v7_1_21.carry_chain [\carry_chain(c_xdevicefamily="ar...]
Compiling architecture struct of entity floating_point_v7_1_21.carry_chain [\carry_chain(c_xdevicefamily="ar...]
Compiling architecture synth of entity xbip_pipe_v3_0_11.xbip_pipe_v3_0_11_viv [\xbip_pipe_v3_0_11_viv(c_has_ce=...]
Compiling architecture rtl of entity floating_point_v7_1_21.delay [\delay(width=14,length=0)\]
Compiling architecture synth of entity xbip_pipe_v3_0_11.xbip_pipe_v3_0_11_viv [\xbip_pipe_v3_0_11_viv(c_has_ce=...]
Compiling architecture rtl of entity floating_point_v7_1_21.delay [\delay(width=25,length=0,fast_in...]
Compiling architecture synth of entity xbip_pipe_v3_0_11.xbip_pipe_v3_0_11_viv [\xbip_pipe_v3_0_11_viv(c_has_ce=...]
Compiling architecture rtl of entity floating_point_v7_1_21.delay [\delay(width=3,length=0)\]
Compiling architecture synth of entity xbip_pipe_v3_0_11.xbip_pipe_v3_0_11_viv [\xbip_pipe_v3_0_11_viv(c_has_ce=...]
Compiling architecture rtl of entity floating_point_v7_1_21.delay [\delay(width=2,length=0)\]
Compiling architecture struct of entity floating_point_v7_1_21.carry_chain [\carry_chain(c_xdevicefamily="ar...]
Compiling architecture rtl of entity floating_point_v7_1_21.flt_round_bit [\flt_round_bit(c_xdevicefamily="...]
Compiling architecture rtl of entity floating_point_v7_1_21.renorm_and_round_logic [\renorm_and_round_logic(c_xdevic...]
Compiling architecture rtl of entity floating_point_v7_1_21.flt_mult_round [\flt_mult_round(c_xdevicefamily=...]
Compiling architecture synth of entity floating_point_v7_1_21.flt_dec_op_lat [\flt_dec_op_lat(c_xdevicefamily=...]
Compiling architecture rtl of entity floating_point_v7_1_21.flt_mult [\flt_mult(c_xdevicefamily="artix...]
Compiling architecture xilinx of entity floating_point_v7_1_21.floating_point_v7_1_21_viv [\floating_point_v7_1_21_viv(c_xd...]
Compiling architecture xilinx of entity floating_point_v7_1_21.floating_point_v7_1_21 [\floating_point_v7_1_21(c_xdevic...]
Compiling architecture fpu_mul_arch of entity xil_defaultlib.fpu_mul [fpu_mul_default]
Compiling architecture behavioral of entity xil_defaultlib.func [func_default]
Compiling architecture xilinx of entity axi_utils_v2_0_11.axi_slave_3to1 [\axi_slave_3to1(c_a_tdata_width=...]
Compiling architecture synth of entity xbip_pipe_v3_0_11.xbip_pipe_v3_0_11_viv [\xbip_pipe_v3_0_11_viv(c_latency...]
Compiling architecture rtl of entity floating_point_v7_1_21.delay [\delay(width=2,length=2,fast_inp...]
Compiling architecture synth of entity floating_point_v7_1_21.flt_fma_specialcase [\flt_fma_specialcase(c_xdevicefa...]
Compiling architecture dsp48e1_v of entity unisim.DSP48E1 [\DSP48E1(alumodereg=0,carryinreg...]
Compiling architecture dsp48e1_v of entity unisim.DSP48E1 [\DSP48E1(a_input="CASCADE",bcasc...]
Compiling architecture xilinx of entity mult_gen_v12_0_24.dsp [\dsp(c_xdevicefamily="artix7",c_...]
Compiling architecture xilinx of entity mult_gen_v12_0_24.mult_gen_v12_0_24_viv [\mult_gen_v12_0_24_viv(c_verbosi...]
Compiling architecture rtl of entity floating_point_v7_1_21.flt_fma_mul [\flt_fma_mul(c_xdevicefamily="ar...]
Compiling architecture synth of entity xbip_pipe_v3_0_11.xbip_pipe_v3_0_11_viv [\xbip_pipe_v3_0_11_viv(c_latency...]
Compiling architecture rtl of entity floating_point_v7_1_21.delay [\delay(width=9,fast_input=true)\]
Compiling architecture synth of entity xbip_pipe_v3_0_11.xbip_pipe_v3_0_11_viv [\xbip_pipe_v3_0_11_viv(c_latency...]
Compiling architecture rtl of entity floating_point_v7_1_21.delay [\delay(width=9,length=3,fast_inp...]
Compiling architecture synth of entity xbip_pipe_v3_0_11.xbip_pipe_v3_0_11_viv [\xbip_pipe_v3_0_11_viv(c_latency...]
Compiling architecture rtl of entity floating_point_v7_1_21.delay [\delay(width=32,length=4)\]
Compiling architecture synth of entity xbip_pipe_v3_0_11.xbip_pipe_v3_0_11_viv [\xbip_pipe_v3_0_11_viv(c_latency...]
Compiling architecture rtl of entity floating_point_v7_1_21.delay [\delay(width=47,fast_input=true)...]
Compiling architecture synth of entity xbip_pipe_v3_0_11.xbip_pipe_v3_0_11_viv [\xbip_pipe_v3_0_11_viv(c_latency...]
Compiling architecture rtl of entity floating_point_v7_1_21.delay [\delay(width=47)\]
Compiling architecture synth of entity xbip_pipe_v3_0_11.xbip_pipe_v3_0_11_viv [\xbip_pipe_v3_0_11_viv(c_latency...]
Compiling architecture rtl of entity floating_point_v7_1_21.delay [\delay(width=2)\]
Compiling architecture muxf7_v of entity unisim.MUXF7 [muxf7_default]
Compiling architecture muxf8_v of entity unisim.MUXF8 [muxf8_default]
Compiling architecture struct of entity floating_point_v7_1_21.carry_chain [\carry_chain(c_xdevicefamily="ar...]
Compiling architecture synth of entity floating_point_v7_1_21.compare_eq_im [\compare_eq_im(c_xdevicefamily="...]
Compiling architecture rtl of entity floating_point_v7_1_21.zero_det_sel [\zero_det_sel(c_xdevicefamily="a...]
Compiling architecture struct of entity floating_point_v7_1_21.carry_chain [\carry_chain(c_xdevicefamily="ar...]
Compiling architecture synth of entity xbip_pipe_v3_0_11.xbip_pipe_v3_0_11_viv [\xbip_pipe_v3_0_11_viv(c_has_ce=...]
Compiling architecture rtl of entity floating_point_v7_1_21.delay [\delay(width=5,length=0)\]
Compiling architecture struct of entity floating_point_v7_1_21.carry_chain [\carry_chain(c_xdevicefamily="ar...]
Compiling architecture synth of entity floating_point_v7_1_21.compare_ge [\compare_ge(c_xdevicefamily="art...]
Compiling architecture synth of entity xbip_pipe_v3_0_11.xbip_pipe_v3_0_11_viv [\xbip_pipe_v3_0_11_viv(c_latency...]
Compiling architecture rtl of entity floating_point_v7_1_21.delay [\delay(width=50)\]
Compiling architecture rtl of entity floating_point_v7_1_21.shift_msb_first [\shift_msb_first(a_width=49,resu...]
Compiling architecture synth of entity xbip_pipe_v3_0_11.xbip_pipe_v3_0_11_viv [\xbip_pipe_v3_0_11_viv(c_has_ce=...]
Compiling architecture rtl of entity floating_point_v7_1_21.delay [\delay(width=50,length=0)\]
Compiling architecture rtl of entity floating_point_v7_1_21.flt_fma_alignment [\flt_fma_alignment(c_xdevicefami...]
Compiling architecture synth of entity xbip_pipe_v3_0_11.xbip_pipe_v3_0_11_viv [\xbip_pipe_v3_0_11_viv(c_latency...]
Compiling architecture rtl of entity floating_point_v7_1_21.delay [\delay(width=49)\]
Compiling architecture synth of entity xbip_pipe_v3_0_11.xbip_pipe_v3_0_11_viv [\xbip_pipe_v3_0_11_viv(c_latency...]
Compiling architecture rtl of entity floating_point_v7_1_21.delay [\delay(width=24)\]
Compiling architecture synth of entity xbip_pipe_v3_0_11.xbip_pipe_v3_0_11_viv [\xbip_pipe_v3_0_11_viv(c_latency...]
Compiling architecture rtl of entity floating_point_v7_1_21.delay [\delay(width=25,length=2)\]
Compiling architecture struct of entity floating_point_v7_1_21.carry_chain [\carry_chain(c_xdevicefamily="ar...]
Compiling architecture synth of entity xbip_pipe_v3_0_11.xbip_pipe_v3_0_11_viv [\xbip_pipe_v3_0_11_viv(c_has_ce=...]
Compiling architecture rtl of entity floating_point_v7_1_21.delay [\delay(width=26,length=0)\]
Compiling architecture struct of entity floating_point_v7_1_21.carry_chain [\carry_chain(c_xdevicefamily="ar...]
Compiling architecture synth of entity xbip_pipe_v3_0_11.xbip_pipe_v3_0_11_viv [\xbip_pipe_v3_0_11_viv(c_latency...]
Compiling architecture rtl of entity floating_point_v7_1_21.delay [\delay(width=23,length=3)\]
Compiling architecture synth of entity xbip_pipe_v3_0_11.xbip_pipe_v3_0_11_viv [\xbip_pipe_v3_0_11_viv(c_latency...]
Compiling architecture rtl of entity floating_point_v7_1_21.delay [\delay(width=25,length=4)\]
Compiling architecture synth of entity xbip_pipe_v3_0_11.xbip_pipe_v3_0_11_viv [\xbip_pipe_v3_0_11_viv(c_latency...]
Compiling architecture rtl of entity floating_point_v7_1_21.delay [\delay(width=25)\]
Compiling architecture rtl of entity floating_point_v7_1_21.addsub_logic [\addsub_logic(c_xdevicefamily="a...]
Compiling architecture rtl of entity floating_point_v7_1_21.flt_fma_addsub [\flt_fma_addsub(c_xdevicefamily=...]
Compiling architecture rtl of entity floating_point_v7_1_21.flt_fma_align_add [\flt_fma_align_add(c_xdevicefami...]
Compiling architecture synth of entity xbip_pipe_v3_0_11.xbip_pipe_v3_0_11_viv [\xbip_pipe_v3_0_11_viv(c_has_ce=...]
Compiling architecture rtl of entity floating_point_v7_1_21.delay [\delay(width=5,length=0,fast_inp...]
Compiling architecture struct of entity floating_point_v7_1_21.carry_chain [\carry_chain(c_xdevicefamily="ar...]
Compiling architecture rtl of entity floating_point_v7_1_21.mux4 [\mux4(c_xdevicefamily="artix7",w...]
Compiling architecture rtl of entity floating_point_v7_1_21.mux4 [\mux4(c_xdevicefamily="artix7",w...]
Compiling architecture rtl of entity floating_point_v7_1_21.mux4 [\mux4(c_xdevicefamily="artix7",w...]
Compiling architecture rtl of entity floating_point_v7_1_21.mux4 [\mux4(c_xdevicefamily="artix7",w...]
Compiling architecture synth of entity xbip_pipe_v3_0_11.xbip_pipe_v3_0_11_viv [\xbip_pipe_v3_0_11_viv(c_has_ce=...]
Compiling architecture rtl of entity floating_point_v7_1_21.delay [\delay(width=8,length=0,fast_inp...]
Compiling architecture struct of entity floating_point_v7_1_21.carry_chain [\carry_chain(c_xdevicefamily="ar...]
Compiling architecture rtl of entity floating_point_v7_1_21.lead_zero_encode [\lead_zero_encode(c_xdevicefamil...]
Compiling architecture synth of entity xbip_pipe_v3_0_11.xbip_pipe_v3_0_11_viv [\xbip_pipe_v3_0_11_viv(c_latency...]
Compiling architecture rtl of entity floating_point_v7_1_21.delay [\delay(width=51)\]
Compiling architecture rtl of entity floating_point_v7_1_21.shift_msb_first [\shift_msb_first(a_width=51,resu...]
Compiling architecture synth of entity xbip_pipe_v3_0_11.xbip_pipe_v3_0_11_viv [\xbip_pipe_v3_0_11_viv(c_latency...]
Compiling architecture rtl of entity floating_point_v7_1_21.delay [\delay(width=12,length=2)\]
Compiling architecture struct of entity floating_point_v7_1_21.carry_chain [\carry_chain(c_xdevicefamily="ar...]
Compiling architecture struct of entity floating_point_v7_1_21.carry_chain [\carry_chain(c_xdevicefamily="ar...]
Compiling architecture struct of entity floating_point_v7_1_21.carry_chain [\carry_chain(c_xdevicefamily="ar...]
Compiling architecture synth of entity floating_point_v7_1_21.compare_ne_im [\compare_ne_im(c_xdevicefamily="...]
Compiling architecture rtl of entity floating_point_v7_1_21.flt_fma_round_bit [\flt_fma_round_bit(c_xdevicefami...]
Compiling architecture rtl of entity floating_point_v7_1_21.flt_fma_renorm_and_round_logic [\flt_fma_renorm_and_round_logic(...]
Compiling architecture rtl of entity floating_point_v7_1_21.flt_fma_norm_logic [\flt_fma_norm_logic(c_xdevicefam...]
Compiling architecture synth of entity xbip_pipe_v3_0_11.xbip_pipe_v3_0_11_viv [\xbip_pipe_v3_0_11_viv(c_latency...]
Compiling architecture rtl of entity floating_point_v7_1_21.delay [\delay(length=7)\]
Compiling architecture synth of entity xbip_pipe_v3_0_11.xbip_pipe_v3_0_11_viv [\xbip_pipe_v3_0_11_viv(c_has_ce=...]
Compiling architecture rtl of entity floating_point_v7_1_21.delay [\delay(width=10,length=0)\]
Compiling architecture struct of entity floating_point_v7_1_21.carry_chain [\carry_chain(c_xdevicefamily="ar...]
Compiling architecture synth of entity xbip_pipe_v3_0_11.xbip_pipe_v3_0_11_viv [\xbip_pipe_v3_0_11_viv(c_latency...]
Compiling architecture rtl of entity floating_point_v7_1_21.delay [\delay(width=10,length=7)\]
Compiling architecture synth of entity xbip_pipe_v3_0_11.xbip_pipe_v3_0_11_viv [\xbip_pipe_v3_0_11_viv(c_latency...]
Compiling architecture rtl of entity floating_point_v7_1_21.delay [\delay(width=2,length=3)\]
Compiling architecture struct of entity floating_point_v7_1_21.carry_chain [\carry_chain(c_xdevicefamily="ki...]
Compiling architecture synth of entity floating_point_v7_1_21.compare_eq_im [\compare_eq_im(c_xdevicefamily="...]
Compiling architecture rtl of entity floating_point_v7_1_21.special_detect [\special_detect(a_w=57,a_fw=48)(...]
Compiling architecture synth of entity xbip_pipe_v3_0_11.xbip_pipe_v3_0_11_viv [\xbip_pipe_v3_0_11_viv(c_has_ce=...]
Compiling architecture rtl of entity floating_point_v7_1_21.delay [\delay(width=4,length=0,fast_inp...]
Compiling architecture synth of entity xbip_pipe_v3_0_11.xbip_pipe_v3_0_11_viv [\xbip_pipe_v3_0_11_viv(c_has_ce=...]
Compiling architecture rtl of entity floating_point_v7_1_21.delay [\delay(length=0,fast_input=true)...]
Compiling architecture rtl of entity floating_point_v7_1_21.flt_to_flt_conv_exp [\flt_to_flt_conv_exp(a_w=57,a_ew...]
Compiling architecture synth of entity xbip_pipe_v3_0_11.xbip_pipe_v3_0_11_viv [\xbip_pipe_v3_0_11_viv(c_has_ce=...]
Compiling architecture rtl of entity floating_point_v7_1_21.delay [\delay(width=29,length=0)\]
Compiling architecture struct of entity floating_point_v7_1_21.carry_chain [\carry_chain(c_xdevicefamily="ar...]
Compiling architecture synth of entity floating_point_v7_1_21.compare_gt [\compare_gt(c_xdevicefamily="art...]
Compiling architecture synth of entity floating_point_v7_1_21.compare [\compare(c_xdevicefamily="artix7...]
Compiling architecture synth of entity xbip_pipe_v3_0_11.xbip_pipe_v3_0_11_viv [\xbip_pipe_v3_0_11_viv(c_latency...]
Compiling architecture rtl of entity floating_point_v7_1_21.delay [\delay(width=10,fast_input=true)...]
Compiling architecture struct of entity floating_point_v7_1_21.carry_chain [\carry_chain(c_xdevicefamily="ar...]
Compiling architecture rtl of entity floating_point_v7_1_21.flt_fma_add_exp [\flt_fma_add_exp(c_xdevicefamily...]
Compiling architecture synth of entity floating_point_v7_1_21.flt_dec_op [\flt_dec_op(c_xdevicefamily="art...]
Compiling architecture rtl of entity floating_point_v7_1_21.flt_fma_add_logic [\flt_fma_add_logic(c_xdevicefami...]
Compiling architecture rtl of entity floating_point_v7_1_21.flt_fma_add [\flt_fma_add(c_xdevicefamily="ar...]
Compiling architecture rtl of entity floating_point_v7_1_21.flt_fma [\flt_fma(c_xdevicefamily="artix7...]
Compiling architecture synth of entity xbip_pipe_v3_0_11.xbip_pipe_v3_0_11_viv [\xbip_pipe_v3_0_11_viv(c_latency...]
Compiling architecture xilinx of entity floating_point_v7_1_21.floating_point_v7_1_21_viv [\floating_point_v7_1_21_viv(c_xd...]
Compiling architecture xilinx of entity floating_point_v7_1_21.floating_point_v7_1_21 [\floating_point_v7_1_21(c_xdevic...]
Compiling architecture fpu_fused_arch of entity xil_defaultlib.fpu_fused [fpu_fused_default]
Compiling architecture behavioral of entity xil_defaultlib.k_block [k_block_default]
Compiling architecture behavioral of entity xil_defaultlib.RKMod1 [rkmod1_default]
Compiling architecture behavioral of entity xil_defaultlib.Top [top_default]
Compiling architecture behavioral of entity xil_defaultlib.top_tb
Built simulation snapshot Top_TB_behav
