Vivado Simulator v2025.2
Copyright 1986-2022 Xilinx, Inc. All Rights Reserved.
Copyright 2022-2025 Advanced Micro Devices, Inc. All Rights Reserved.
Running: C:/Xilinx/2025.2/Vivado/bin/unwrapped/win64.o/xelab.exe --incr --debug typical --relax --mt 2 -L xil_defaultlib -L unisims_ver -L secureip --snapshot Top_func_synth xil_defaultlib.Top xil_defaultlib.glbl -log elaborate.log 
Using 2 slave threads.
Starting static elaboration
Pass Through NonSizing Optimizer
Completed static elaboration
Starting simulation data flow analysis
Completed simulation data flow analysis
Time Resolution for simulation is 1ps
Compiling module unisims_ver.OBUF
Compiling module unisims_ver.BUFG
Compiling module unisims_ver.IBUF
Compiling module unisims_ver.FDRE_default
Compiling module unisims_ver.LUT4
Compiling module unisims_ver.LUT6
Compiling module xil_defaultlib.Mem
Compiling module unisims_ver.LUT5
Compiling module unisims_ver.x_lut3_mux8
Compiling module unisims_ver.LUT3
Compiling module unisims_ver.latchsre_ldce
Compiling module unisims_ver.LDCE
Compiling module unisims_ver.x_lut2_mux4
Compiling module unisims_ver.LUT2
Compiling module xil_defaultlib.\reg 
Compiling module unisims_ver.CARRY4
Compiling module unisims_ver.x_lut1_mux2
Compiling module unisims_ver.LUT1
Compiling module unisims_ver.LDCP
Compiling module unisims_ver.latchsre_ldpe
Compiling module unisims_ver.LDPE
Compiling module xil_defaultlib.Control
Compiling module unisims_ver.GND
Compiling module unisims_ver.DSP48E1(MASK=48'b111111110000000...
Compiling module unisims_ver.VCC
Compiling module unisims_ver.SRL16E_default
Compiling module unisims_ver.DSP48E1(ACASCREG=2,ADREG=0,AREG=...
Compiling module xil_defaultlib.fpu_add__4
Compiling module xil_defaultlib.fpu_sub__4
Compiling module unisims_ver.DSP48E1(ALUMODEREG=0,CARRYINREG=...
Compiling module unisims_ver.DSP48E1(A_INPUT="CASCADE",BCASCR...
Compiling module xil_defaultlib.fpu_mul__4
Compiling module xil_defaultlib.func__xdcDup__1
Compiling module xil_defaultlib.fpu_add__6
Compiling module xil_defaultlib.fpu_sub__5
Compiling module xil_defaultlib.fpu_mul__5
Compiling module xil_defaultlib.func__xdcDup__2
Compiling module xil_defaultlib.fpu_add__7
Compiling module xil_defaultlib.fpu_sub__6
Compiling module xil_defaultlib.fpu_mul__6
Compiling module xil_defaultlib.func__xdcDup__3
Compiling module xil_defaultlib.fpu_add__9
Compiling module xil_defaultlib.fpu_sub
Compiling module xil_defaultlib.fpu_mul__7
Compiling module xil_defaultlib.func
Compiling module xil_defaultlib.fpu_add__5
Compiling module unisims_ver.MUXF7
Compiling module unisims_ver.MUXF8
Compiling module unisims_ver.DSP48E1(ALUMODEREG=0,CARRYINREG=...
Compiling module unisims_ver.DSP48E1(A_INPUT="CASCADE",BCASCR...
Compiling module xil_defaultlib.fpu_fused__1
Compiling module xil_defaultlib.fpu_fused__2
Compiling module xil_defaultlib.fpu_add__8
Compiling module xil_defaultlib.fpu_fused__3
Compiling module xil_defaultlib.k_block
Compiling module xil_defaultlib.fpu_mul__8
Compiling module xil_defaultlib.fpu_mul
Compiling module xil_defaultlib.fpu_add__10
Compiling module xil_defaultlib.fpu_add__11
Compiling module xil_defaultlib.fpu_add__12
Compiling module xil_defaultlib.fpu_fused
Compiling module xil_defaultlib.fpu_add
Compiling module xil_defaultlib.RKMod1
Compiling module xil_defaultlib.Top
Compiling module xil_defaultlib.glbl
Built simulation snapshot Top_func_synth
